{"E:\\AI-Powered-Virtual-Assistant\\backend\\gemini.js": {"path":"E:\\AI-Powered-Virtual-Assistant\\backend\\gemini.js","statementMap":{"0":{"start":{"line":2,"column":21},"end":{"line":128,"column":1}},"1":{"start":{"line":3,"column":0},"end":{"line":127,"column":1}},"2":{"start":{"line":4,"column":17},"end":{"line":4,"column":43}},"3":{"start":{"line":7,"column":27},"end":{"line":8,"column":165}},"4":{"start":{"line":10,"column":19},"end":{"line":113,"column":1}},"5":{"start":{"line":119,"column":17},"end":{"line":123,"column":6}},"6":{"start":{"line":124,"column":0},"end":{"line":124,"column":54}},"7":{"start":{"line":126,"column":4},"end":{"line":126,"column":22}}},"fnMap":{"0":{"name":"(anonymous_0)","decl":{"start":{"line":2,"column":21},"end":{"line":2,"column":22}},"loc":{"start":{"line":2,"column":84},"end":{"line":128,"column":1}},"line":2}},"branchMap":{"0":{"loc":{"start":{"line":2,"column":59},"end":{"line":2,"column":81}},"type":"default-arg","locations":[{"start":{"line":2,"column":79},"end":{"line":2,"column":81}}],"line":2},"1":{"loc":{"start":{"line":7,"column":27},"end":{"line":8,"column":165}},"type":"cond-expr","locations":[{"start":{"line":8,"column":6},"end":{"line":8,"column":160}},{"start":{"line":8,"column":163},"end":{"line":8,"column":165}}],"line":7}},"s":{"0":0,"1":0,"2":0,"3":0,"4":0,"5":0,"6":0,"7":0},"f":{"0":0},"b":{"0":[0],"1":[0,0]},"inputSourceMap":null}
,"E:\\AI-Powered-Virtual-Assistant\\backend\\index.js": {"path":"E:\\AI-Powered-Virtual-Assistant\\backend\\index.js","statementMap":{"0":{"start":{"line":33,"column":0},"end":{"line":33,"column":16}},"1":{"start":{"line":36,"column":0},"end":{"line":45,"column":3}},"2":{"start":{"line":48,"column":0},"end":{"line":48,"column":23}},"3":{"start":{"line":50,"column":12},"end":{"line":50,"column":21}},"4":{"start":{"line":51,"column":19},"end":{"line":51,"column":36}},"5":{"start":{"line":54,"column":11},"end":{"line":64,"column":2}},"6":{"start":{"line":67,"column":23},"end":{"line":71,"column":1}},"7":{"start":{"line":74,"column":0},"end":{"line":85,"column":4}},"8":{"start":{"line":88,"column":16},"end":{"line":94,"column":2}},"9":{"start":{"line":97,"column":0},"end":{"line":97,"column":26}},"10":{"start":{"line":100,"column":20},"end":{"line":112,"column":1}},"11":{"start":{"line":102,"column":4},"end":{"line":106,"column":5}},"12":{"start":{"line":103,"column":6},"end":{"line":103,"column":27}},"13":{"start":{"line":105,"column":6},"end":{"line":105,"column":49}},"14":{"start":{"line":114,"column":0},"end":{"line":114,"column":27}},"15":{"start":{"line":117,"column":0},"end":{"line":117,"column":36}},"16":{"start":{"line":120,"column":0},"end":{"line":120,"column":20}},"17":{"start":{"line":123,"column":0},"end":{"line":123,"column":41}},"18":{"start":{"line":124,"column":0},"end":{"line":124,"column":63}},"19":{"start":{"line":125,"column":0},"end":{"line":125,"column":24}},"20":{"start":{"line":128,"column":0},"end":{"line":134,"column":3}},"21":{"start":{"line":129,"column":2},"end":{"line":133,"column":5}},"22":{"start":{"line":136,"column":0},"end":{"line":138,"column":3}},"23":{"start":{"line":137,"column":2},"end":{"line":137,"column":46}},"24":{"start":{"line":141,"column":0},"end":{"line":143,"column":3}},"25":{"start":{"line":142,"column":2},"end":{"line":142,"column":65}},"26":{"start":{"line":146,"column":0},"end":{"line":158,"column":3}},"27":{"start":{"line":147,"column":2},"end":{"line":157,"column":3}},"28":{"start":{"line":148,"column":49},"end":{"line":148,"column":57}},"29":{"start":{"line":149,"column":21},"end":{"line":149,"column":75}},"30":{"start":{"line":150,"column":4},"end":{"line":150,"column":50}},"31":{"start":{"line":152,"column":4},"end":{"line":152,"column":46}},"32":{"start":{"line":153,"column":4},"end":{"line":156,"column":7}},"33":{"start":{"line":162,"column":0},"end":{"line":162,"column":33}},"34":{"start":{"line":163,"column":0},"end":{"line":163,"column":33}},"35":{"start":{"line":164,"column":0},"end":{"line":164,"column":37}},"36":{"start":{"line":165,"column":0},"end":{"line":165,"column":41}},"37":{"start":{"line":166,"column":0},"end":{"line":166,"column":35}},"38":{"start":{"line":167,"column":0},"end":{"line":167,"column":41}},"39":{"start":{"line":168,"column":0},"end":{"line":168,"column":35}},"40":{"start":{"line":169,"column":0},"end":{"line":169,"column":39}},"41":{"start":{"line":170,"column":0},"end":{"line":170,"column":33}},"42":{"start":{"line":171,"column":0},"end":{"line":171,"column":43}},"43":{"start":{"line":172,"column":0},"end":{"line":172,"column":37}},"44":{"start":{"line":173,"column":0},"end":{"line":173,"column":35}},"45":{"start":{"line":174,"column":0},"end":{"line":174,"column":43}},"46":{"start":{"line":175,"column":0},"end":{"line":175,"column":39}},"47":{"start":{"line":178,"column":0},"end":{"line":178,"column":25}},"48":{"start":{"line":181,"column":0},"end":{"line":181,"column":22}},"49":{"start":{"line":184,"column":0},"end":{"line":235,"column":3}},"50":{"start":{"line":185,"column":2},"end":{"line":185,"column":69}},"51":{"start":{"line":188,"column":2},"end":{"line":213,"column":5}},"52":{"start":{"line":189,"column":4},"end":{"line":212,"column":5}},"53":{"start":{"line":190,"column":59},"end":{"line":190,"column":63}},"54":{"start":{"line":191,"column":6},"end":{"line":191,"column":86}},"55":{"start":{"line":194,"column":21},"end":{"line":194,"column":96}},"56":{"start":{"line":197,"column":6},"end":{"line":197,"column":63}},"57":{"start":{"line":200,"column":6},"end":{"line":200,"column":40}},"58":{"start":{"line":201,"column":6},"end":{"line":201,"column":82}},"59":{"start":{"line":203,"column":6},"end":{"line":207,"column":9}},"60":{"start":{"line":208,"column":6},"end":{"line":211,"column":9}},"61":{"start":{"line":216,"column":2},"end":{"line":230,"column":5}},"62":{"start":{"line":217,"column":4},"end":{"line":229,"column":5}},"63":{"start":{"line":218,"column":6},"end":{"line":218,"column":84}},"64":{"start":{"line":219,"column":6},"end":{"line":222,"column":9}},"65":{"start":{"line":224,"column":6},"end":{"line":227,"column":9}},"66":{"start":{"line":228,"column":6},"end":{"line":228,"column":55}},"67":{"start":{"line":232,"column":2},"end":{"line":234,"column":5}},"68":{"start":{"line":233,"column":4},"end":{"line":233,"column":74}},"69":{"start":{"line":239,"column":13},"end":{"line":239,"column":37}},"70":{"start":{"line":242,"column":0},"end":{"line":251,"column":1}},"71":{"start":{"line":243,"column":2},"end":{"line":250,"column":5}},"72":{"start":{"line":244,"column":4},"end":{"line":244,"column":16}},"73":{"start":{"line":245,"column":4},"end":{"line":249,"column":7}},"74":{"start":{"line":253,"column":0},"end":{"line":259,"column":3}},"75":{"start":{"line":254,"column":2},"end":{"line":254,"column":63}},"76":{"start":{"line":255,"column":2},"end":{"line":258,"column":5}},"77":{"start":{"line":256,"column":4},"end":{"line":256,"column":34}},"78":{"start":{"line":257,"column":4},"end":{"line":257,"column":20}}},"fnMap":{"0":{"name":"(anonymous_0)","decl":{"start":{"line":101,"column":10},"end":{"line":101,"column":11}},"loc":{"start":{"line":101,"column":38},"end":{"line":107,"column":3}},"line":101},"1":{"name":"(anonymous_1)","decl":{"start":{"line":128,"column":19},"end":{"line":128,"column":20}},"loc":{"start":{"line":128,"column":33},"end":{"line":134,"column":1}},"line":128},"2":{"name":"(anonymous_2)","decl":{"start":{"line":136,"column":13},"end":{"line":136,"column":14}},"loc":{"start":{"line":136,"column":27},"end":{"line":138,"column":1}},"line":136},"3":{"name":"(anonymous_3)","decl":{"start":{"line":141,"column":21},"end":{"line":141,"column":22}},"loc":{"start":{"line":141,"column":35},"end":{"line":143,"column":1}},"line":141},"4":{"name":"(anonymous_4)","decl":{"start":{"line":146,"column":24},"end":{"line":146,"column":25}},"loc":{"start":{"line":146,"column":44},"end":{"line":158,"column":1}},"line":146},"5":{"name":"(anonymous_5)","decl":{"start":{"line":184,"column":20},"end":{"line":184,"column":21}},"loc":{"start":{"line":184,"column":32},"end":{"line":235,"column":1}},"line":184},"6":{"name":"(anonymous_6)","decl":{"start":{"line":188,"column":27},"end":{"line":188,"column":28}},"loc":{"start":{"line":188,"column":43},"end":{"line":213,"column":3}},"line":188},"7":{"name":"(anonymous_7)","decl":{"start":{"line":216,"column":29},"end":{"line":216,"column":30}},"loc":{"start":{"line":216,"column":45},"end":{"line":230,"column":3}},"line":216},"8":{"name":"(anonymous_8)","decl":{"start":{"line":232,"column":26},"end":{"line":232,"column":27}},"loc":{"start":{"line":232,"column":32},"end":{"line":234,"column":3}},"line":232},"9":{"name":"(anonymous_9)","decl":{"start":{"line":243,"column":35},"end":{"line":243,"column":36}},"loc":{"start":{"line":243,"column":41},"end":{"line":250,"column":3}},"line":243},"10":{"name":"(anonymous_10)","decl":{"start":{"line":253,"column":22},"end":{"line":253,"column":23}},"loc":{"start":{"line":253,"column":28},"end":{"line":259,"column":1}},"line":253},"11":{"name":"(anonymous_11)","decl":{"start":{"line":255,"column":15},"end":{"line":255,"column":16}},"loc":{"start":{"line":255,"column":21},"end":{"line":258,"column":3}},"line":255}},"branchMap":{"0":{"loc":{"start":{"line":102,"column":4},"end":{"line":106,"column":5}},"type":"if","locations":[{"start":{"line":102,"column":4},"end":{"line":106,"column":5}},{"start":{"line":104,"column":11},"end":{"line":106,"column":5}}],"line":102},"1":{"loc":{"start":{"line":102,"column":8},"end":{"line":102,"column":50}},"type":"binary-expr","locations":[{"start":{"line":102,"column":8},"end":{"line":102,"column":15}},{"start":{"line":102,"column":19},"end":{"line":102,"column":50}}],"line":102},"2":{"loc":{"start":{"line":239,"column":13},"end":{"line":239,"column":37}},"type":"binary-expr","locations":[{"start":{"line":239,"column":13},"end":{"line":239,"column":29}},{"start":{"line":239,"column":33},"end":{"line":239,"column":37}}],"line":239},"3":{"loc":{"start":{"line":242,"column":0},"end":{"line":251,"column":1}},"type":"if","locations":[{"start":{"line":242,"column":0},"end":{"line":251,"column":1}},{"start":{},"end":{}}],"line":242}},"s":{"0":0,"1":0,"2":0,"3":0,"4":0,"5":0,"6":0,"7":0,"8":0,"9":0,"10":0,"11":0,"12":0,"13":0,"14":0,"15":0,"16":0,"17":0,"18":0,"19":0,"20":0,"21":0,"22":0,"23":0,"24":0,"25":0,"26":0,"27":0,"28":0,"29":0,"30":0,"31":0,"32":0,"33":0,"34":0,"35":0,"36":0,"37":0,"38":0,"39":0,"40":0,"41":0,"42":0,"43":0,"44":0,"45":0,"46":0,"47":0,"48":0,"49":0,"50":0,"51":0,"52":0,"53":0,"54":0,"55":0,"56":0,"57":0,"58":0,"59":0,"60":0,"61":0,"62":0,"63":0,"64":0,"65":0,"66":0,"67":0,"68":0,"69":0,"70":0,"71":0,"72":0,"73":0,"74":0,"75":0,"76":0,"77":0,"78":0},"f":{"0":0,"1":0,"2":0,"3":0,"4":0,"5":0,"6":0,"7":0,"8":0,"9":0,"10":0,"11":0},"b":{"0":[0,0],"1":[0,0],"2":[0,0],"3":[0,0]},"inputSourceMap":null}
,"E:\\AI-Powered-Virtual-Assistant\\backend\\config\\cloudinary.js": {"path":"E:\\AI-Powered-Virtual-Assistant\\backend\\config\\cloudinary.js","statementMap":{"0":{"start":{"line":3,"column":26},"end":{"line":19,"column":1}},"1":{"start":{"line":4,"column":5},"end":{"line":8,"column":7}},"2":{"start":{"line":10,"column":4},"end":{"line":18,"column":5}},"3":{"start":{"line":11,"column":29},"end":{"line":12,"column":24}},"4":{"start":{"line":13,"column":7},"end":{"line":13,"column":30}},"5":{"start":{"line":14,"column":7},"end":{"line":14,"column":37}},"6":{"start":{"line":16,"column":4},"end":{"line":16,"column":27}},"7":{"start":{"line":17,"column":4},"end":{"line":17,"column":40}}},"fnMap":{"0":{"name":"(anonymous_0)","decl":{"start":{"line":3,"column":26},"end":{"line":3,"column":27}},"loc":{"start":{"line":3,"column":44},"end":{"line":19,"column":1}},"line":3}},"branchMap":{},"s":{"0":0,"1":0,"2":0,"3":0,"4":0,"5":0,"6":0,"7":0},"f":{"0":0},"b":{},"inputSourceMap":null}
,"E:\\AI-Powered-Virtual-Assistant\\backend\\config\\db.js": {"path":"E:\\AI-Powered-Virtual-Assistant\\backend\\config\\db.js","statementMap":{"0":{"start":{"line":3,"column":18},"end":{"line":15,"column":1}},"1":{"start":{"line":4,"column":2},"end":{"line":14,"column":3}},"2":{"start":{"line":5,"column":17},"end":{"line":8,"column":6}},"3":{"start":{"line":10,"column":4},"end":{"line":10,"column":62}},"4":{"start":{"line":12,"column":4},"end":{"line":12,"column":45}},"5":{"start":{"line":13,"column":4},"end":{"line":13,"column":20}}},"fnMap":{"0":{"name":"(anonymous_0)","decl":{"start":{"line":3,"column":18},"end":{"line":3,"column":19}},"loc":{"start":{"line":3,"column":30},"end":{"line":15,"column":1}},"line":3}},"branchMap":{},"s":{"0":0,"1":0,"2":0,"3":0,"4":0,"5":0},"f":{"0":0},"b":{},"inputSourceMap":null}
,"E:\\AI-Powered-Virtual-Assistant\\backend\\config\\gemini.js": {"path":"E:\\AI-Powered-Virtual-Assistant\\backend\\config\\gemini.js","statementMap":{"0":{"start":{"line":3,"column":21},"end":{"line":11,"column":1}},"1":{"start":{"line":13,"column":27},"end":{"line":13,"column":53}}},"fnMap":{},"branchMap":{},"s":{"0":0,"1":0},"f":{},"b":{},"inputSourceMap":null}
,"E:\\AI-Powered-Virtual-Assistant\\backend\\config\\token.js": {"path":"E:\\AI-Powered-Virtual-Assistant\\backend\\config\\token.js","statementMap":{"0":{"start":{"line":3,"column":17},"end":{"line":25,"column":1}},"1":{"start":{"line":4,"column":4},"end":{"line":24,"column":5}},"2":{"start":{"line":5,"column":8},"end":{"line":7,"column":9}},"3":{"start":{"line":6,"column":12},"end":{"line":6,"column":69}},"4":{"start":{"line":9,"column":22},"end":{"line":18,"column":9}},"5":{"start":{"line":20,"column":8},"end":{"line":20,"column":21}},"6":{"start":{"line":22,"column":8},"end":{"line":22,"column":56}},"7":{"start":{"line":23,"column":8},"end":{"line":23,"column":67}}},"fnMap":{"0":{"name":"(anonymous_0)","decl":{"start":{"line":3,"column":17},"end":{"line":3,"column":18}},"loc":{"start":{"line":3,"column":35},"end":{"line":25,"column":1}},"line":3}},"branchMap":{"0":{"loc":{"start":{"line":5,"column":8},"end":{"line":7,"column":9}},"type":"if","locations":[{"start":{"line":5,"column":8},"end":{"line":7,"column":9}},{"start":{},"end":{}}],"line":5}},"s":{"0":0,"1":0,"2":0,"3":0,"4":0,"5":0,"6":0,"7":0},"f":{"0":0},"b":{"0":[0,0]},"inputSourceMap":null}
,"E:\\AI-Powered-Virtual-Assistant\\backend\\controllers\\ai.controller.js": {"path":"E:\\AI-Powered-Virtual-Assistant\\backend\\controllers\\ai.controller.js","statementMap":{"0":{"start":{"line":21,"column":4},"end":{"line":77,"column":6}},"1":{"start":{"line":84,"column":4},"end":{"line":138,"column":5}},"2":{"start":{"line":85,"column":6},"end":{"line":85,"column":73}},"3":{"start":{"line":88,"column":6},"end":{"line":88,"column":48}},"4":{"start":{"line":91,"column":6},"end":{"line":91,"column":68}},"5":{"start":{"line":94,"column":34},"end":{"line":94,"column":78}},"6":{"start":{"line":97,"column":27},"end":{"line":97,"column":102}},"7":{"start":{"line":101,"column":6},"end":{"line":114,"column":7}},"8":{"start":{"line":103,"column":26},"end":{"line":104,"column":58}},"9":{"start":{"line":105,"column":27},"end":{"line":105,"column":84}},"10":{"start":{"line":106,"column":8},"end":{"line":106,"column":44}},"11":{"start":{"line":108,"column":8},"end":{"line":108,"column":57}},"12":{"start":{"line":109,"column":8},"end":{"line":113,"column":10}},"13":{"start":{"line":117,"column":21},"end":{"line":117,"column":65}},"14":{"start":{"line":120,"column":6},"end":{"line":120,"column":105}},"15":{"start":{"line":123,"column":23},"end":{"line":123,"column":70}},"16":{"start":{"line":124,"column":6},"end":{"line":127,"column":7}},"17":{"start":{"line":125,"column":25},"end":{"line":125,"column":82}},"18":{"start":{"line":126,"column":8},"end":{"line":126,"column":66}},"19":{"start":{"line":129,"column":6},"end":{"line":129,"column":20}},"20":{"start":{"line":131,"column":6},"end":{"line":131,"column":53}},"21":{"start":{"line":132,"column":6},"end":{"line":137,"column":8}},"22":{"start":{"line":145,"column":21},"end":{"line":145,"column":25}},"23":{"start":{"line":146,"column":20},"end":{"line":146,"column":67}},"24":{"start":{"line":148,"column":4},"end":{"line":148,"column":67}},"25":{"start":{"line":150,"column":4},"end":{"line":150,"column":50}},"26":{"start":{"line":157,"column":4},"end":{"line":165,"column":5}},"27":{"start":{"line":158,"column":6},"end":{"line":162,"column":8}},"28":{"start":{"line":164,"column":6},"end":{"line":164,"column":50}},"29":{"start":{"line":171,"column":4},"end":{"line":175,"column":6}},"30":{"start":{"line":179,"column":18},"end":{"line":179,"column":52}},"31":{"start":{"line":180,"column":4},"end":{"line":185,"column":6}},"32":{"start":{"line":189,"column":18},"end":{"line":189,"column":52}},"33":{"start":{"line":190,"column":4},"end":{"line":195,"column":6}},"34":{"start":{"line":199,"column":18},"end":{"line":199,"column":52}},"35":{"start":{"line":200,"column":4},"end":{"line":205,"column":6}},"36":{"start":{"line":209,"column":16},"end":{"line":209,"column":26}},"37":{"start":{"line":210,"column":17},"end":{"line":214,"column":6}},"38":{"start":{"line":215,"column":4},"end":{"line":220,"column":6}},"39":{"start":{"line":224,"column":16},"end":{"line":224,"column":26}},"40":{"start":{"line":225,"column":17},"end":{"line":230,"column":6}},"41":{"start":{"line":231,"column":4},"end":{"line":236,"column":6}},"42":{"start":{"line":240,"column":16},"end":{"line":240,"column":26}},"43":{"start":{"line":241,"column":16},"end":{"line":241,"column":68}},"44":{"start":{"line":242,"column":4},"end":{"line":247,"column":6}},"45":{"start":{"line":251,"column":16},"end":{"line":251,"column":26}},"46":{"start":{"line":252,"column":18},"end":{"line":252,"column":68}},"47":{"start":{"line":253,"column":4},"end":{"line":258,"column":6}},"48":{"start":{"line":262,"column":4},"end":{"line":267,"column":6}},"49":{"start":{"line":271,"column":4},"end":{"line":276,"column":6}},"50":{"start":{"line":280,"column":4},"end":{"line":285,"column":6}},"51":{"start":{"line":289,"column":4},"end":{"line":317,"column":5}},"52":{"start":{"line":291,"column":19},"end":{"line":291,"column":50}},"53":{"start":{"line":293,"column":6},"end":{"line":309,"column":7}},"54":{"start":{"line":294,"column":24},"end":{"line":294,"column":68}},"55":{"start":{"line":295,"column":8},"end":{"line":300,"column":10}},"56":{"start":{"line":303,"column":8},"end":{"line":308,"column":10}},"57":{"start":{"line":311,"column":6},"end":{"line":311,"column":55}},"58":{"start":{"line":312,"column":6},"end":{"line":316,"column":8}},"59":{"start":{"line":322,"column":4},"end":{"line":330,"column":6}},"60":{"start":{"line":334,"column":4},"end":{"line":341,"column":6}},"61":{"start":{"line":345,"column":4},"end":{"line":353,"column":6}},"62":{"start":{"line":357,"column":4},"end":{"line":364,"column":6}},"63":{"start":{"line":368,"column":4},"end":{"line":401,"column":5}},"64":{"start":{"line":369,"column":27},"end":{"line":369,"column":31}},"65":{"start":{"line":371,"column":6},"end":{"line":386,"column":7}},"66":{"start":{"line":372,"column":23},"end":{"line":378,"column":10}},"67":{"start":{"line":380,"column":8},"end":{"line":385,"column":10}},"68":{"start":{"line":388,"column":6},"end":{"line":393,"column":8}},"69":{"start":{"line":395,"column":6},"end":{"line":395,"column":56}},"70":{"start":{"line":396,"column":6},"end":{"line":400,"column":8}},"71":{"start":{"line":405,"column":4},"end":{"line":411,"column":6}},"72":{"start":{"line":415,"column":4},"end":{"line":422,"column":6}},"73":{"start":{"line":426,"column":4},"end":{"line":433,"column":6}},"74":{"start":{"line":437,"column":4},"end":{"line":468,"column":5}},"75":{"start":{"line":438,"column":27},"end":{"line":438,"column":31}},"76":{"start":{"line":440,"column":6},"end":{"line":454,"column":7}},"77":{"start":{"line":441,"column":23},"end":{"line":446,"column":10}},"78":{"start":{"line":448,"column":8},"end":{"line":453,"column":10}},"79":{"start":{"line":456,"column":6},"end":{"line":460,"column":8}},"80":{"start":{"line":462,"column":6},"end":{"line":462,"column":52}},"81":{"start":{"line":463,"column":6},"end":{"line":467,"column":8}},"82":{"start":{"line":472,"column":4},"end":{"line":502,"column":5}},"83":{"start":{"line":473,"column":23},"end":{"line":473,"column":54}},"84":{"start":{"line":475,"column":6},"end":{"line":494,"column":7}},"85":{"start":{"line":476,"column":21},"end":{"line":478,"column":47}},"86":{"start":{"line":480,"column":8},"end":{"line":485,"column":10}},"87":{"start":{"line":488,"column":8},"end":{"line":493,"column":10}},"88":{"start":{"line":496,"column":6},"end":{"line":496,"column":52}},"89":{"start":{"line":497,"column":6},"end":{"line":501,"column":8}},"90":{"start":{"line":506,"column":4},"end":{"line":512,"column":6}},"91":{"start":{"line":516,"column":4},"end":{"line":523,"column":6}},"92":{"start":{"line":527,"column":4},"end":{"line":533,"column":6}},"93":{"start":{"line":537,"column":4},"end":{"line":543,"column":6}},"94":{"start":{"line":547,"column":4},"end":{"line":553,"column":6}},"95":{"start":{"line":558,"column":4},"end":{"line":566,"column":6}},"96":{"start":{"line":570,"column":4},"end":{"line":578,"column":6}},"97":{"start":{"line":582,"column":4},"end":{"line":590,"column":6}},"98":{"start":{"line":594,"column":4},"end":{"line":602,"column":6}},"99":{"start":{"line":609,"column":4},"end":{"line":645,"column":5}},"100":{"start":{"line":610,"column":20},"end":{"line":610,"column":62}},"101":{"start":{"line":612,"column":6},"end":{"line":618,"column":7}},"102":{"start":{"line":613,"column":8},"end":{"line":617,"column":10}},"103":{"start":{"line":620,"column":6},"end":{"line":620,"column":61}},"104":{"start":{"line":623,"column":21},"end":{"line":623,"column":60}},"105":{"start":{"line":625,"column":6},"end":{"line":637,"column":8}},"106":{"start":{"line":639,"column":6},"end":{"line":639,"column":49}},"107":{"start":{"line":640,"column":6},"end":{"line":644,"column":8}},"108":{"start":{"line":652,"column":4},"end":{"line":686,"column":5}},"109":{"start":{"line":653,"column":20},"end":{"line":653,"column":68}},"110":{"start":{"line":655,"column":6},"end":{"line":661,"column":7}},"111":{"start":{"line":656,"column":8},"end":{"line":660,"column":10}},"112":{"start":{"line":663,"column":6},"end":{"line":663,"column":58}},"113":{"start":{"line":665,"column":21},"end":{"line":665,"column":68}},"114":{"start":{"line":667,"column":6},"end":{"line":678,"column":8}},"115":{"start":{"line":680,"column":6},"end":{"line":680,"column":46}},"116":{"start":{"line":681,"column":6},"end":{"line":685,"column":8}},"117":{"start":{"line":693,"column":4},"end":{"line":727,"column":5}},"118":{"start":{"line":694,"column":20},"end":{"line":694,"column":65}},"119":{"start":{"line":696,"column":6},"end":{"line":702,"column":7}},"120":{"start":{"line":697,"column":8},"end":{"line":701,"column":10}},"121":{"start":{"line":704,"column":6},"end":{"line":704,"column":69}},"122":{"start":{"line":706,"column":21},"end":{"line":706,"column":62}},"123":{"start":{"line":708,"column":6},"end":{"line":719,"column":8}},"124":{"start":{"line":721,"column":6},"end":{"line":721,"column":52}},"125":{"start":{"line":722,"column":6},"end":{"line":726,"column":8}},"126":{"start":{"line":736,"column":4},"end":{"line":770,"column":5}},"127":{"start":{"line":737,"column":26},"end":{"line":737,"column":64}},"128":{"start":{"line":739,"column":6},"end":{"line":748,"column":7}},"129":{"start":{"line":740,"column":24},"end":{"line":740,"column":52}},"130":{"start":{"line":741,"column":8},"end":{"line":747,"column":10}},"131":{"start":{"line":750,"column":6},"end":{"line":750,"column":61}},"132":{"start":{"line":751,"column":21},"end":{"line":751,"column":76}},"133":{"start":{"line":753,"column":6},"end":{"line":759,"column":8}},"134":{"start":{"line":761,"column":6},"end":{"line":761,"column":48}},"135":{"start":{"line":762,"column":23},"end":{"line":762,"column":55}},"136":{"start":{"line":763,"column":6},"end":{"line":769,"column":8}},"137":{"start":{"line":777,"column":4},"end":{"line":817,"column":5}},"138":{"start":{"line":778,"column":26},"end":{"line":778,"column":64}},"139":{"start":{"line":780,"column":6},"end":{"line":789,"column":7}},"140":{"start":{"line":781,"column":24},"end":{"line":781,"column":52}},"141":{"start":{"line":782,"column":8},"end":{"line":788,"column":10}},"142":{"start":{"line":792,"column":27},"end":{"line":798,"column":7}},"143":{"start":{"line":800,"column":6},"end":{"line":800,"column":72}},"144":{"start":{"line":801,"column":21},"end":{"line":801,"column":81}},"145":{"start":{"line":803,"column":6},"end":{"line":809,"column":8}},"146":{"start":{"line":811,"column":6},"end":{"line":811,"column":55}},"147":{"start":{"line":812,"column":6},"end":{"line":816,"column":8}},"148":{"start":{"line":824,"column":4},"end":{"line":858,"column":5}},"149":{"start":{"line":825,"column":26},"end":{"line":825,"column":64}},"150":{"start":{"line":827,"column":6},"end":{"line":836,"column":7}},"151":{"start":{"line":828,"column":24},"end":{"line":828,"column":52}},"152":{"start":{"line":829,"column":8},"end":{"line":835,"column":10}},"153":{"start":{"line":838,"column":6},"end":{"line":838,"column":61}},"154":{"start":{"line":839,"column":21},"end":{"line":839,"column":70}},"155":{"start":{"line":841,"column":6},"end":{"line":847,"column":8}},"156":{"start":{"line":849,"column":6},"end":{"line":849,"column":54}},"157":{"start":{"line":850,"column":23},"end":{"line":850,"column":55}},"158":{"start":{"line":851,"column":6},"end":{"line":857,"column":8}},"159":{"start":{"line":865,"column":4},"end":{"line":899,"column":5}},"160":{"start":{"line":866,"column":26},"end":{"line":866,"column":61}},"161":{"start":{"line":868,"column":6},"end":{"line":877,"column":7}},"162":{"start":{"line":869,"column":24},"end":{"line":869,"column":49}},"163":{"start":{"line":870,"column":8},"end":{"line":876,"column":10}},"164":{"start":{"line":879,"column":6},"end":{"line":879,"column":56}},"165":{"start":{"line":880,"column":21},"end":{"line":880,"column":67}},"166":{"start":{"line":882,"column":6},"end":{"line":888,"column":8}},"167":{"start":{"line":890,"column":6},"end":{"line":890,"column":51}},"168":{"start":{"line":891,"column":23},"end":{"line":891,"column":52}},"169":{"start":{"line":892,"column":6},"end":{"line":898,"column":8}},"170":{"start":{"line":906,"column":4},"end":{"line":940,"column":5}},"171":{"start":{"line":907,"column":26},"end":{"line":907,"column":61}},"172":{"start":{"line":909,"column":6},"end":{"line":918,"column":7}},"173":{"start":{"line":910,"column":24},"end":{"line":910,"column":49}},"174":{"start":{"line":911,"column":8},"end":{"line":917,"column":10}},"175":{"start":{"line":920,"column":6},"end":{"line":920,"column":55}},"176":{"start":{"line":921,"column":21},"end":{"line":921,"column":71}},"177":{"start":{"line":923,"column":6},"end":{"line":929,"column":8}},"178":{"start":{"line":931,"column":6},"end":{"line":931,"column":50}},"179":{"start":{"line":932,"column":23},"end":{"line":932,"column":52}},"180":{"start":{"line":933,"column":6},"end":{"line":939,"column":8}},"181":{"start":{"line":947,"column":4},"end":{"line":994,"column":5}},"182":{"start":{"line":948,"column":26},"end":{"line":948,"column":61}},"183":{"start":{"line":950,"column":6},"end":{"line":959,"column":7}},"184":{"start":{"line":951,"column":24},"end":{"line":951,"column":49}},"185":{"start":{"line":952,"column":8},"end":{"line":958,"column":10}},"186":{"start":{"line":961,"column":24},"end":{"line":967,"column":7}},"187":{"start":{"line":969,"column":6},"end":{"line":975,"column":7}},"188":{"start":{"line":970,"column":8},"end":{"line":974,"column":10}},"189":{"start":{"line":977,"column":6},"end":{"line":977,"column":65}},"190":{"start":{"line":978,"column":21},"end":{"line":978,"column":73}},"191":{"start":{"line":980,"column":6},"end":{"line":986,"column":8}},"192":{"start":{"line":988,"column":6},"end":{"line":988,"column":50}},"193":{"start":{"line":989,"column":6},"end":{"line":993,"column":8}},"194":{"start":{"line":1001,"column":4},"end":{"line":1007,"column":6}},"195":{"start":{"line":1014,"column":4},"end":{"line":1021,"column":6}},"196":{"start":{"line":1028,"column":20},"end":{"line":1028,"column":62}},"197":{"start":{"line":1029,"column":4},"end":{"line":1036,"column":6}},"198":{"start":{"line":1043,"column":4},"end":{"line":1049,"column":6}},"199":{"start":{"line":1056,"column":4},"end":{"line":1062,"column":6}},"200":{"start":{"line":1069,"column":21},"end":{"line":1069,"column":70}},"201":{"start":{"line":1070,"column":4},"end":{"line":1077,"column":6}},"202":{"start":{"line":1084,"column":4},"end":{"line":1090,"column":6}},"203":{"start":{"line":1097,"column":21},"end":{"line":1097,"column":68}},"204":{"start":{"line":1098,"column":4},"end":{"line":1105,"column":6}},"205":{"start":{"line":1112,"column":21},"end":{"line":1112,"column":64}},"206":{"start":{"line":1113,"column":4},"end":{"line":1120,"column":6}},"207":{"start":{"line":1127,"column":20},"end":{"line":1127,"column":64}},"208":{"start":{"line":1128,"column":4},"end":{"line":1135,"column":6}},"209":{"start":{"line":1142,"column":4},"end":{"line":1148,"column":6}},"210":{"start":{"line":1155,"column":4},"end":{"line":1161,"column":6}},"211":{"start":{"line":1168,"column":4},"end":{"line":1174,"column":6}},"212":{"start":{"line":1179,"column":21},"end":{"line":1179,"column":39}}},"fnMap":{"0":{"name":"(anonymous_0)","decl":{"start":{"line":20,"column":2},"end":{"line":20,"column":3}},"loc":{"start":{"line":20,"column":16},"end":{"line":78,"column":3}},"line":20},"1":{"name":"(anonymous_1)","decl":{"start":{"line":83,"column":2},"end":{"line":83,"column":3}},"loc":{"start":{"line":83,"column":65},"end":{"line":139,"column":3}},"line":83},"2":{"name":"(anonymous_2)","decl":{"start":{"line":144,"column":2},"end":{"line":144,"column":3}},"loc":{"start":{"line":144,"column":36},"end":{"line":151,"column":3}},"line":144},"3":{"name":"(anonymous_3)","decl":{"start":{"line":156,"column":2},"end":{"line":156,"column":3}},"loc":{"start":{"line":156,"column":39},"end":{"line":166,"column":3}},"line":156},"4":{"name":"(anonymous_4)","decl":{"start":{"line":170,"column":2},"end":{"line":170,"column":3}},"loc":{"start":{"line":170,"column":22},"end":{"line":176,"column":3}},"line":170},"5":{"name":"(anonymous_5)","decl":{"start":{"line":178,"column":2},"end":{"line":178,"column":3}},"loc":{"start":{"line":178,"column":27},"end":{"line":186,"column":3}},"line":178},"6":{"name":"(anonymous_6)","decl":{"start":{"line":188,"column":2},"end":{"line":188,"column":3}},"loc":{"start":{"line":188,"column":28},"end":{"line":196,"column":3}},"line":188},"7":{"name":"(anonymous_7)","decl":{"start":{"line":198,"column":2},"end":{"line":198,"column":3}},"loc":{"start":{"line":198,"column":26},"end":{"line":206,"column":3}},"line":198},"8":{"name":"(anonymous_8)","decl":{"start":{"line":208,"column":2},"end":{"line":208,"column":3}},"loc":{"start":{"line":208,"column":22},"end":{"line":221,"column":3}},"line":208},"9":{"name":"(anonymous_9)","decl":{"start":{"line":223,"column":2},"end":{"line":223,"column":3}},"loc":{"start":{"line":223,"column":22},"end":{"line":237,"column":3}},"line":223},"10":{"name":"(anonymous_10)","decl":{"start":{"line":239,"column":2},"end":{"line":239,"column":3}},"loc":{"start":{"line":239,"column":21},"end":{"line":248,"column":3}},"line":239},"11":{"name":"(anonymous_11)","decl":{"start":{"line":250,"column":2},"end":{"line":250,"column":3}},"loc":{"start":{"line":250,"column":23},"end":{"line":259,"column":3}},"line":250},"12":{"name":"(anonymous_12)","decl":{"start":{"line":261,"column":2},"end":{"line":261,"column":3}},"loc":{"start":{"line":261,"column":25},"end":{"line":268,"column":3}},"line":261},"13":{"name":"(anonymous_13)","decl":{"start":{"line":270,"column":2},"end":{"line":270,"column":3}},"loc":{"start":{"line":270,"column":24},"end":{"line":277,"column":3}},"line":270},"14":{"name":"(anonymous_14)","decl":{"start":{"line":279,"column":2},"end":{"line":279,"column":3}},"loc":{"start":{"line":279,"column":23},"end":{"line":286,"column":3}},"line":279},"15":{"name":"(anonymous_15)","decl":{"start":{"line":288,"column":2},"end":{"line":288,"column":3}},"loc":{"start":{"line":288,"column":28},"end":{"line":318,"column":3}},"line":288},"16":{"name":"(anonymous_16)","decl":{"start":{"line":320,"column":2},"end":{"line":320,"column":3}},"loc":{"start":{"line":320,"column":30},"end":{"line":331,"column":3}},"line":320},"17":{"name":"(anonymous_17)","decl":{"start":{"line":333,"column":2},"end":{"line":333,"column":3}},"loc":{"start":{"line":333,"column":30},"end":{"line":342,"column":3}},"line":333},"18":{"name":"(anonymous_18)","decl":{"start":{"line":344,"column":2},"end":{"line":344,"column":3}},"loc":{"start":{"line":344,"column":24},"end":{"line":354,"column":3}},"line":344},"19":{"name":"(anonymous_19)","decl":{"start":{"line":356,"column":2},"end":{"line":356,"column":3}},"loc":{"start":{"line":356,"column":23},"end":{"line":365,"column":3}},"line":356},"20":{"name":"(anonymous_20)","decl":{"start":{"line":367,"column":2},"end":{"line":367,"column":3}},"loc":{"start":{"line":367,"column":40},"end":{"line":402,"column":3}},"line":367},"21":{"name":"(anonymous_21)","decl":{"start":{"line":404,"column":2},"end":{"line":404,"column":3}},"loc":{"start":{"line":404,"column":24},"end":{"line":412,"column":3}},"line":404},"22":{"name":"(anonymous_22)","decl":{"start":{"line":414,"column":2},"end":{"line":414,"column":3}},"loc":{"start":{"line":414,"column":28},"end":{"line":423,"column":3}},"line":414},"23":{"name":"(anonymous_23)","decl":{"start":{"line":425,"column":2},"end":{"line":425,"column":3}},"loc":{"start":{"line":425,"column":27},"end":{"line":434,"column":3}},"line":425},"24":{"name":"(anonymous_24)","decl":{"start":{"line":436,"column":2},"end":{"line":436,"column":3}},"loc":{"start":{"line":436,"column":37},"end":{"line":469,"column":3}},"line":436},"25":{"name":"(anonymous_25)","decl":{"start":{"line":471,"column":2},"end":{"line":471,"column":3}},"loc":{"start":{"line":471,"column":29},"end":{"line":503,"column":3}},"line":471},"26":{"name":"(anonymous_26)","decl":{"start":{"line":505,"column":2},"end":{"line":505,"column":3}},"loc":{"start":{"line":505,"column":24},"end":{"line":513,"column":3}},"line":505},"27":{"name":"(anonymous_27)","decl":{"start":{"line":515,"column":2},"end":{"line":515,"column":3}},"loc":{"start":{"line":515,"column":24},"end":{"line":524,"column":3}},"line":515},"28":{"name":"(anonymous_28)","decl":{"start":{"line":526,"column":2},"end":{"line":526,"column":3}},"loc":{"start":{"line":526,"column":25},"end":{"line":534,"column":3}},"line":526},"29":{"name":"(anonymous_29)","decl":{"start":{"line":536,"column":2},"end":{"line":536,"column":3}},"loc":{"start":{"line":536,"column":28},"end":{"line":544,"column":3}},"line":536},"30":{"name":"(anonymous_30)","decl":{"start":{"line":546,"column":2},"end":{"line":546,"column":3}},"loc":{"start":{"line":546,"column":32},"end":{"line":554,"column":3}},"line":546},"31":{"name":"(anonymous_31)","decl":{"start":{"line":557,"column":2},"end":{"line":557,"column":3}},"loc":{"start":{"line":557,"column":29},"end":{"line":567,"column":3}},"line":557},"32":{"name":"(anonymous_32)","decl":{"start":{"line":569,"column":2},"end":{"line":569,"column":3}},"loc":{"start":{"line":569,"column":31},"end":{"line":579,"column":3}},"line":569},"33":{"name":"(anonymous_33)","decl":{"start":{"line":581,"column":2},"end":{"line":581,"column":3}},"loc":{"start":{"line":581,"column":27},"end":{"line":591,"column":3}},"line":581},"34":{"name":"(anonymous_34)","decl":{"start":{"line":593,"column":2},"end":{"line":593,"column":3}},"loc":{"start":{"line":593,"column":25},"end":{"line":603,"column":3}},"line":593},"35":{"name":"(anonymous_35)","decl":{"start":{"line":608,"column":2},"end":{"line":608,"column":3}},"loc":{"start":{"line":608,"column":35},"end":{"line":646,"column":3}},"line":608},"36":{"name":"(anonymous_36)","decl":{"start":{"line":651,"column":2},"end":{"line":651,"column":3}},"loc":{"start":{"line":651,"column":30},"end":{"line":687,"column":3}},"line":651},"37":{"name":"(anonymous_37)","decl":{"start":{"line":692,"column":2},"end":{"line":692,"column":3}},"loc":{"start":{"line":692,"column":32},"end":{"line":728,"column":3}},"line":692},"38":{"name":"(anonymous_38)","decl":{"start":{"line":735,"column":2},"end":{"line":735,"column":3}},"loc":{"start":{"line":735,"column":33},"end":{"line":771,"column":3}},"line":735},"39":{"name":"(anonymous_39)","decl":{"start":{"line":776,"column":2},"end":{"line":776,"column":3}},"loc":{"start":{"line":776,"column":35},"end":{"line":818,"column":3}},"line":776},"40":{"name":"(anonymous_40)","decl":{"start":{"line":823,"column":2},"end":{"line":823,"column":3}},"loc":{"start":{"line":823,"column":34},"end":{"line":859,"column":3}},"line":823},"41":{"name":"(anonymous_41)","decl":{"start":{"line":864,"column":2},"end":{"line":864,"column":3}},"loc":{"start":{"line":864,"column":31},"end":{"line":900,"column":3}},"line":864},"42":{"name":"(anonymous_42)","decl":{"start":{"line":905,"column":2},"end":{"line":905,"column":3}},"loc":{"start":{"line":905,"column":30},"end":{"line":941,"column":3}},"line":905},"43":{"name":"(anonymous_43)","decl":{"start":{"line":946,"column":2},"end":{"line":946,"column":3}},"loc":{"start":{"line":946,"column":30},"end":{"line":995,"column":3}},"line":946},"44":{"name":"(anonymous_44)","decl":{"start":{"line":1000,"column":2},"end":{"line":1000,"column":3}},"loc":{"start":{"line":1000,"column":34},"end":{"line":1008,"column":3}},"line":1000},"45":{"name":"(anonymous_45)","decl":{"start":{"line":1013,"column":2},"end":{"line":1013,"column":3}},"loc":{"start":{"line":1013,"column":37},"end":{"line":1022,"column":3}},"line":1013},"46":{"name":"(anonymous_46)","decl":{"start":{"line":1027,"column":2},"end":{"line":1027,"column":3}},"loc":{"start":{"line":1027,"column":30},"end":{"line":1037,"column":3}},"line":1027},"47":{"name":"(anonymous_47)","decl":{"start":{"line":1042,"column":2},"end":{"line":1042,"column":3}},"loc":{"start":{"line":1042,"column":33},"end":{"line":1050,"column":3}},"line":1042},"48":{"name":"(anonymous_48)","decl":{"start":{"line":1055,"column":2},"end":{"line":1055,"column":3}},"loc":{"start":{"line":1055,"column":32},"end":{"line":1063,"column":3}},"line":1055},"49":{"name":"(anonymous_49)","decl":{"start":{"line":1068,"column":2},"end":{"line":1068,"column":3}},"loc":{"start":{"line":1068,"column":32},"end":{"line":1078,"column":3}},"line":1068},"50":{"name":"(anonymous_50)","decl":{"start":{"line":1083,"column":2},"end":{"line":1083,"column":3}},"loc":{"start":{"line":1083,"column":35},"end":{"line":1091,"column":3}},"line":1083},"51":{"name":"(anonymous_51)","decl":{"start":{"line":1096,"column":2},"end":{"line":1096,"column":3}},"loc":{"start":{"line":1096,"column":37},"end":{"line":1106,"column":3}},"line":1096},"52":{"name":"(anonymous_52)","decl":{"start":{"line":1111,"column":2},"end":{"line":1111,"column":3}},"loc":{"start":{"line":1111,"column":30},"end":{"line":1121,"column":3}},"line":1111},"53":{"name":"(anonymous_53)","decl":{"start":{"line":1126,"column":2},"end":{"line":1126,"column":3}},"loc":{"start":{"line":1126,"column":32},"end":{"line":1136,"column":3}},"line":1126},"54":{"name":"(anonymous_54)","decl":{"start":{"line":1141,"column":2},"end":{"line":1141,"column":3}},"loc":{"start":{"line":1141,"column":32},"end":{"line":1149,"column":3}},"line":1141},"55":{"name":"(anonymous_55)","decl":{"start":{"line":1154,"column":2},"end":{"line":1154,"column":3}},"loc":{"start":{"line":1154,"column":32},"end":{"line":1162,"column":3}},"line":1154},"56":{"name":"(anonymous_56)","decl":{"start":{"line":1167,"column":2},"end":{"line":1167,"column":3}},"loc":{"start":{"line":1167,"column":32},"end":{"line":1175,"column":3}},"line":1167}},"branchMap":{"0":{"loc":{"start":{"line":103,"column":26},"end":{"line":104,"column":58}},"type":"binary-expr","locations":[{"start":{"line":103,"column":26},"end":{"line":103,"column":74}},{"start":{"line":104,"column":25},"end":{"line":104,"column":58}}],"line":103},"1":{"loc":{"start":{"line":105,"column":27},"end":{"line":105,"column":84}},"type":"cond-expr","locations":[{"start":{"line":105,"column":40},"end":{"line":105,"column":68}},{"start":{"line":105,"column":72},"end":{"line":105,"column":84}}],"line":105},"2":{"loc":{"start":{"line":105,"column":40},"end":{"line":105,"column":68}},"type":"binary-expr","locations":[{"start":{"line":105,"column":40},"end":{"line":105,"column":52}},{"start":{"line":105,"column":56},"end":{"line":105,"column":68}}],"line":105},"3":{"loc":{"start":{"line":120,"column":64},"end":{"line":120,"column":103}},"type":"binary-expr","locations":[{"start":{"line":120,"column":64},"end":{"line":120,"column":79}},{"start":{"line":120,"column":83},"end":{"line":120,"column":103}}],"line":120},"4":{"loc":{"start":{"line":124,"column":6},"end":{"line":127,"column":7}},"type":"if","locations":[{"start":{"line":124,"column":6},"end":{"line":127,"column":7}},{"start":{},"end":{}}],"line":124},"5":{"loc":{"start":{"line":146,"column":20},"end":{"line":146,"column":67}},"type":"binary-expr","locations":[{"start":{"line":146,"column":20},"end":{"line":146,"column":45}},{"start":{"line":146,"column":49},"end":{"line":146,"column":67}}],"line":146},"6":{"loc":{"start":{"line":291,"column":19},"end":{"line":291,"column":50}},"type":"binary-expr","locations":[{"start":{"line":291,"column":19},"end":{"line":291,"column":38}},{"start":{"line":291,"column":42},"end":{"line":291,"column":50}}],"line":291},"7":{"loc":{"start":{"line":293,"column":6},"end":{"line":309,"column":7}},"type":"if","locations":[{"start":{"line":293,"column":6},"end":{"line":309,"column":7}},{"start":{"line":301,"column":13},"end":{"line":309,"column":7}}],"line":293},"8":{"loc":{"start":{"line":371,"column":6},"end":{"line":386,"column":7}},"type":"if","locations":[{"start":{"line":371,"column":6},"end":{"line":386,"column":7}},{"start":{},"end":{}}],"line":371},"9":{"loc":{"start":{"line":371,"column":10},"end":{"line":371,"column":53}},"type":"binary-expr","locations":[{"start":{"line":371,"column":10},"end":{"line":371,"column":18}},{"start":{"line":371,"column":22},"end":{"line":371,"column":35}},{"start":{"line":371,"column":39},"end":{"line":371,"column":53}}],"line":371},"10":{"loc":{"start":{"line":374,"column":23},"end":{"line":374,"column":49}},"type":"binary-expr","locations":[{"start":{"line":374,"column":23},"end":{"line":374,"column":43}},{"start":{"line":374,"column":47},"end":{"line":374,"column":49}}],"line":374},"11":{"loc":{"start":{"line":376,"column":18},"end":{"line":376,"column":43}},"type":"binary-expr","locations":[{"start":{"line":376,"column":18},"end":{"line":376,"column":33}},{"start":{"line":376,"column":37},"end":{"line":376,"column":43}}],"line":376},"12":{"loc":{"start":{"line":440,"column":6},"end":{"line":454,"column":7}},"type":"if","locations":[{"start":{"line":440,"column":6},"end":{"line":454,"column":7}},{"start":{},"end":{}}],"line":440},"13":{"loc":{"start":{"line":440,"column":10},"end":{"line":440,"column":38}},"type":"binary-expr","locations":[{"start":{"line":440,"column":10},"end":{"line":440,"column":18}},{"start":{"line":440,"column":22},"end":{"line":440,"column":38}}],"line":440},"14":{"loc":{"start":{"line":442,"column":17},"end":{"line":442,"column":47}},"type":"binary-expr","locations":[{"start":{"line":442,"column":17},"end":{"line":442,"column":31}},{"start":{"line":442,"column":35},"end":{"line":442,"column":47}}],"line":442},"15":{"loc":{"start":{"line":444,"column":16},"end":{"line":444,"column":39}},"type":"binary-expr","locations":[{"start":{"line":444,"column":16},"end":{"line":444,"column":29}},{"start":{"line":444,"column":33},"end":{"line":444,"column":39}}],"line":444},"16":{"loc":{"start":{"line":445,"column":16},"end":{"line":445,"column":35}},"type":"binary-expr","locations":[{"start":{"line":445,"column":16},"end":{"line":445,"column":29}},{"start":{"line":445,"column":33},"end":{"line":445,"column":35}}],"line":445},"17":{"loc":{"start":{"line":473,"column":23},"end":{"line":473,"column":54}},"type":"binary-expr","locations":[{"start":{"line":473,"column":23},"end":{"line":473,"column":46}},{"start":{"line":473,"column":50},"end":{"line":473,"column":54}}],"line":473},"18":{"loc":{"start":{"line":475,"column":6},"end":{"line":494,"column":7}},"type":"if","locations":[{"start":{"line":475,"column":6},"end":{"line":494,"column":7}},{"start":{"line":486,"column":13},"end":{"line":494,"column":7}}],"line":475},"19":{"loc":{"start":{"line":476,"column":21},"end":{"line":478,"column":47}},"type":"cond-expr","locations":[{"start":{"line":477,"column":12},"end":{"line":477,"column":57}},{"start":{"line":478,"column":12},"end":{"line":478,"column":47}}],"line":476},"20":{"loc":{"start":{"line":610,"column":20},"end":{"line":610,"column":62}},"type":"binary-expr","locations":[{"start":{"line":610,"column":20},"end":{"line":610,"column":30}},{"start":{"line":610,"column":34},"end":{"line":610,"column":44}},{"start":{"line":610,"column":48},"end":{"line":610,"column":62}}],"line":610},"21":{"loc":{"start":{"line":612,"column":6},"end":{"line":618,"column":7}},"type":"if","locations":[{"start":{"line":612,"column":6},"end":{"line":618,"column":7}},{"start":{},"end":{}}],"line":612},"22":{"loc":{"start":{"line":653,"column":20},"end":{"line":653,"column":68}},"type":"binary-expr","locations":[{"start":{"line":653,"column":20},"end":{"line":653,"column":30}},{"start":{"line":653,"column":34},"end":{"line":653,"column":50}},{"start":{"line":653,"column":54},"end":{"line":653,"column":68}}],"line":653},"23":{"loc":{"start":{"line":655,"column":6},"end":{"line":661,"column":7}},"type":"if","locations":[{"start":{"line":655,"column":6},"end":{"line":661,"column":7}},{"start":{},"end":{}}],"line":655},"24":{"loc":{"start":{"line":694,"column":20},"end":{"line":694,"column":65}},"type":"binary-expr","locations":[{"start":{"line":694,"column":20},"end":{"line":694,"column":30}},{"start":{"line":694,"column":34},"end":{"line":694,"column":47}},{"start":{"line":694,"column":51},"end":{"line":694,"column":65}}],"line":694},"25":{"loc":{"start":{"line":696,"column":6},"end":{"line":702,"column":7}},"type":"if","locations":[{"start":{"line":696,"column":6},"end":{"line":702,"column":7}},{"start":{},"end":{}}],"line":696},"26":{"loc":{"start":{"line":737,"column":26},"end":{"line":737,"column":64}},"type":"binary-expr","locations":[{"start":{"line":737,"column":26},"end":{"line":737,"column":44}},{"start":{"line":737,"column":48},"end":{"line":737,"column":64}}],"line":737},"27":{"loc":{"start":{"line":739,"column":6},"end":{"line":748,"column":7}},"type":"if","locations":[{"start":{"line":739,"column":6},"end":{"line":748,"column":7}},{"start":{},"end":{}}],"line":739},"28":{"loc":{"start":{"line":778,"column":26},"end":{"line":778,"column":64}},"type":"binary-expr","locations":[{"start":{"line":778,"column":26},"end":{"line":778,"column":44}},{"start":{"line":778,"column":48},"end":{"line":778,"column":64}}],"line":778},"29":{"loc":{"start":{"line":780,"column":6},"end":{"line":789,"column":7}},"type":"if","locations":[{"start":{"line":780,"column":6},"end":{"line":789,"column":7}},{"start":{},"end":{}}],"line":780},"30":{"loc":{"start":{"line":793,"column":15},"end":{"line":793,"column":59}},"type":"binary-expr","locations":[{"start":{"line":793,"column":15},"end":{"line":793,"column":30}},{"start":{"line":793,"column":34},"end":{"line":793,"column":44}},{"start":{"line":793,"column":48},"end":{"line":793,"column":59}}],"line":793},"31":{"loc":{"start":{"line":794,"column":19},"end":{"line":794,"column":61}},"type":"binary-expr","locations":[{"start":{"line":794,"column":19},"end":{"line":794,"column":33}},{"start":{"line":794,"column":37},"end":{"line":794,"column":61}}],"line":794},"32":{"loc":{"start":{"line":796,"column":21},"end":{"line":796,"column":43}},"type":"binary-expr","locations":[{"start":{"line":796,"column":21},"end":{"line":796,"column":37}},{"start":{"line":796,"column":41},"end":{"line":796,"column":43}}],"line":796},"33":{"loc":{"start":{"line":797,"column":18},"end":{"line":797,"column":37}},"type":"binary-expr","locations":[{"start":{"line":797,"column":18},"end":{"line":797,"column":31}},{"start":{"line":797,"column":35},"end":{"line":797,"column":37}}],"line":797},"34":{"loc":{"start":{"line":825,"column":26},"end":{"line":825,"column":64}},"type":"binary-expr","locations":[{"start":{"line":825,"column":26},"end":{"line":825,"column":44}},{"start":{"line":825,"column":48},"end":{"line":825,"column":64}}],"line":825},"35":{"loc":{"start":{"line":827,"column":6},"end":{"line":836,"column":7}},"type":"if","locations":[{"start":{"line":827,"column":6},"end":{"line":836,"column":7}},{"start":{},"end":{}}],"line":827},"36":{"loc":{"start":{"line":866,"column":26},"end":{"line":866,"column":61}},"type":"binary-expr","locations":[{"start":{"line":866,"column":26},"end":{"line":866,"column":41}},{"start":{"line":866,"column":45},"end":{"line":866,"column":61}}],"line":866},"37":{"loc":{"start":{"line":868,"column":6},"end":{"line":877,"column":7}},"type":"if","locations":[{"start":{"line":868,"column":6},"end":{"line":877,"column":7}},{"start":{},"end":{}}],"line":868},"38":{"loc":{"start":{"line":907,"column":26},"end":{"line":907,"column":61}},"type":"binary-expr","locations":[{"start":{"line":907,"column":26},"end":{"line":907,"column":41}},{"start":{"line":907,"column":45},"end":{"line":907,"column":61}}],"line":907},"39":{"loc":{"start":{"line":909,"column":6},"end":{"line":918,"column":7}},"type":"if","locations":[{"start":{"line":909,"column":6},"end":{"line":918,"column":7}},{"start":{},"end":{}}],"line":909},"40":{"loc":{"start":{"line":948,"column":26},"end":{"line":948,"column":61}},"type":"binary-expr","locations":[{"start":{"line":948,"column":26},"end":{"line":948,"column":41}},{"start":{"line":948,"column":45},"end":{"line":948,"column":61}}],"line":948},"41":{"loc":{"start":{"line":950,"column":6},"end":{"line":959,"column":7}},"type":"if","locations":[{"start":{"line":950,"column":6},"end":{"line":959,"column":7}},{"start":{},"end":{}}],"line":950},"42":{"loc":{"start":{"line":962,"column":12},"end":{"line":962,"column":37}},"type":"binary-expr","locations":[{"start":{"line":962,"column":12},"end":{"line":962,"column":19}},{"start":{"line":962,"column":23},"end":{"line":962,"column":37}}],"line":962},"43":{"loc":{"start":{"line":963,"column":17},"end":{"line":963,"column":45}},"type":"binary-expr","locations":[{"start":{"line":963,"column":17},"end":{"line":963,"column":29}},{"start":{"line":963,"column":33},"end":{"line":963,"column":45}}],"line":963},"44":{"loc":{"start":{"line":964,"column":14},"end":{"line":964,"column":45}},"type":"binary-expr","locations":[{"start":{"line":964,"column":14},"end":{"line":964,"column":23}},{"start":{"line":964,"column":27},"end":{"line":964,"column":39}},{"start":{"line":964,"column":43},"end":{"line":964,"column":45}}],"line":964},"45":{"loc":{"start":{"line":969,"column":6},"end":{"line":975,"column":7}},"type":"if","locations":[{"start":{"line":969,"column":6},"end":{"line":975,"column":7}},{"start":{},"end":{}}],"line":969},"46":{"loc":{"start":{"line":1017,"column":18},"end":{"line":1017,"column":48}},"type":"binary-expr","locations":[{"start":{"line":1017,"column":18},"end":{"line":1017,"column":33}},{"start":{"line":1017,"column":37},"end":{"line":1017,"column":48}}],"line":1017},"47":{"loc":{"start":{"line":1019,"column":38},"end":{"line":1019,"column":65}},"type":"binary-expr","locations":[{"start":{"line":1019,"column":38},"end":{"line":1019,"column":53}},{"start":{"line":1019,"column":57},"end":{"line":1019,"column":65}}],"line":1019},"48":{"loc":{"start":{"line":1028,"column":20},"end":{"line":1028,"column":62}},"type":"binary-expr","locations":[{"start":{"line":1028,"column":20},"end":{"line":1028,"column":32}},{"start":{"line":1028,"column":36},"end":{"line":1028,"column":44}},{"start":{"line":1028,"column":48},"end":{"line":1028,"column":62}}],"line":1028},"49":{"loc":{"start":{"line":1069,"column":21},"end":{"line":1069,"column":70}},"type":"binary-expr","locations":[{"start":{"line":1069,"column":21},"end":{"line":1069,"column":34}},{"start":{"line":1069,"column":38},"end":{"line":1069,"column":52}},{"start":{"line":1069,"column":56},"end":{"line":1069,"column":70}}],"line":1069},"50":{"loc":{"start":{"line":1097,"column":21},"end":{"line":1097,"column":68}},"type":"binary-expr","locations":[{"start":{"line":1097,"column":21},"end":{"line":1097,"column":34}},{"start":{"line":1097,"column":38},"end":{"line":1097,"column":50}},{"start":{"line":1097,"column":54},"end":{"line":1097,"column":68}}],"line":1097},"51":{"loc":{"start":{"line":1112,"column":21},"end":{"line":1112,"column":64}},"type":"binary-expr","locations":[{"start":{"line":1112,"column":21},"end":{"line":1112,"column":34}},{"start":{"line":1112,"column":38},"end":{"line":1112,"column":46}},{"start":{"line":1112,"column":50},"end":{"line":1112,"column":64}}],"line":1112},"52":{"loc":{"start":{"line":1127,"column":20},"end":{"line":1127,"column":64}},"type":"binary-expr","locations":[{"start":{"line":1127,"column":20},"end":{"line":1127,"column":32}},{"start":{"line":1127,"column":36},"end":{"line":1127,"column":46}},{"start":{"line":1127,"column":50},"end":{"line":1127,"column":64}}],"line":1127}},"s":{"0":0,"1":0,"2":0,"3":0,"4":0,"5":0,"6":0,"7":0,"8":0,"9":0,"10":0,"11":0,"12":0,"13":0,"14":0,"15":0,"16":0,"17":0,"18":0,"19":0,"20":0,"21":0,"22":0,"23":0,"24":0,"25":0,"26":0,"27":0,"28":0,"29":0,"30":0,"31":0,"32":0,"33":0,"34":0,"35":0,"36":0,"37":0,"38":0,"39":0,"40":0,"41":0,"42":0,"43":0,"44":0,"45":0,"46":0,"47":0,"48":0,"49":0,"50":0,"51":0,"52":0,"53":0,"54":0,"55":0,"56":0,"57":0,"58":0,"59":0,"60":0,"61":0,"62":0,"63":0,"64":0,"65":0,"66":0,"67":0,"68":0,"69":0,"70":0,"71":0,"72":0,"73":0,"74":0,"75":0,"76":0,"77":0,"78":0,"79":0,"80":0,"81":0,"82":0,"83":0,"84":0,"85":0,"86":0,"87":0,"88":0,"89":0,"90":0,"91":0,"92":0,"93":0,"94":0,"95":0,"96":0,"97":0,"98":0,"99":0,"100":0,"101":0,"102":0,"103":0,"104":0,"105":0,"106":0,"107":0,"108":0,"109":0,"110":0,"111":0,"112":0,"113":0,"114":0,"115":0,"116":0,"117":0,"118":0,"119":0,"120":0,"121":0,"122":0,"123":0,"124":0,"125":0,"126":0,"127":0,"128":0,"129":0,"130":0,"131":0,"132":0,"133":0,"134":0,"135":0,"136":0,"137":0,"138":0,"139":0,"140":0,"141":0,"142":0,"143":0,"144":0,"145":0,"146":0,"147":0,"148":0,"149":0,"150":0,"151":0,"152":0,"153":0,"154":0,"155":0,"156":0,"157":0,"158":0,"159":0,"160":0,"161":0,"162":0,"163":0,"164":0,"165":0,"166":0,"167":0,"168":0,"169":0,"170":0,"171":0,"172":0,"173":0,"174":0,"175":0,"176":0,"177":0,"178":0,"179":0,"180":0,"181":0,"182":0,"183":0,"184":0,"185":0,"186":0,"187":0,"188":0,"189":0,"190":0,"191":0,"192":0,"193":0,"194":0,"195":0,"196":0,"197":0,"198":0,"199":0,"200":0,"201":0,"202":0,"203":0,"204":0,"205":0,"206":0,"207":0,"208":0,"209":0,"210":0,"211":0,"212":0},"f":{"0":0,"1":0,"2":0,"3":0,"4":0,"5":0,"6":0,"7":0,"8":0,"9":0,"10":0,"11":0,"12":0,"13":0,"14":0,"15":0,"16":0,"17":0,"18":0,"19":0,"20":0,"21":0,"22":0,"23":0,"24":0,"25":0,"26":0,"27":0,"28":0,"29":0,"30":0,"31":0,"32":0,"33":0,"34":0,"35":0,"36":0,"37":0,"38":0,"39":0,"40":0,"41":0,"42":0,"43":0,"44":0,"45":0,"46":0,"47":0,"48":0,"49":0,"50":0,"51":0,"52":0,"53":0,"54":0,"55":0,"56":0},"b":{"0":[0,0],"1":[0,0],"2":[0,0],"3":[0,0],"4":[0,0],"5":[0,0],"6":[0,0],"7":[0,0],"8":[0,0],"9":[0,0,0],"10":[0,0],"11":[0,0],"12":[0,0],"13":[0,0],"14":[0,0],"15":[0,0],"16":[0,0],"17":[0,0],"18":[0,0],"19":[0,0],"20":[0,0,0],"21":[0,0],"22":[0,0,0],"23":[0,0],"24":[0,0,0],"25":[0,0],"26":[0,0],"27":[0,0],"28":[0,0],"29":[0,0],"30":[0,0,0],"31":[0,0],"32":[0,0],"33":[0,0],"34":[0,0],"35":[0,0],"36":[0,0],"37":[0,0],"38":[0,0],"39":[0,0],"40":[0,0],"41":[0,0],"42":[0,0],"43":[0,0],"44":[0,0,0],"45":[0,0],"46":[0,0],"47":[0,0],"48":[0,0,0],"49":[0,0,0],"50":[0,0,0],"51":[0,0,0],"52":[0,0,0]},"inputSourceMap":null}
,"E:\\AI-Powered-Virtual-Assistant\\backend\\controllers\\auth.controllers.js": {"path":"E:\\AI-Powered-Virtual-Assistant\\backend\\controllers\\auth.controllers.js","statementMap":{"0":{"start":{"line":4,"column":20},"end":{"line":36,"column":1}},"1":{"start":{"line":5,"column":0},"end":{"line":35,"column":1}},"2":{"start":{"line":6,"column":32},"end":{"line":6,"column":40}},"3":{"start":{"line":8,"column":21},"end":{"line":8,"column":48}},"4":{"start":{"line":9,"column":4},"end":{"line":11,"column":5}},"5":{"start":{"line":10,"column":8},"end":{"line":10,"column":71}},"6":{"start":{"line":12,"column":4},"end":{"line":14,"column":5}},"7":{"start":{"line":13,"column":8},"end":{"line":13,"column":89}},"8":{"start":{"line":16,"column":25},"end":{"line":16,"column":55}},"9":{"start":{"line":18,"column":15},"end":{"line":20,"column":6}},"10":{"start":{"line":22,"column":16},"end":{"line":22,"column":40}},"11":{"start":{"line":24,"column":4},"end":{"line":29,"column":6}},"12":{"start":{"line":31,"column":4},"end":{"line":31,"column":37}},"13":{"start":{"line":34,"column":7},"end":{"line":34,"column":70}},"14":{"start":{"line":38,"column":19},"end":{"line":66,"column":1}},"15":{"start":{"line":39,"column":0},"end":{"line":65,"column":1}},"16":{"start":{"line":40,"column":27},"end":{"line":40,"column":35}},"17":{"start":{"line":42,"column":15},"end":{"line":42,"column":42}},"18":{"start":{"line":43,"column":4},"end":{"line":45,"column":5}},"19":{"start":{"line":44,"column":8},"end":{"line":44,"column":72}},"20":{"start":{"line":46,"column":17},"end":{"line":46,"column":61}},"21":{"start":{"line":48,"column":3},"end":{"line":50,"column":4}},"22":{"start":{"line":49,"column":3},"end":{"line":49,"column":62}},"23":{"start":{"line":52,"column":16},"end":{"line":52,"column":40}},"24":{"start":{"line":54,"column":4},"end":{"line":59,"column":6}},"25":{"start":{"line":61,"column":4},"end":{"line":61,"column":37}},"26":{"start":{"line":64,"column":7},"end":{"line":64,"column":68}},"27":{"start":{"line":68,"column":20},"end":{"line":75,"column":1}},"28":{"start":{"line":69,"column":4},"end":{"line":74,"column":5}},"29":{"start":{"line":70,"column":8},"end":{"line":70,"column":32}},"30":{"start":{"line":71,"column":9},"end":{"line":71,"column":70}},"31":{"start":{"line":73,"column":9},"end":{"line":73,"column":71}}},"fnMap":{"0":{"name":"(anonymous_0)","decl":{"start":{"line":4,"column":20},"end":{"line":4,"column":21}},"loc":{"start":{"line":4,"column":37},"end":{"line":36,"column":1}},"line":4},"1":{"name":"(anonymous_1)","decl":{"start":{"line":38,"column":19},"end":{"line":38,"column":20}},"loc":{"start":{"line":38,"column":36},"end":{"line":66,"column":1}},"line":38},"2":{"name":"(anonymous_2)","decl":{"start":{"line":68,"column":20},"end":{"line":68,"column":21}},"loc":{"start":{"line":68,"column":37},"end":{"line":75,"column":1}},"line":68}},"branchMap":{"0":{"loc":{"start":{"line":9,"column":4},"end":{"line":11,"column":5}},"type":"if","locations":[{"start":{"line":9,"column":4},"end":{"line":11,"column":5}},{"start":{},"end":{}}],"line":9},"1":{"loc":{"start":{"line":12,"column":4},"end":{"line":14,"column":5}},"type":"if","locations":[{"start":{"line":12,"column":4},"end":{"line":14,"column":5}},{"start":{},"end":{}}],"line":12},"2":{"loc":{"start":{"line":43,"column":4},"end":{"line":45,"column":5}},"type":"if","locations":[{"start":{"line":43,"column":4},"end":{"line":45,"column":5}},{"start":{},"end":{}}],"line":43},"3":{"loc":{"start":{"line":48,"column":3},"end":{"line":50,"column":4}},"type":"if","locations":[{"start":{"line":48,"column":3},"end":{"line":50,"column":4}},{"start":{},"end":{}}],"line":48}},"s":{"0":0,"1":0,"2":0,"3":0,"4":0,"5":0,"6":0,"7":0,"8":0,"9":0,"10":0,"11":0,"12":0,"13":0,"14":0,"15":0,"16":0,"17":0,"18":0,"19":0,"20":0,"21":0,"22":0,"23":0,"24":0,"25":0,"26":0,"27":0,"28":0,"29":0,"30":0,"31":0},"f":{"0":0,"1":0,"2":0},"b":{"0":[0,0],"1":[0,0],"2":[0,0],"3":[0,0]},"inputSourceMap":null}
,"E:\\AI-Powered-Virtual-Assistant\\backend\\controllers\\user.controllers.js": {"path":"E:\\AI-Powered-Virtual-Assistant\\backend\\controllers\\user.controllers.js","statementMap":{"0":{"start":{"line":6,"column":29},"end":{"line":18,"column":1}},"1":{"start":{"line":7,"column":4},"end":{"line":17,"column":5}},"2":{"start":{"line":8,"column":21},"end":{"line":8,"column":31}},"3":{"start":{"line":9,"column":19},"end":{"line":9,"column":66}},"4":{"start":{"line":10,"column":8},"end":{"line":12,"column":9}},"5":{"start":{"line":11,"column":0},"end":{"line":11,"column":55}},"6":{"start":{"line":14,"column":3},"end":{"line":14,"column":36}},"7":{"start":{"line":16,"column":7},"end":{"line":16,"column":70}},"8":{"start":{"line":20,"column":31},"end":{"line":79,"column":1}},"9":{"start":{"line":21,"column":3},"end":{"line":78,"column":4}},"10":{"start":{"line":22,"column":42},"end":{"line":22,"column":50}},"11":{"start":{"line":24,"column":6},"end":{"line":29,"column":7}},"12":{"start":{"line":25,"column":9},"end":{"line":28,"column":12}},"13":{"start":{"line":32,"column":6},"end":{"line":44,"column":7}},"14":{"start":{"line":34,"column":9},"end":{"line":34,"column":66}},"15":{"start":{"line":35,"column":9},"end":{"line":40,"column":10}},"16":{"start":{"line":36,"column":12},"end":{"line":39,"column":15}},"17":{"start":{"line":41,"column":13},"end":{"line":44,"column":7}},"18":{"start":{"line":43,"column":9},"end":{"line":43,"column":35}},"19":{"start":{"line":47,"column":19},"end":{"line":57,"column":27}},"20":{"start":{"line":59,"column":6},"end":{"line":64,"column":7}},"21":{"start":{"line":60,"column":9},"end":{"line":63,"column":12}},"22":{"start":{"line":66,"column":6},"end":{"line":70,"column":9}},"23":{"start":{"line":73,"column":6},"end":{"line":73,"column":54}},"24":{"start":{"line":74,"column":6},"end":{"line":77,"column":9}},"25":{"start":{"line":82,"column":28},"end":{"line":147,"column":1}},"26":{"start":{"line":83,"column":3},"end":{"line":146,"column":4}},"27":{"start":{"line":84,"column":22},"end":{"line":84,"column":30}},"28":{"start":{"line":85,"column":17},"end":{"line":85,"column":48}},"29":{"start":{"line":86,"column":6},"end":{"line":86,"column":32}},"30":{"start":{"line":87,"column":6},"end":{"line":87,"column":17}},"31":{"start":{"line":88,"column":21},"end":{"line":88,"column":30}},"32":{"start":{"line":89,"column":26},"end":{"line":89,"column":44}},"33":{"start":{"line":90,"column":19},"end":{"line":90,"column":71}},"34":{"start":{"line":92,"column":22},"end":{"line":92,"column":47}},"35":{"start":{"line":93,"column":6},"end":{"line":95,"column":7}},"36":{"start":{"line":94,"column":9},"end":{"line":94,"column":76}},"37":{"start":{"line":96,"column":22},"end":{"line":96,"column":46}},"38":{"start":{"line":97,"column":6},"end":{"line":97,"column":28}},"39":{"start":{"line":98,"column":17},"end":{"line":98,"column":31}},"40":{"start":{"line":100,"column":6},"end":{"line":141,"column":7}},"41":{"start":{"line":102,"column":12},"end":{"line":106,"column":15}},"42":{"start":{"line":108,"column":16},"end":{"line":112,"column":15}},"43":{"start":{"line":114,"column":16},"end":{"line":118,"column":15}},"44":{"start":{"line":120,"column":16},"end":{"line":124,"column":15}},"45":{"start":{"line":133,"column":9},"end":{"line":137,"column":12}},"46":{"start":{"line":140,"column":12},"end":{"line":140,"column":90}},"47":{"start":{"line":145,"column":2},"end":{"line":145,"column":66}},"48":{"start":{"line":152,"column":32},"end":{"line":173,"column":1}},"49":{"start":{"line":153,"column":2},"end":{"line":172,"column":3}},"50":{"start":{"line":154,"column":19},"end":{"line":154,"column":29}},"51":{"start":{"line":155,"column":18},"end":{"line":155,"column":49}},"52":{"start":{"line":157,"column":26},"end":{"line":160,"column":13}},"53":{"start":{"line":162,"column":4},"end":{"line":165,"column":7}},"54":{"start":{"line":167,"column":4},"end":{"line":167,"column":53}},"55":{"start":{"line":168,"column":4},"end":{"line":171,"column":7}},"56":{"start":{"line":178,"column":35},"end":{"line":198,"column":1}},"57":{"start":{"line":179,"column":2},"end":{"line":197,"column":3}},"58":{"start":{"line":180,"column":19},"end":{"line":180,"column":29}},"59":{"start":{"line":182,"column":4},"end":{"line":185,"column":6}},"60":{"start":{"line":187,"column":4},"end":{"line":190,"column":7}},"61":{"start":{"line":192,"column":4},"end":{"line":192,"column":56}},"62":{"start":{"line":193,"column":4},"end":{"line":196,"column":7}},"63":{"start":{"line":203,"column":41},"end":{"line":231,"column":1}},"64":{"start":{"line":204,"column":2},"end":{"line":230,"column":3}},"65":{"start":{"line":205,"column":19},"end":{"line":205,"column":29}},"66":{"start":{"line":206,"column":26},"end":{"line":206,"column":36}},"67":{"start":{"line":208,"column":19},"end":{"line":211,"column":5}},"68":{"start":{"line":213,"column":4},"end":{"line":218,"column":5}},"69":{"start":{"line":214,"column":6},"end":{"line":217,"column":9}},"70":{"start":{"line":220,"column":4},"end":{"line":223,"column":7}},"71":{"start":{"line":225,"column":4},"end":{"line":225,"column":50}},"72":{"start":{"line":226,"column":4},"end":{"line":229,"column":7}}},"fnMap":{"0":{"name":"(anonymous_0)","decl":{"start":{"line":6,"column":29},"end":{"line":6,"column":30}},"loc":{"start":{"line":6,"column":46},"end":{"line":18,"column":1}},"line":6},"1":{"name":"(anonymous_1)","decl":{"start":{"line":20,"column":31},"end":{"line":20,"column":32}},"loc":{"start":{"line":20,"column":51},"end":{"line":79,"column":1}},"line":20},"2":{"name":"(anonymous_2)","decl":{"start":{"line":82,"column":28},"end":{"line":82,"column":29}},"loc":{"start":{"line":82,"column":45},"end":{"line":147,"column":1}},"line":82},"3":{"name":"(anonymous_3)","decl":{"start":{"line":152,"column":32},"end":{"line":152,"column":33}},"loc":{"start":{"line":152,"column":52},"end":{"line":173,"column":1}},"line":152},"4":{"name":"(anonymous_4)","decl":{"start":{"line":178,"column":35},"end":{"line":178,"column":36}},"loc":{"start":{"line":178,"column":55},"end":{"line":198,"column":1}},"line":178},"5":{"name":"(anonymous_5)","decl":{"start":{"line":203,"column":41},"end":{"line":203,"column":42}},"loc":{"start":{"line":203,"column":61},"end":{"line":231,"column":1}},"line":203}},"branchMap":{"0":{"loc":{"start":{"line":10,"column":8},"end":{"line":12,"column":9}},"type":"if","locations":[{"start":{"line":10,"column":8},"end":{"line":12,"column":9}},{"start":{},"end":{}}],"line":10},"1":{"loc":{"start":{"line":24,"column":6},"end":{"line":29,"column":7}},"type":"if","locations":[{"start":{"line":24,"column":6},"end":{"line":29,"column":7}},{"start":{},"end":{}}],"line":24},"2":{"loc":{"start":{"line":32,"column":6},"end":{"line":44,"column":7}},"type":"if","locations":[{"start":{"line":32,"column":6},"end":{"line":44,"column":7}},{"start":{"line":41,"column":13},"end":{"line":44,"column":7}}],"line":32},"3":{"loc":{"start":{"line":35,"column":9},"end":{"line":40,"column":10}},"type":"if","locations":[{"start":{"line":35,"column":9},"end":{"line":40,"column":10}},{"start":{},"end":{}}],"line":35},"4":{"loc":{"start":{"line":41,"column":13},"end":{"line":44,"column":7}},"type":"if","locations":[{"start":{"line":41,"column":13},"end":{"line":44,"column":7}},{"start":{},"end":{}}],"line":41},"5":{"loc":{"start":{"line":51,"column":16},"end":{"line":51,"column":52}},"type":"binary-expr","locations":[{"start":{"line":51,"column":16},"end":{"line":51,"column":30}},{"start":{"line":51,"column":34},"end":{"line":51,"column":52}}],"line":51},"6":{"loc":{"start":{"line":59,"column":6},"end":{"line":64,"column":7}},"type":"if","locations":[{"start":{"line":59,"column":6},"end":{"line":64,"column":7}},{"start":{},"end":{}}],"line":59},"7":{"loc":{"start":{"line":76,"column":18},"end":{"line":76,"column":63}},"type":"binary-expr","locations":[{"start":{"line":76,"column":18},"end":{"line":76,"column":31}},{"start":{"line":76,"column":35},"end":{"line":76,"column":63}}],"line":76},"8":{"loc":{"start":{"line":93,"column":6},"end":{"line":95,"column":7}},"type":"if","locations":[{"start":{"line":93,"column":6},"end":{"line":95,"column":7}},{"start":{},"end":{}}],"line":93},"9":{"loc":{"start":{"line":100,"column":6},"end":{"line":141,"column":7}},"type":"switch","locations":[{"start":{"line":101,"column":9},"end":{"line":106,"column":15}},{"start":{"line":107,"column":12},"end":{"line":112,"column":15}},{"start":{"line":113,"column":13},"end":{"line":118,"column":15}},{"start":{"line":119,"column":12},"end":{"line":124,"column":15}},{"start":{"line":125,"column":6},"end":{"line":125,"column":27}},{"start":{"line":126,"column":6},"end":{"line":126,"column":28}},{"start":{"line":127,"column":6},"end":{"line":127,"column":26}},{"start":{"line":128,"column":6},"end":{"line":128,"column":21}},{"start":{"line":129,"column":6},"end":{"line":129,"column":30}},{"start":{"line":130,"column":6},"end":{"line":130,"column":28}},{"start":{"line":131,"column":7},"end":{"line":131,"column":28}},{"start":{"line":132,"column":7},"end":{"line":137,"column":12}},{"start":{"line":139,"column":9},"end":{"line":140,"column":90}}],"line":100},"10":{"loc":{"start":{"line":155,"column":18},"end":{"line":155,"column":49}},"type":"binary-expr","locations":[{"start":{"line":155,"column":18},"end":{"line":155,"column":43}},{"start":{"line":155,"column":47},"end":{"line":155,"column":49}}],"line":155},"11":{"loc":{"start":{"line":213,"column":4},"end":{"line":218,"column":5}},"type":"if","locations":[{"start":{"line":213,"column":4},"end":{"line":218,"column":5}},{"start":{},"end":{}}],"line":213}},"s":{"0":0,"1":0,"2":0,"3":0,"4":0,"5":0,"6":0,"7":0,"8":0,"9":0,"10":0,"11":0,"12":0,"13":0,"14":0,"15":0,"16":0,"17":0,"18":0,"19":0,"20":0,"21":0,"22":0,"23":0,"24":0,"25":0,"26":0,"27":0,"28":0,"29":0,"30":0,"31":0,"32":0,"33":0,"34":0,"35":0,"36":0,"37":0,"38":0,"39":0,"40":0,"41":0,"42":0,"43":0,"44":0,"45":0,"46":0,"47":0,"48":0,"49":0,"50":0,"51":0,"52":0,"53":0,"54":0,"55":0,"56":0,"57":0,"58":0,"59":0,"60":0,"61":0,"62":0,"63":0,"64":0,"65":0,"66":0,"67":0,"68":0,"69":0,"70":0,"71":0,"72":0},"f":{"0":0,"1":0,"2":0,"3":0,"4":0,"5":0},"b":{"0":[0,0],"1":[0,0],"2":[0,0],"3":[0,0],"4":[0,0],"5":[0,0],"6":[0,0],"7":[0,0],"8":[0,0],"9":[0,0,0,0,0,0,0,0,0,0,0,0,0],"10":[0,0],"11":[0,0]},"inputSourceMap":null}
,"E:\\AI-Powered-Virtual-Assistant\\backend\\middlewares\\errorHandler.enhanced.js": {"path":"E:\\AI-Powered-Virtual-Assistant\\backend\\middlewares\\errorHandler.enhanced.js","statementMap":{"0":{"start":{"line":14,"column":4},"end":{"line":14,"column":19}},"1":{"start":{"line":15,"column":4},"end":{"line":15,"column":33}},"2":{"start":{"line":16,"column":4},"end":{"line":16,"column":39}},"3":{"start":{"line":17,"column":4},"end":{"line":17,"column":46}},"4":{"start":{"line":18,"column":4},"end":{"line":18,"column":52}},"5":{"start":{"line":24,"column":4},"end":{"line":24,"column":24}},"6":{"start":{"line":25,"column":4},"end":{"line":25,"column":34}},"7":{"start":{"line":26,"column":4},"end":{"line":26,"column":25}},"8":{"start":{"line":32,"column":4},"end":{"line":32,"column":24}},"9":{"start":{"line":33,"column":4},"end":{"line":33,"column":38}},"10":{"start":{"line":39,"column":4},"end":{"line":39,"column":24}},"11":{"start":{"line":40,"column":4},"end":{"line":40,"column":37}},"12":{"start":{"line":46,"column":4},"end":{"line":46,"column":40}},"13":{"start":{"line":47,"column":4},"end":{"line":47,"column":32}},"14":{"start":{"line":53,"column":4},"end":{"line":53,"column":24}},"15":{"start":{"line":54,"column":4},"end":{"line":54,"column":32}},"16":{"start":{"line":60,"column":4},"end":{"line":60,"column":24}},"17":{"start":{"line":61,"column":4},"end":{"line":61,"column":33}},"18":{"start":{"line":67,"column":4},"end":{"line":67,"column":41}},"19":{"start":{"line":68,"column":4},"end":{"line":68,"column":35}},"20":{"start":{"line":69,"column":4},"end":{"line":69,"column":27}},"21":{"start":{"line":76,"column":28},"end":{"line":110,"column":1}},"22":{"start":{"line":77,"column":19},"end":{"line":85,"column":3}},"23":{"start":{"line":88,"column":2},"end":{"line":90,"column":3}},"24":{"start":{"line":89,"column":4},"end":{"line":89,"column":49}},"25":{"start":{"line":93,"column":2},"end":{"line":95,"column":3}},"26":{"start":{"line":94,"column":4},"end":{"line":94,"column":38}},"27":{"start":{"line":98,"column":2},"end":{"line":102,"column":3}},"28":{"start":{"line":99,"column":4},"end":{"line":99,"column":37}},"29":{"start":{"line":100,"column":4},"end":{"line":100,"column":35}},"30":{"start":{"line":101,"column":4},"end":{"line":101,"column":39}},"31":{"start":{"line":105,"column":2},"end":{"line":107,"column":3}},"32":{"start":{"line":106,"column":4},"end":{"line":106,"column":41}},"33":{"start":{"line":109,"column":2},"end":{"line":109,"column":18}},"34":{"start":{"line":115,"column":17},"end":{"line":135,"column":1}},"35":{"start":{"line":116,"column":23},"end":{"line":125,"column":3}},"36":{"start":{"line":128,"column":2},"end":{"line":134,"column":3}},"37":{"start":{"line":129,"column":4},"end":{"line":129,"column":70}},"38":{"start":{"line":130,"column":9},"end":{"line":134,"column":3}},"39":{"start":{"line":131,"column":4},"end":{"line":131,"column":47}},"40":{"start":{"line":133,"column":4},"end":{"line":133,"column":48}},"41":{"start":{"line":140,"column":28},"end":{"line":159,"column":1}},"42":{"start":{"line":141,"column":2},"end":{"line":147,"column":3}},"43":{"start":{"line":142,"column":19},"end":{"line":145,"column":7}},"44":{"start":{"line":142,"column":55},"end":{"line":145,"column":5}},"45":{"start":{"line":146,"column":4},"end":{"line":146,"column":60}},"46":{"start":{"line":149,"column":2},"end":{"line":151,"column":3}},"47":{"start":{"line":150,"column":4},"end":{"line":150,"column":68}},"48":{"start":{"line":153,"column":2},"end":{"line":156,"column":3}},"49":{"start":{"line":154,"column":18},"end":{"line":154,"column":48}},"50":{"start":{"line":155,"column":4},"end":{"line":155,"column":56}},"51":{"start":{"line":158,"column":2},"end":{"line":158,"column":13}},"52":{"start":{"line":161,"column":23},"end":{"line":171,"column":1}},"53":{"start":{"line":162,"column":2},"end":{"line":164,"column":3}},"54":{"start":{"line":163,"column":4},"end":{"line":163,"column":52}},"55":{"start":{"line":166,"column":2},"end":{"line":168,"column":3}},"56":{"start":{"line":167,"column":4},"end":{"line":167,"column":52}},"57":{"start":{"line":170,"column":2},"end":{"line":170,"column":13}},"58":{"start":{"line":173,"column":26},"end":{"line":183,"column":1}},"59":{"start":{"line":174,"column":2},"end":{"line":176,"column":3}},"60":{"start":{"line":175,"column":4},"end":{"line":175,"column":54}},"61":{"start":{"line":178,"column":2},"end":{"line":180,"column":3}},"62":{"start":{"line":179,"column":4},"end":{"line":179,"column":56}},"63":{"start":{"line":182,"column":2},"end":{"line":182,"column":13}},"64":{"start":{"line":188,"column":28},"end":{"line":208,"column":1}},"65":{"start":{"line":190,"column":14},"end":{"line":190,"column":17}},"66":{"start":{"line":192,"column":2},"end":{"line":198,"column":3}},"67":{"start":{"line":193,"column":4},"end":{"line":193,"column":37}},"68":{"start":{"line":194,"column":9},"end":{"line":198,"column":3}},"69":{"start":{"line":195,"column":4},"end":{"line":195,"column":32}},"70":{"start":{"line":196,"column":9},"end":{"line":198,"column":3}},"71":{"start":{"line":197,"column":4},"end":{"line":197,"column":35}},"72":{"start":{"line":201,"column":2},"end":{"line":201,"column":23}},"73":{"start":{"line":204,"column":19},"end":{"line":204,"column":50}},"74":{"start":{"line":207,"column":2},"end":{"line":207,"column":53}},"75":{"start":{"line":213,"column":31},"end":{"line":216,"column":1}},"76":{"start":{"line":214,"column":16},"end":{"line":214,"column":61}},"77":{"start":{"line":215,"column":2},"end":{"line":215,"column":14}},"78":{"start":{"line":221,"column":28},"end":{"line":225,"column":1}},"79":{"start":{"line":222,"column":2},"end":{"line":224,"column":4}},"80":{"start":{"line":223,"column":4},"end":{"line":223,"column":52}},"81":{"start":{"line":230,"column":31},"end":{"line":248,"column":1}},"82":{"start":{"line":231,"column":2},"end":{"line":247,"column":5}},"83":{"start":{"line":232,"column":29},"end":{"line":235,"column":6}},"84":{"start":{"line":237,"column":4},"end":{"line":243,"column":5}},"85":{"start":{"line":238,"column":21},"end":{"line":241,"column":9}},"86":{"start":{"line":238,"column":50},"end":{"line":241,"column":7}},"87":{"start":{"line":242,"column":6},"end":{"line":242,"column":61}},"88":{"start":{"line":245,"column":4},"end":{"line":245,"column":30}},"89":{"start":{"line":246,"column":4},"end":{"line":246,"column":11}},"90":{"start":{"line":253,"column":36},"end":{"line":277,"column":1}},"91":{"start":{"line":255,"column":2},"end":{"line":261,"column":5}},"92":{"start":{"line":256,"column":4},"end":{"line":259,"column":7}},"93":{"start":{"line":260,"column":4},"end":{"line":260,"column":20}},"94":{"start":{"line":264,"column":2},"end":{"line":270,"column":5}},"95":{"start":{"line":265,"column":4},"end":{"line":268,"column":7}},"96":{"start":{"line":269,"column":4},"end":{"line":269,"column":20}},"97":{"start":{"line":273,"column":2},"end":{"line":276,"column":5}},"98":{"start":{"line":274,"column":4},"end":{"line":274,"column":68}},"99":{"start":{"line":275,"column":4},"end":{"line":275,"column":20}}},"fnMap":{"0":{"name":"(anonymous_0)","decl":{"start":{"line":13,"column":2},"end":{"line":13,"column":3}},"loc":{"start":{"line":13,"column":63},"end":{"line":19,"column":3}},"line":13},"1":{"name":"(anonymous_1)","decl":{"start":{"line":23,"column":2},"end":{"line":23,"column":3}},"loc":{"start":{"line":23,"column":36},"end":{"line":27,"column":3}},"line":23},"2":{"name":"(anonymous_2)","decl":{"start":{"line":31,"column":2},"end":{"line":31,"column":3}},"loc":{"start":{"line":31,"column":49},"end":{"line":34,"column":3}},"line":31},"3":{"name":"(anonymous_3)","decl":{"start":{"line":38,"column":2},"end":{"line":38,"column":3}},"loc":{"start":{"line":38,"column":41},"end":{"line":41,"column":3}},"line":38},"4":{"name":"(anonymous_4)","decl":{"start":{"line":45,"column":2},"end":{"line":45,"column":3}},"loc":{"start":{"line":45,"column":37},"end":{"line":48,"column":3}},"line":45},"5":{"name":"(anonymous_5)","decl":{"start":{"line":52,"column":2},"end":{"line":52,"column":3}},"loc":{"start":{"line":52,"column":51},"end":{"line":55,"column":3}},"line":52},"6":{"name":"(anonymous_6)","decl":{"start":{"line":59,"column":2},"end":{"line":59,"column":3}},"loc":{"start":{"line":59,"column":45},"end":{"line":62,"column":3}},"line":59},"7":{"name":"(anonymous_7)","decl":{"start":{"line":66,"column":2},"end":{"line":66,"column":3}},"loc":{"start":{"line":66,"column":55},"end":{"line":70,"column":3}},"line":66},"8":{"name":"(anonymous_8)","decl":{"start":{"line":76,"column":28},"end":{"line":76,"column":29}},"loc":{"start":{"line":76,"column":42},"end":{"line":110,"column":1}},"line":76},"9":{"name":"(anonymous_9)","decl":{"start":{"line":115,"column":17},"end":{"line":115,"column":18}},"loc":{"start":{"line":115,"column":31},"end":{"line":135,"column":1}},"line":115},"10":{"name":"(anonymous_10)","decl":{"start":{"line":140,"column":28},"end":{"line":140,"column":29}},"loc":{"start":{"line":140,"column":37},"end":{"line":159,"column":1}},"line":140},"11":{"name":"(anonymous_11)","decl":{"start":{"line":142,"column":49},"end":{"line":142,"column":50}},"loc":{"start":{"line":142,"column":55},"end":{"line":145,"column":5}},"line":142},"12":{"name":"(anonymous_12)","decl":{"start":{"line":161,"column":23},"end":{"line":161,"column":24}},"loc":{"start":{"line":161,"column":32},"end":{"
[...]
,"end":{"line":135,"column":5}},{"start":{"line":131,"column":11},"end":{"line":135,"column":5}}],"line":129},"6":{"loc":{"start":{"line":131,"column":11},"end":{"line":135,"column":5}},"type":"if","locations":[{"start":{"line":131,"column":11},"end":{"line":135,"column":5}},{"start":{"line":133,"column":11},"end":{"line":135,"column":5}}],"line":131},"7":{"loc":{"start":{"line":148,"column":34},"end":{"line":148,"column":45}},"type":"default-arg","locations":[{"start":{"line":148,"column":43},"end":{"line":148,"column":45}}],"line":148},"8":{"loc":{"start":{"line":183,"column":24},"end":{"line":183,"column":36}},"type":"default-arg","locations":[{"start":{"line":183,"column":34},"end":{"line":183,"column":36}}],"line":183},"9":{"loc":{"start":{"line":194,"column":30},"end":{"line":194,"column":42}},"type":"default-arg","locations":[{"start":{"line":194,"column":40},"end":{"line":194,"column":42}}],"line":194},"10":{"loc":{"start":{"line":195,"column":18},"end":{"line":195,"column":66}},"type":"cond-expr","locations":[{"start":{"line":195,"column":40},"end":{"line":195,"column":52}},{"start":{"line":195,"column":55},"end":{"line":195,"column":66}}],"line":195},"11":{"loc":{"start":{"line":206,"column":36},"end":{"line":206,"column":48}},"type":"default-arg","locations":[{"start":{"line":206,"column":46},"end":{"line":206,"column":48}}],"line":206},"12":{"loc":{"start":{"line":217,"column":26},"end":{"line":217,"column":36}},"type":"default-arg","locations":[{"start":{"line":217,"column":32},"end":{"line":217,"column":36}}],"line":217},"13":{"loc":{"start":{"line":221,"column":11},"end":{"line":221,"column":60}},"type":"cond-expr","locations":[{"start":{"line":221,"column":27},"end":{"line":221,"column":47}},{"start":{"line":221,"column":51},"end":{"line":221,"column":60}}],"line":221},"14":{"loc":{"start":{"line":221,"column":27},"end":{"line":221,"column":47}},"type":"cond-expr","locations":[{"start":{"line":221,"column":33},"end":{"line":221,"column":38}},{"start":{"line":221,"column":41},"end":{"line":221,"column":47}}],"line":221},"15":{"loc":{"start":{"line":232,"column":14},"end":{"line":232,"column":51}},"type":"cond-expr","locations":[{"start":{"line":232,"column":31},"end":{"line":232,"column":40}},{"start":{"line":232,"column":43},"end":{"line":232,"column":51}}],"line":232},"16":{"loc":{"start":{"line":258,"column":6},"end":{"line":258,"column":18}},"type":"default-arg","locations":[{"start":{"line":258,"column":16},"end":{"line":258,"column":18}}],"line":258},"17":{"loc":{"start":{"line":274,"column":21},"end":{"line":274,"column":30}},"type":"default-arg","locations":[{"start":{"line":274,"column":28},"end":{"line":274,"column":30}}],"line":274},"18":{"loc":{"start":{"line":275,"column":20},"end":{"line":275,"column":29}},"type":"default-arg","locations":[{"start":{"line":275,"column":27},"end":{"line":275,"column":29}}],"line":275},"19":{"loc":{"start":{"line":276,"column":20},"end":{"line":276,"column":29}},"type":"default-arg","locations":[{"start":{"line":276,"column":27},"end":{"line":276,"column":29}}],"line":276},"20":{"loc":{"start":{"line":277,"column":20},"end":{"line":277,"column":29}},"type":"default-arg","locations":[{"start":{"line":277,"column":27},"end":{"line":277,"column":29}}],"line":277},"21":{"loc":{"start":{"line":278,"column":21},"end":{"line":278,"column":30}},"type":"default-arg","locations":[{"start":{"line":278,"column":28},"end":{"line":278,"column":30}}],"line":278}},"s":{"0":0,"1":0,"2":0,"3":0,"4":0,"5":0,"6":0,"7":0,"8":0,"9":0,"10":0,"11":0,"12":0,"13":0,"14":0,"15":0,"16":0,"17":0,"18":0,"19":0,"20":0,"21":0,"22":0,"23":0,"24":0,"25":0,"26":0,"27":0,"28":0,"29":0,"30":0,"31":0,"32":0,"33":0,"34":0,"35":0,"36":0,"37":0,"38":0,"39":0,"40":0,"41":0,"42":0,"43":0,"44":0,"45":0,"46":0,"47":0,"48":0,"49":0,"50":0,"51":0,"52":0},"f":{"0":0,"1":0,"2":0,"3":0,"4":0,"5":0,"6":0,"7":0,"8":0,"9":0,"10":0,"11":0,"12":0,"13":0,"14":0,"15":0,"16":0,"17":0,"18":0,"19":0,"20":0},"b":{"0":[0,0],"1":[0,0],"2":[0,0],"3":[0,0],"4":[0,0],"5":[0,0],"6":[0,0],"7":[0],"8":[0],"9":[0],"10":[0,0],"11":[0],"12":[0],"13":[0,0],"14":[0,0],"15":[0,0],"16":[0],"17":[0],"18":[0],"19":[0],"20":[0],"21":[0]},"inputSourceMap":null}
,"E:\\AI-Powered-Virtual-Assistant\\backend\\utils\\logger.js": {"path":"E:\\AI-Powered-Virtual-Assistant\\backend\\utils\\logger.js","statementMap":{},"fnMap":{},"branchMap":{},"s":{},"f":{},"b":{},"inputSourceMap":null}
,"E:\\AI-Powered-Virtual-Assistant\\backend\\utils\\security.js": {"path":"E:\\AI-Powered-Virtual-Assistant\\backend\\utils\\security.js","statementMap":{"0":{"start":{"line":14,"column":33},"end":{"line":16,"column":1}},"1":{"start":{"line":15,"column":2},"end":{"line":15,"column":52}},"2":{"start":{"line":23,"column":33},"end":{"line":25,"column":1}},"3":{"start":{"line":24,"column":2},"end":{"line":24,"column":31}},"4":{"start":{"line":33,"column":23},"end":{"line":54,"column":1}},"5":{"start":{"line":34,"column":2},"end":{"line":36,"column":3}},"6":{"start":{"line":35,"column":4},"end":{"line":35,"column":75}},"7":{"start":{"line":38,"column":20},"end":{"line":38,"column":33}},"8":{"start":{"line":39,"column":14},"end":{"line":39,"column":47}},"9":{"start":{"line":40,"column":13},"end":{"line":40,"column":35}},"10":{"start":{"line":42,"column":17},"end":{"line":42,"column":58}},"11":{"start":{"line":44,"column":18},"end":{"line":44,"column":52}},"12":{"start":{"line":45,"column":2},"end":{"line":45,"column":35}},"13":{"start":{"line":47,"column":18},"end":{"line":47,"column":37}},"14":{"start":{"line":49,"column":2},"end":{"line":53,"column":4}},"15":{"start":{"line":62,"column":23},"end":{"line":83,"column":1}},"16":{"start":{"line":63,"column":2},"end":{"line":65,"column":3}},"17":{"start":{"line":64,"column":4},"end":{"line":64,"column":75}},"18":{"start":{"line":67,"column":37},"end":{"line":67,"column":50}},"19":{"start":{"line":68,"column":20},"end":{"line":68,"column":33}},"20":{"start":{"line":69,"column":14},"end":{"line":69,"column":47}},"21":{"start":{"line":71,"column":19},"end":{"line":75,"column":3}},"22":{"start":{"line":77,"column":2},"end":{"line":77,"column":51}},"23":{"start":{"line":79,"column":18},"end":{"line":79,"column":59}},"24":{"start":{"line":80,"column":2},"end":{"line":80,"column":38}},"25":{"start":{"line":82,"column":2},"end":{"line":82,"column":19}},"26":{"start":{"line":91,"column":28},"end":{"line":101,"column":1}},"27":{"start":{"line":92,"column":15},"end":{"line":92,"column":53}},"28":{"start":{"line":93,"column":21},"end":{"line":93,"column":44}},"29":{"start":{"line":95,"column":2},"end":{"line":100,"column":5}},"30":{"start":{"line":96,"column":4},"end":{"line":99,"column":7}},"31":{"start":{"line":97,"column":6},"end":{"line":97,"column":27}},"32":{"start":{"line":97,"column":15},"end":{"line":97,"column":27}},"33":{"start":{"line":98,"column":6},"end":{"line":98,"column":55}},"34":{"start":{"line":109,"column":30},"end":{"line":118,"column":1}},"35":{"start":{"line":110,"column":22},"end":{"line":110,"column":37}},"36":{"start":{"line":112,"column":2},"end":{"line":117,"column":5}},"37":{"start":{"line":113,"column":4},"end":{"line":116,"column":7}},"38":{"start":{"line":114,"column":6},"end":{"line":114,"column":27}},"39":{"start":{"line":114,"column":15},"end":{"line":114,"column":27}},"40":{"start":{"line":115,"column":6},"end":{"line":115,"column":50}},"41":{"start":{"line":126,"column":29},"end":{"line":138,"column":1}},"42":{"start":{"line":127,"column":17},"end":{"line":127,"column":39}},"43":{"start":{"line":129,"column":2},"end":{"line":131,"column":3}},"44":{"start":{"line":130,"column":4},"end":{"line":130,"column":75}},"45":{"start":{"line":133,"column":2},"end":{"line":137,"column":5}},"46":{"start":{"line":145,"column":36},"end":{"line":147,"column":1}},"47":{"start":{"line":146,"column":2},"end":{"line":146,"column":38}},"48":{"start":{"line":154,"column":27},"end":{"line":161,"column":1}},"49":{"start":{"line":155,"column":17},"end":{"line":155,"column":39}},"50":{"start":{"line":157,"column":2},"end":{"line":160,"column":5}},"51":{"start":{"line":168,"column":29},"end":{"line":176,"column":1}},"52":{"start":{"line":169,"column":2},"end":{"line":169,"column":46}},"53":{"start":{"line":169,"column":33},"end":{"line":169,"column":46}},"54":{"start":{"line":171,"column":2},"end":{"line":175,"column":12}},"55":{"start":{"line":183,"column":30},"end":{"line":186,"column":1}},"56":{"start":{"line":184,"column":17},"end":{"line":184,"column":61}},"57":{"start":{"line":185,"column":2},"end":{"line":185,"column":30}},"58":{"start":{"line":193,"column":26},"end":{"line":195,"column":1}},"59":{"start":{"line":194,"column":2},"end":{"line":194,"column":66}},"60":{"start":{"line":204,"column":21},"end":{"line":204,"column":30}},"61":{"start":{"line":206,"column":30},"end":{"line":230,"column":1}},"62":{"start":{"line":207,"column":14},"end":{"line":207,"column":24}},"63":{"start":{"line":209,"column":2},"end":{"line":215,"column":3}},"64":{"start":{"line":210,"column":4},"end":{"line":213,"column":7}},"65":{"start":{"line":214,"column":4},"end":{"line":214,"column":16}},"66":{"start":{"line":217,"column":17},"end":{"line":217,"column":45}},"67":{"start":{"line":218,"column":21},"end":{"line":218,"column":53}},"68":{"start":{"line":219,"column":22},"end":{"line":219,"column":45}},"69":{"start":{"line":221,"column":2},"end":{"line":221,"column":67}},"70":{"start":{"line":222,"column":2},"end":{"line":222,"column":26}},"71":{"start":{"line":224,"column":2},"end":{"line":227,"column":3}},"72":{"start":{"line":225,"column":4},"end":{"line":225,"column":23}},"73":{"start":{"line":226,"column":4},"end":{"line":226,"column":16}},"74":{"start":{"line":229,"column":2},"end":{"line":229,"column":15}},"75":{"start":{"line":237,"column":31},"end":{"line":246,"column":1}},"76":{"start":{"line":238,"column":18},"end":{"line":238,"column":71}},"77":{"start":{"line":238,"column":49},"end":{"line":238,"column":70}},"78":{"start":{"line":240,"column":2},"end":{"line":245,"column":3}},"79":{"start":{"line":241,"column":4},"end":{"line":244,"column":6}},"80":{"start":{"line":254,"column":33},"end":{"line":264,"column":1}},"81":{"start":{"line":255,"column":2},"end":{"line":257,"column":3}},"82":{"start":{"line":256,"column":4},"end":{"line":256,"column":17}},"83":{"start":{"line":259,"column":16},"end":{"line":259,"column":47}},"84":{"start":{"line":260,"column":14},"end":{"line":260,"column":56}},"85":{"start":{"line":261,"column":17},"end":{"line":261,"column":74}},"86":{"start":{"line":263,"column":2},"end":{"line":263,"column":35}}},"fnMap":{"0":{"name":"(anonymous_0)","decl":{"start":{"line":14,"column":33},"end":{"line":14,"column":34}},"loc":{"start":{"line":14,"column":50},"end":{"line":16,"column":1}},"line":14},"1":{"name":"(anonymous_1)","decl":{"start":{"line":23,"column":33},"end":{"line":23,"column":34}},"loc":{"start":{"line":23,"column":39},"end":{"line":25,"column":1}},"line":23},"2":{"name":"(anonymous_2)","decl":{"start":{"line":33,"column":23},"end":{"line":33,"column":24}},"loc":{"start":{"line":33,"column":77},"end":{"line":54,"column":1}},"line":33},"3":{"name":"(anonymous_3)","decl":{"start":{"line":62,"column":23},"end":{"line":62,"column":24}},"loc":{"start":{"line":62,"column":86},"end":{"line":83,"column":1}},"line":62},"4":{"name":"(anonymous_4)","decl":{"start":{"line":91,"column":28},"end":{"line":91,"column":29}},"loc":{"start":{"line":91,"column":65},"end":{"line":101,"column":1}},"line":91},"5":{"name":"(anonymous_5)","decl":{"start":{"line":95,"column":21},"end":{"line":95,"column":22}},"loc":{"start":{"line":95,"column":42},"end":{"line":100,"column":3}},"line":95},"6":{"name":"(anonymous_6)","decl":{"start":{"line":96,"column":57},"end":{"line":96,"column":58}},"loc":{"start":{"line":96,"column":78},"end":{"line":99,"column":5}},"line":96},"7":{"name":"(anonymous_7)","decl":{"start":{"line":109,"column":30},"end":{"line":109,"column":31}},"loc":{"start":{"line":109,"column":56},"end":{"line":118,"column":1}},"line":109},"8":{"name":"(anonymous_8)","decl":{"start":{"line":112,"column":21},"end":{"line":112,"column":22}},"loc":{"start":{"line":112,"column":42},"end":{"line":117,"column":3}},"line":112},"9":{"name":"(anonymous_9)","decl":{"start":{"line":113,"column":38},"end":{"line":113,"column":39}},"loc":{"start":{"line":113,"column":59},"end":{"line":116,"column":5}},"line":113},"10":{"name":"(anonymous_10)","decl":{"start":{"line":126,"column":29},"end":{"line":126,"column":30}},"loc":{"start":{"line":126,"column":61},"end":{"line":138,"column":1}},"line":126},"11":{"name":"(anonymous_11)","decl":{"start":{"line":145,"column":36},"end":{"line":145,"column":37}},"loc":{"start":{"line":145,"column":49},"end":{"line":147,"column":1}},"line":145},"12":{"name":"(anonymous_12)","decl":{"start":{"line":154,"column":27},"end":{"line":154,"column":28}},"loc":{"start":{"line":154,"column":38},"end":{"line":161,"column":1}},"line":154},"13":{"name":"(anonymous_13)","decl":{"start":{"line":168,"column":29},"end":{"line":168,"column":30}},"loc":{"start":{"line":168,"column":40},"end":{"line":176,"column":1}},"line":168},"14":{"name":"(anonymous_14)","decl":{"start":{"line":183,"column":30},"end":{"line":183,"column":31}},"loc":{"start":{"line":183,"column":50},"end":{"line":186,"column":1}},"line":183},"15":{"name":"(anonymous_15)","decl":{"start":{"line":193,"column":26},"end":{"line":193,"column":27}},"loc":{"start":{"line":193,"column":38},"end":{"line":195,"column":1}},"line":193},"16":{"name":"(anonymous_16)","decl":{"start":{"line":206,"column":30},"end":{"line":206,"column":31}},"loc":{"start":{"line":206,"column":80},"end":{"line":230,"column":1}},"line":206},"17":{"name":"(anonymous_17)","decl":{"start":{"line":237,"column":31},"end":{"line":237,"column":32}},"loc":{"start":{"line":237,"column":49},"end":{"line":246,"column":1}},"line":237},"18":{"name":"(anonymous_18)","decl":{"start":{"line":238,"column":38},"end":{"line":238,"column":39}},"loc":{"start":{"line":238,"column":49},"end":{"line":238,"column":70}},"line":238},"19":{"name":"(anonymous_19)","decl":{"start":{"line":254,"column":33},"end":{"line":254,"column":34}},"loc":{"start":{"line":254,"column":61},"end":{"line":264,"column":1}},"line":254}},"branchMap":{"0":{"loc":{"start":{"line":14,"column":34},"end":{"line":14,"column":45}},"type":"default-arg","locations":[{"start":{"line":14,"column":43},"end":{"line":14,"column":45}}],"line":14},"1":{"loc":{"start":{"line":33,"column":30},"end":{"line":33,"column":72}},"type":"default-arg","locations":[{"start":{"line":33,"column":46},"end":{"line":33,"column":72}}],"line":33},"2":{"loc":{"start":{"line":34,"column":2},"end":{"line":36,"column":3}},"type":"if","locations":[{"start":{"line":34,"column":2},"end":{"line":36,"column":3}},{"start":{},"end":{}}],"line":34},"3":{"loc":{"start":{"line":34,"column":6},"end":{"line":34,"column":51}},"type":"binary-expr","locations":[{"start":{"line":34,"column":6},"end":{"line":34,"column":20}},{"start":{"line":34,"column":24},"end":{"line":34,"column":51}}],"line":34},"4":{"loc":{"start":{"line":62,"column":39},"end":{"line":62,"column":81}},"type":"default-arg","locations":[{"start":{"line":62,"column":55},"end":{"line":62,"column":81}}],"line":62},"5":{"loc":{"start":{"line":63,"column":2},"end":{"line":65,"column":3}},"type":"if","locations":[{"start":{"line":63,"column":2},"end":{"line":65,"column":3}},{"start":{},"end":{}}],"line":63},"6":{"loc":{"start":{"line":63,"column":6},"end":{"line":63,"column":51}},"type":"binary-expr","locations":[{"start":{"line":63,"column":6},"end":{"line":63,"column":20}},{"start":{"line":63,"column":24},"end":{"line":63,"column":51}}],"line":63},"7":{"loc":{"start":{"line":91,"column":45},"end":{"line":91,"column":60}},"type":"default-arg","locations":[{"start":{"line":91,"column":58},"end":{"line":91,"column":60}}],"line":91},"8":{"loc":{"start":{"line":97,"column":6},"end":{"line":97,"column":27}},"type":"if","locations":[{"start":{"line":97,"column":6},"end":{"line":97,"column":27}},{"start":{},"end":{}}],"line":97},"9":{"loc":{"start":{"line":114,"column":6},"end":{"line":114,"column":27}},"type":"if","locations":[{"start":{"line":114,"column":6},"end":{"line":114,"column":27}},{"start":{},"end":{}}],"line":114},"10":{"loc":{"start":{"line":126,"column":39},"end":{"line":126,"column":56}},"type":"default-arg","locations":[{"start":{"line":126,"column":51},"end":{"line":126,"column":56}}],"line":126},"11":{"loc":{"start":{"line":129,"column":2},"end":{"line":131,"column":3}},"type":"if","locations":[{"start":{"line":129,"column":2},"end":{"line":131,"column":3}},{"start":{},"end":{}}],"line":129},"12":{"loc":{"start":{"line":129,"column":6},"end":{"line":129,"column":35}},"type":"binary-expr","locations":[{"start":{"line":129,"column":6},"end":{"line":129,"column":13}},{"start":{"line":129,"column":17},"end":{"line":129,"column":35}}],"line":129},"13":{"loc":{"start":{"line":169,"column":2},"end":{"line":169,"column":46}},"type":"if","locations":[{"start":{"line":169,"column":2},"end":{"line":169,"column":46}},{"start":{},"end":{}}],"line":169},"14":{"loc":{"start":{"line":183,"column":31},"end":{"line":183,"column":45}},"type":"default-arg","locations":[{"start":{"line":183,"column":40},"end":{"line":183,"column":45}}],"line":183},"15":{"loc":{"start":{"line":206,"column":43},"end":{"line":206,"column":58}},"type":"default-arg","locations":[{"start":{"line":206,"column":55},"end":{"line":206,"column":58}}],"line":206},"16":{"loc":{"start":{"line":206,"column":60},"end":{"line":206,"column":75}},"type":"default-arg","locations":[{"start":{"line":206,"column":73},"end":{"line":206,"column":75}}],"line":206},"17":{"loc":{"start":{"line":209,"column":2},"end":{"line":215,"column":3}},"type":"if","locations":[{"start":{"line":209,"column":2},"end":{"line":215,"column":3}},{"start":{},"end":{}}],"line":209},"18":{"loc":{"start":{"line":224,"column":2},"end":{"line":227,"column":3}},"type":"if","locations":[{"start":{"line":224,"column":2},"end":{"line":227,"column":3}},{"start":{},"end":{}}],"line":224},"19":{"loc":{"start":{"line":240,"column":2},"end":{"line":245,"column":3}},"type":"if","locations":[{"start":{"line":240,"column":2},"end":{"line":245,"column":3}},{"start":{},"end":{}}],"line":240},"20":{"loc":{"start":{"line":254,"column":40},"end":{"line":254,"column":56}},"type":"default-arg","locations":[{"start":{"line":254,"column":55},"end":{"line":254,"column":56}}],"line":254},"21":{"loc":{"start":{"line":255,"column":2},"end":{"line":257,"column":3}},"type":"if","locations":[{"start":{"line":255,"column":2},"end":{"line":257,"column":3}},{"start":{},"end":{}}],"line":255},"22":{"loc":{"start":{"line":255,"column":6},"end":{"line":255,"column":46}},"type":"binary-expr","locations":[{"start":{"line":255,"column":6},"end":{"line":255,"column":11}},{"start":{"line":255,"column":15},"end":{"line":255,"column":46}}],"line":255}},"s":{"0":0,"1":0,"2":0,"3":0,"4":0,"5":0,"6":0,"7":0,"8":0,"9":0,"10":0,"11":0,"12":0,"13":0,"14":0,"15":0,"16":0,"17":0,"18":0,"19":0,"20":0,"21":0,"22":0,"23":0,"24":0,"25":0,"26":0,"27":0,"28":0,"29":0,"30":0,"31":0,"32":0,"33":0,"34":0,"35":0,"36":0,"37":0,"38":0,"39":0,"40":0,"41":0,"42":0,"43":0,"44":0,"45":0,"46":0,"47":0,"48":0,"49":0,"50":0,"51":0,"52":0,"53":0,"54":0,"55":0,"56":0,"57":0,"58":0,"59":0,"60":0,"61":0,"62":0,"63":0,"64":0,"65":0,"66":0,"67":0,"68":0,"69":0,"70":0,"71":0,"72":0,"73":0,"74":0,"75":0,"76":0,"77":0,"78":0,"79":0,"80":0,"81":0,"82":0,"83":0,"84":0,"85":0,"86":0},"f":{"0":0,"1":0,"2":0,"3":0,"4":0,"5":0,"6":0,"7":0,"8":0,"9":0,"10":0,"11":0,"12":0,"13":0,"14":0,"15":0,"16":0,"17":0,"18":0,"19":0},"b":{"0":[0],"1":[0],"2":[0,0],"3":[0,0],"4":[0],"5":[0,0],"6":[0,0],"7":[0],"8":[0,0],"9":[0,0],"10":[0],"11":[0,0],"12":[0,0],"13":[0,0],"14":[0],"15":[0],"16":[0],"17":[0,0],"18":[0,0],"19":[0,0],"20":[0],"21":[0,0],"22":[0,0]},"inputSourceMap":null}
}
