TN:
SF:gemini.js
FN:2,(anonymous_0)
FNF:1
FNH:0
FNDA:0,(anonymous_0)
DA:2,0
DA:3,0
DA:4,0
DA:7,0
DA:10,0
DA:119,0
DA:124,0
DA:126,0
LF:8
LH:0
BRDA:2,0,0,0
BRDA:7,1,0,0
BRDA:7,1,1,0
BRF:3
BRH:0
end_of_record
TN:
SF:index.js
FN:101,(anonymous_0)
FN:128,(anonymous_1)
FN:136,(anonymous_2)
FN:141,(anonymous_3)
FN:146,(anonymous_4)
FN:184,(anonymous_5)
FN:188,(anonymous_6)
FN:216,(anonymous_7)
FN:232,(anonymous_8)
FN:243,(anonymous_9)
FN:253,(anonymous_10)
FN:255,(anonymous_11)
FNF:12
FNH:0
FNDA:0,(anonymous_0)
FNDA:0,(anonymous_1)
FNDA:0,(anonymous_2)
FNDA:0,(anonymous_3)
FNDA:0,(anonymous_4)
FNDA:0,(anonymous_5)
FNDA:0,(anonymous_6)
FNDA:0,(anonymous_7)
FNDA:0,(anonymous_8)
FNDA:0,(anonymous_9)
FNDA:0,(anonymous_10)
FNDA:0,(anonymous_11)
DA:33,0
DA:36,0
DA:48,0
DA:50,0
DA:51,0
DA:54,0
DA:67,0
DA:74,0
DA:88,0
DA:97,0
DA:100,0
DA:102,0
DA:103,0
DA:105,0
DA:114,0
DA:117,0
DA:120,0
DA:123,0
DA:124,0
DA:125,0
DA:128,0
DA:129,0
DA:136,0
DA:137,0
DA:141,0
DA:142,0
DA:146,0
DA:147,0
DA:148,0
DA:149,0
DA:150,0
DA:152,0
DA:153,0
DA:162,0
DA:163,0
DA:164,0
DA:165,0
DA:166,0
DA:167,0
DA:168,0
DA:169,0
DA:170,0
DA:171,0
DA:172,0
DA:173,0
DA:174,0
DA:175,0
DA:178,0
DA:181,0
DA:184,0
DA:185,0
DA:188,0
DA:189,0
DA:190,0
DA:191,0
DA:194,0
DA:197,0
DA:200,0
DA:201,0
DA:203,0
DA:208,0
DA:216,0
DA:217,0
DA:218,0
DA:219,0
DA:224,0
DA:228,0
DA:232,0
DA:233,0
DA:239,0
DA:242,0
DA:243,0
DA:244,0
DA:245,0
DA:253,0
DA:254,0
DA:255,0
DA:256,0
DA:257,0
LF:79
LH:0
BRDA:102,0,0,0
BRDA:102,0,1,0
BRDA:102,1,0,0
BRDA:102,1,1,0
BRDA:239,2,0,0
BRDA:239,2,1,0
BRDA:242,3,0,0
BRDA:242,3,1,0
BRF:8
BRH:0
end_of_record
TN:
SF:config\cloudinary.js
FN:3,(anonymous_0)
FNF:1
FNH:0
FNDA:0,(anonymous_0)
DA:3,0
DA:4,0
DA:10,0
DA:11,0
DA:13,0
DA:14,0
DA:16,0
DA:17,0
LF:8
LH:0
BRF:0
BRH:0
end_of_record
TN:
SF:config\db.js
FN:3,(anonymous_0)
FNF:1
FNH:0
FNDA:0,(anonymous_0)
DA:3,0
DA:4,0
DA:5,0
DA:10,0
DA:12,0
DA:13,0
LF:6
LH:0
BRF:0
BRH:0
end_of_record
TN:
SF:config\gemini.js
FNF:0
FNH:0
DA:3,0
DA:13,0
LF:2
LH:0
BRF:0
BRH:0
end_of_record
TN:
SF:config\token.js
FN:3,(anonymous_0)
FNF:1
FNH:0
FNDA:0,(anonymous_0)
DA:3,0
DA:4,0
DA:5,0
DA:6,0
DA:9,0
DA:20,0
DA:22,0
DA:23,0
LF:8
LH:0
BRDA:5,0,0,0
BRDA:5,0,1,0
BRF:2
BRH:0
end_of_record
TN:
SF:controllers\ai.controller.js
FN:20,(anonymous_0)
FN:83,(anonymous_1)
FN:144,(anonymous_2)
FN:156,(anonymous_3)
FN:170,(anonymous_4)
FN:178,(anonymous_5)
FN:188,(anonymous_6)
FN:198,(anonymous_7)
FN:208,(anonymous_8)
FN:223,(anonymous_9)
FN:239,(anonymous_10)
FN:250,(anonymous_11)
FN:261,(anonymous_12)
FN:270,(anonymous_13)
FN:279,(anonymous_14)
FN:288,(anonymous_15)
FN:320,(anonymous_16)
FN:333,(anonymous_17)
FN:344,(anonymous_18)
FN:356,(anonymous_19)
FN:367,(anonymous_20)
FN:404,(anonymous_21)
FN:414,(anonymous_22)
FN:425,(anonymous_23)
FN:436,(anonymous_24)
FN:471,(anonymous_25)
FN:505,(anonymous_26)
FN:515,(anonymous_27)
FN:526,(anonymous_28)
FN:536,(anonymous_29)
FN:546,(anonymous_30)
FN:557,(anonymous_31)
FN:569,(anonymous_32)
FN:581,(anonymous_33)
FN:593,(anonymous_34)
FN:608,(anonymous_35)
FN:651,(anonymous_36)
FN:692,(anonymous_37)
FN:735,(anonymous_38)
FN:776,(anonymous_39)
FN:823,(anonymous_40)
FN:864,(anonymous_41)
FN:905,(anonymous_42)
FN:946,(anonymous_43)
FN:1000,(anonymous_44)
FN:1013,(anonymous_45)
FN:1027,(anonymous_46)
FN:1042,(anonymous_47)
FN:1055,(anonymous_48)
FN:1068,(anonymous_49)
FN:1083,(anonymous_50)
FN:1096,(anonymous_51)
FN:1111,(anonymous_52)
FN:1126,(anonymous_53)
FN:1141,(anonymous_54)
FN:1154,(anonymous_55)
FN:1167,(anonymous_56)
FNF:57
FNH:0
FNDA:0,(anonymous_0)
FNDA:0,(anonymous_1)
FNDA:0,(anonymous_2)
FNDA:0,(anonymous_3)
FNDA:0,(anonymous_4)
FNDA:0,(anonymous_5)
FNDA:0,(anonymous_6)
FNDA:0,(anonymous_7)
FNDA:0,(anonymous_8)
FNDA:0,(anonymous_9)
FNDA:0,(anonymous_10)
FNDA:0,(anonymous_11)
FNDA:0,(anonymous_12)
FNDA:0,(anonymous_13)
FNDA:0,(anonymous_14)
FNDA:0,(anonymous_15)
FNDA:0,(anonymous_16)
FNDA:0,(anonymous_17)
FNDA:0,(anonymous_18)
FNDA:0,(anonymous_19)
FNDA:0,(anonymous_20)
FNDA:0,(anonymous_21)
FNDA:0,(anonymous_22)
FNDA:0,(anonymous_23)
FNDA:0,(anonymous_24)
FNDA:0,(anonymous_25)
FNDA:0,(anonymous_26)
FNDA:0,(anonymous_27)
FNDA:0,(anonymous_28)
FNDA:0,(anonymous_29)
FNDA:0,(anonymous_30)
FNDA:0,(anonymous_31)
FNDA:0,(anonymous_32)
FNDA:0,(anonymous_33)
FNDA:0,(anonymous_34)
FNDA:0,(anonymous_35)
FNDA:0,(anonymous_36)
FNDA:0,(anonymous_37)
FNDA:0,(anonymous_38)
FNDA:0,(anonymous_39)
FNDA:0,(anonymous_40)
FNDA:0,(anonymous_41)
FNDA:0,(anonymous_42)
FNDA:0,(anonymous_43)
FNDA:0,(anonymous_44)
FNDA:0,(anonymous_45)
FNDA:0,(anonymous_46)
FNDA:0,(anonymous_47)
FNDA:0,(anonymous_48)
FNDA:0,(anonymous_49)
FNDA:0,(anonymous_50)
FNDA:0,(anonymous_51)
FNDA:0,(anonymous_52)
FNDA:0,(anonymous_53)
FNDA:0,(anonymous_54)
FNDA:0,(anonymous_55)
FNDA:0,(anonymous_56)
DA:21,0
DA:84,0
DA:85,0
DA:88,0
DA:91,0
DA:94,0
DA:97,0
DA:101,0
DA:103,0
DA:105,0
DA:106,0
DA:108,0
DA:109,0
DA:117,0
DA:120,0
DA:123,0
DA:124,0
DA:125,0
DA:126,0
DA:129,0
DA:131,0
DA:132,0
DA:145,0
DA:146,0
DA:148,0
DA:150,0
DA:157,0
DA:158,0
DA:164,0
DA:171,0
DA:179,0
DA:180,0
DA:189,0
DA:190,0
DA:199,0
DA:200,0
DA:209,0
DA:210,0
DA:215,0
DA:224,0
DA:225,0
DA:231,0
DA:240,0
DA:241,0
DA:242,0
DA:251,0
DA:252,0
DA:253,0
DA:262,0
DA:271,0
DA:280,0
DA:289,0
DA:291,0
DA:293,0
DA:294,0
DA:295,0
DA:303,0
DA:311,0
DA:312,0
DA:322,0
DA:334,0
DA:345,0
DA:357,0
DA:368,0
DA:369,0
DA:371,0
DA:372,0
DA:380,0
DA:388,0
DA:395,0
DA:396,0
DA:405,0
DA:415,0
DA:426,0
DA:437,0
DA:438,0
DA:440,0
DA:441,0
DA:448,0
DA:456,0
DA:462,0
DA:463,0
DA:472,0
DA:473,0
DA:475,0
DA:476,0
DA:480,0
DA:488,0
DA:496,0
DA:497,0
DA:506,0
DA:516,0
DA:527,0
DA:537,0
DA:547,0
DA:558,0
DA:570,0
DA:582,0
DA:594,0
DA:609,0
DA:610,0
DA:612,0
DA:613,0
DA:620,0
DA:623,0
DA:625,0
DA:639,0
DA:640,0
DA:652,0
DA:653,0
DA:655,0
DA:656,0
DA:663,0
DA:665,0
DA:667,0
DA:680,0
DA:681,0
DA:693,0
DA:694,0
DA:696,0
DA:697,0
DA:704,0
DA:706,0
DA:708,0
DA:721,0
DA:722,0
DA:736,0
DA:737,0
DA:739,0
DA:740,0
DA:741,0
DA:750,0
DA:751,0
DA:753,0
DA:761,0
DA:762,0
DA:763,0
DA:777,0
DA:778,0
DA:780,0
DA:781,0
DA:782,0
DA:792,0
DA:800,0
DA:801,0
DA:803,0
DA:811,0
DA:812,0
DA:824,0
DA:825,0
DA:827,0
DA:828,0
DA:829,0
DA:838,0
DA:839,0
DA:841,0
DA:849,0
DA:850,0
DA:851,0
DA:865,0
DA:866,0
DA:868,0
DA:869,0
DA:870,0
DA:879,0
DA:880,0
DA:882,0
DA:890,0
DA:891,0
DA:892,0
DA:906,0
DA:907,0
DA:909,0
DA:910,0
DA:911,0
DA:920,0
DA:921,0
DA:923,0
DA:931,0
DA:932,0
DA:933,0
DA:947,0
DA:948,0
DA:950,0
DA:951,0
DA:952,0
DA:961,0
DA:969,0
DA:970,0
DA:977,0
DA:978,0
DA:980,0
DA:988,0
DA:989,0
DA:1001,0
DA:1014,0
DA:1028,0
DA:1029,0
DA:1043,0
DA:1056,0
DA:1069,0
DA:1070,0
DA:1084,0
DA:1097,0
DA:1098,0
DA:1112,0
DA:1113,0
DA:1127,0
DA:1128,0
DA:1142,0
DA:1155,0
DA:1168,0
DA:1179,0
LF:213
LH:0
BRDA:103,0,0,0
BRDA:103,0,1,0
BRDA:105,1,0,0
BRDA:105,1,1,0
BRDA:105,2,0,0
BRDA:105,2,1,0
BRDA:120,3,0,0
BRDA:120,3,1,0
BRDA:124,4,0,0
BRDA:124,4,1,0
BRDA:146,5,0,0
BRDA:146,5,1,0
BRDA:291,6,0,0
BRDA:291,6,1,0
BRDA:293,7,0,0
BRDA:293,7,1,0
BRDA:371,8,0,0
BRDA:371,8,1,0
BRDA:371,9,0,0
BRDA:371,9,1,0
BRDA:371,9,2,0
BRDA:374,10,0,0
BRDA:374,10,1,0
BRDA:376,11,0,0
BRDA:376,11,1,0
BRDA:440,12,0,0
BRDA:440,12,1,0
BRDA:440,13,0,0
BRDA:440,13,1,0
BRDA:442,14,0,0
BRDA:442,14,1,0
BRDA:444,15,0,0
BRDA:444,15,1,0
BRDA:445,16,0,0
BRDA:445,16,1,0
BRDA:473,17,0,0
BRDA:473,17,1,0
BRDA:475,18,0,0
BRDA:475,18,1,0
BRDA:476,19,0,0
BRDA:476,19,1,0
BRDA:610,20,0,0
BRDA:610,20,1,0
BRDA:610,20,2,0
BRDA:612,21,0,0
BRDA:612,21,1,0
BRDA:653,22,0,0
BRDA:653,22,1,0
BRDA:653,22,2,0
BRDA:655,23,0,0
BRDA:655,23,1,0
BRDA:694,24,0,0
BRDA:694,24,1,0
BRDA:694,24,2,0
BRDA:696,25,0,0
BRDA:696,25,1,0
BRDA:737,26,0,0
BRDA:737,26,1,0
BRDA:739,27,0,0
BRDA:739,27,1,0
BRDA:778,28,0,0
BRDA:778,28,1,0
BRDA:780,29,0,0
BRDA:780,29,1,0
BRDA:793,30,0,0
BRDA:793,30,1,0
BRDA:793,30,2,0
BRDA:794,31,0,0
BRDA:794,31,1,0
BRDA:796,32,0,0
BRDA:796,32,1,0
BRDA:797,33,0,0
BRDA:797,33,1,0
BRDA:825,34,0,0
BRDA:825,34,1,0
BRDA:827,35,0,0
BRDA:827,35,1,0
BRDA:866,36,0,0
BRDA:866,36,1,0
BRDA:868,37,0,0
BRDA:868,37,1,0
BRDA:907,38,0,0
BRDA:907,38,1,0
BRDA:909,39,0,0
BRDA:909,39,1,0
BRDA:948,40,0,0
BRDA:948,40,1,0
BRDA:950,41,0,0
BRDA:950,41,1,0
BRDA:962,42,0,0
BRDA:962,42,1,0
BRDA:963,43,0,0
BRDA:963,43,1,0
BRDA:964,44,0,0
BRDA:964,44,1,0
BRDA:964,44,2,0
BRDA:969,45,0,0
BRDA:969,45,1,0
BRDA:1017,46,0,0
BRDA:1017,46,1,0
BRDA:1019,47,0,0
BRDA:1019,47,1,0
BRDA:1028,48,0,0
BRDA:1028,48,1,0
BRDA:1028,48,2,0
BRDA:1069,49,0,0
BRDA:1069,49,1,0
BRDA:1069,49,2,0
BRDA:1097,50,0,0
BRDA:1097,50,1,0
BRDA:1097,50,2,0
BRDA:1112,51,0,0
BRDA:1112,51,1,0
BRDA:1112,51,2,0
BRDA:1127,52,0,0
BRDA:1127,52,1,0
BRDA:1127,52,2,0
BRF:117
BRH:0
end_of_record
TN:
SF:controllers\auth.controllers.js
FN:4,(anonymous_0)
FN:38,(anonymous_1)
FN:68,(anonymous_2)
FNF:3
FNH:0
FNDA:0,(anonymous_0)
FNDA:0,(anonymous_1)
FNDA:0,(anonymous_2)
DA:4,0
DA:5,0
DA:6,0
DA:8,0
DA:9,0
DA:10,0
DA:12,0
DA:13,0
DA:16,0
DA:18,0
DA:22,0
DA:24,0
DA:31,0
DA:34,0
DA:38,0
DA:39,0
DA:40,0
DA:42,0
DA:43,0
DA:44,0
DA:46,0
DA:48,0
DA:49,0
DA:52,0
DA:54,0
DA:61,0
DA:64,0
DA:68,0
DA:69,0
DA:70,0
DA:71,0
DA:73,0
LF:32
LH:0
BRDA:9,0,0,0
BRDA:9,0,1,0
BRDA:12,1,0,0
BRDA:12,1,1,0
BRDA:43,2,0,0
BRDA:43,2,1,0
BRDA:48,3,0,0
BRDA:48,3,1,0
BRF:8
BRH:0
end_of_record
TN:
SF:controllers\user.controllers.js
FN:6,(anonymous_0)
FN:20,(anonymous_1)
FN:82,(anonymous_2)
FN:152,(anonymous_3)
FN:178,(anonymous_4)
FN:203,(anonymous_5)
FNF:6
FNH:0
FNDA:0,(anonymous_0)
FNDA:0,(anonymous_1)
FNDA:0,(anonymous_2)
FNDA:0,(anonymous_3)
FNDA:0,(anonymous_4)
FNDA:0,(anonymous_5)
DA:6,0
DA:7,0
DA:8,0
DA:9,0
DA:10,0
DA:11,0
DA:14,0
DA:16,0
DA:20,0
DA:21,0
DA:22,0
DA:24,0
DA:25,0
DA:32,0
DA:34,0
DA:35,0
DA:36,0
DA:41,0
DA:43,0
DA:47,0
DA:59,0
DA:60,0
DA:66,0
DA:73,0
DA:74,0
DA:82,0
DA:83,0
DA:84,0
DA:85,0
DA:86,0
DA:87,0
DA:88,0
DA:89,0
DA:90,0
DA:92,0
DA:93,0
DA:94,0
DA:96,0
DA:97,0
DA:98,0
DA:100,0
DA:102,0
DA:108,0
DA:114,0
DA:120,0
DA:133,0
DA:140,0
DA:145,0
DA:152,0
DA:153,0
DA:154,0
DA:155,0
DA:157,0
DA:162,0
DA:167,0
DA:168,0
DA:178,0
DA:179,0
DA:180,0
DA:182,0
DA:187,0
DA:192,0
DA:193,0
DA:203,0
DA:204,0
DA:205,0
DA:206,0
DA:208,0
DA:213,0
DA:214,0
DA:220,0
DA:225,0
DA:226,0
LF:73
LH:0
BRDA:10,0,0,0
BRDA:10,0,1,0
BRDA:24,1,0,0
BRDA:24,1,1,0
BRDA:32,2,0,0
BRDA:32,2,1,0
BRDA:35,3,0,0
BRDA:35,3,1,0
BRDA:41,4,0,0
BRDA:41,4,1,0
BRDA:51,5,0,0
BRDA:51,5,1,0
BRDA:59,6,0,0
BRDA:59,6,1,0
BRDA:76,7,0,0
BRDA:76,7,1,0
BRDA:93,8,0,0
BRDA:93,8,1,0
BRDA:100,9,0,0
BRDA:100,9,1,0
BRDA:100,9,2,0
BRDA:100,9,3,0
BRDA:100,9,4,0
BRDA:100,9,5,0
BRDA:100,9,6,0
BRDA:100,9,7,0
BRDA:100,9,8,0
BRDA:100,9,9,0
BRDA:100,9,10,0
BRDA:100,9,11,0
BRDA:100,9,12,0
BRDA:155,10,0,0
BRDA:155,10,1,0
BRDA:213,11,0,0
BRDA:213,11,1,0
BRF:35
BRH:0
end_of_record
TN:
SF:middlewares\errorHandler.enhanced.js
FN:13,(anonymous_0)
FN:23,(anonymous_1)
FN:31,(anonymous_2)
FN:38,(anonymous_3)
FN:45,(anonymous_4)
FN:52,(anonymous_5)
FN:59,(anonymous_6)
FN:66,(anonymous_7)
FN:76,(anonymous_8)
FN:115,(anonymous_9)
FN:140,(anonymous_10)
FN:142,(anonymous_11)
FN:161,(anonymous_12)
FN:173,(anonymous_13)
FN:188,(anonymous_14)
FN:213,(anonymous_15)
FN:221,(anonymous_16)
FN:222,(anonymous_17)
FN:230,(anonymous_18)
FN:231,(anonymous_19)
FN:238,(anonymous_20)
FN:253,(anonymous_21)
FN:255,(anonymous_22)
FN:264,(anonymous_23)
FN:273,(anonymous_24)
FNF:25
FNH:0
FNDA:0,(anonymous_0)
FNDA:0,(anonymous_1)
FNDA:0,(anonymous_2)
FNDA:0,(anonymous_3)
FNDA:0,(anonymous_4)
FNDA:0,(anonymous_5)
FNDA:0,(anonymous_6)
FNDA:0,(anonymous_7)
FNDA:0,(anonymous_8)
FNDA:0,(anonymous_9)
FNDA:0,(anonymous_10)
FNDA:0,(anonymous_11)
FNDA:0,(anonymous_12)
FNDA:0,(anonymous_13)
FNDA:0,(anonymous_14)
FNDA:0,(anonymous_15)
FNDA:0,(anonymous_16)
FNDA:0,(anonymous_17)
FNDA:0,(anonymous_18)
FNDA:0,(anonymous_19)
FNDA:0,(anonymous_20)
FNDA:0,(anonymous_21)
FNDA:0,(anonymous_22)
FNDA:0,(anonymous_23)
FNDA:0,(anonymous_24)
DA:14,0
DA:15,0
DA:16,0
DA:17,0
DA:18,0
DA:24,0
DA:25,0
DA:26,0
DA:32,0
DA:33,0
DA:39,0
DA:40,0
DA:46,0
DA:47,0
DA:53,0
DA:54,0
DA:60,0
DA:61,0
DA:67,0
DA:68,0
DA:69,0
DA:76,0
DA:77,0
DA:88,0
DA:89,0
DA:93,0
DA:94,0
DA:98,0
DA:99,0
DA:100,0
DA:101,0
DA:105,0
DA:106,0
DA:109,0
DA:115,0
DA:116,0
DA:128,0
DA:129,0
DA:130,0
DA:131,0
DA:133,0
DA:140,0
DA:141,0
DA:142,0
DA:146,0
DA:149,0
DA:150,0
DA:153,0
DA:154,0
DA:155,0
DA:158,0
DA:161,0
DA:162,0
DA:163,0
DA:166,0
DA:167,0
DA:170,0
DA:173,0
DA:174,0
DA:175,0
DA:178,0
DA:179,0
DA:182,0
DA:188,0
DA:190,0
DA:192,0
DA:193,0
DA:194,0
DA:195,0
DA:196,0
DA:197,0
DA:201,0
DA:204,0
DA:207,0
DA:213,0
DA:214,0
DA:215,0
DA:221,0
DA:222,0
DA:223,0
DA:230,0
DA:231,0
DA:232,0
DA:237,0
DA:238,0
DA:242,0
DA:245,0
DA:246,0
DA:253,0
DA:255,0
DA:256,0
DA:260,0
DA:264,0
DA:265,0
DA:269,0
DA:273,0
DA:274,0
DA:275,0
LF:98
LH:0
BRDA:13,0,0,0
BRDA:13,1,0,0
BRDA:23,2,0,0
BRDA:31,3,0,0
BRDA:38,4,0,0
BRDA:45,5,0,0
BRDA:52,6,0,0
BRDA:59,7,0,0
BRDA:66,8,0,0
BRDA:80,9,0,0
BRDA:80,9,1,0
BRDA:81,10,0,0
BRDA:81,10,1,0
BRDA:82,11,0,0
BRDA:82,11,1,0
BRDA:83,12,0,0
BRDA:83,12,1,0
BRDA:88,13,0,0
BRDA:88,13,1,0
BRDA:88,14,0,0
BRDA:88,14,1,0
BRDA:93,15,0,0
BRDA:93,15,1,0
BRDA:98,16,0,0
BRDA:98,16,1,0
BRDA:105,17,0,0
BRDA:105,17,1,0
BRDA:128,18,0,0
BRDA:128,18,1,0
BRDA:130,19,0,0
BRDA:130,19,1,0
BRDA:141,20,0,0
BRDA:141,20,1,0
BRDA:149,21,0,0
BRDA:149,21,1,0
BRDA:153,22,0,0
BRDA:153,22,1,0
BRDA:162,23,0,0
BRDA:162,23,1,0
BRDA:166,24,0,0
BRDA:166,24,1,0
BRDA:174,25,0,0
BRDA:174,25,1,0
BRDA:178,26,0,0
BRDA:178,26,1,0
BRDA:192,27,0,0
BRDA:192,27,1,0
BRDA:192,28,0,0
BRDA:192,28,1,0
BRDA:192,28,2,0
BRDA:194,29,0,0
BRDA:194,29,1,0
BRDA:194,30,0,0
BRDA:194,30,1,0
BRDA:196,31,0,0
BRDA:196,31,1,0
BRDA:207,32,0,0
BRDA:207,32,1,0
BRDA:237,33,0,0
BRDA:237,33,1,0
BRF:60
BRH:0
end_of_record
TN:
SF:middlewares\errorHandler.js
FNF:0
FNH:0
LF:0
LH:0
BRF:0
BRH:0
end_of_record
TN:
SF:middlewares\isAuth.js
FN:2,(anonymous_0)
FNF:1
FNH:0
FNDA:0,(anonymous_0)
DA:2,0
DA:3,0
DA:4,0
DA:5,0
DA:6,0
DA:12,0
DA:13,0
DA:14,0
DA:20,0
DA:21,0
DA:23,0
DA:24,0
DA:25,0
DA:30,0
DA:31,0
DA:36,0
LF:16
LH:0
BRDA:5,0,0,0
BRDA:5,0,1,0
BRDA:13,1,0,0
BRDA:13,1,1,0
BRDA:24,2,0,0
BRDA:24,2,1,0
BRDA:30,3,0,0
BRDA:30,3,1,0
BRF:8
BRH:0
end_of_record
TN:
SF:middlewares\multer.js
FN:5,(anonymous_0)
FN:15,(anonymous_1)
FN:18,(anonymous_2)
FNF:3
FNH:0
FNDA:0,(anonymous_0)
FNDA:0,(anonymous_1)
FNDA:0,(anonymous_2)
DA:5,0
DA:6,0
DA:7,0
DA:8,0
DA:10,0
DA:14,0
DA:16,0
DA:19,0
DA:20,0
DA:24,0
LF:10
LH:0
BRDA:7,0,0,0
BRDA:7,0,1,0
BRF:2
BRH:0
end_of_record
TN:
SF:models\conversation.model.js
FNF:0
FNH:0
DA:8,0
DA:55,0
DA:56,0
DA:59,0
DA:61,0
LF:5
LH:0
BRF:0
BRH:0
end_of_record
TN:
SF:models\note.model.js
FNF:0
FNH:0
DA:8,0
DA:54,0
DA:55,0
DA:56,0
DA:59,0
DA:61,0
LF:6
LH:0
BRF:0
BRH:0
end_of_record
TN:
SF:models\reminder.model.js
FNF:0
FNH:0
DA:8,0
DA:51,0
DA:53,0
LF:3
LH:0
BRF:0
BRH:0
end_of_record
TN:
SF:models\user.model.js
FNF:0
FNH:0
DA:3,0
DA:29,0
LF:2
LH:0
BRF:0
BRH:0
end_of_record
TN:
SF:routes\auth.routes.js
FN:7,(anonymous_0)
FN:15,(anonymous_1)
FN:23,(anonymous_2)
FNF:3
FNH:0
FNDA:0,(anonymous_0)
FNDA:0,(anonymous_1)
FNDA:0,(anonymous_2)
DA:4,0
DA:7,0
DA:8,0
DA:9,0
DA:11,0
DA:15,0
DA:16,0
DA:17,0
DA:19,0
DA:23,0
DA:24,0
DA:25,0
DA:27,0
LF:13
LH:0
BRF:0
BRH:0
end_of_record
TN:
SF:routes\calendar.routes.js
FN:11,(anonymous_0)
FN:25,(anonymous_1)
FN:54,(anonymous_2)
FN:77,(anonymous_3)
FN:101,(anonymous_4)
FN:124,(anonymous_5)
FN:148,(anonymous_6)
FN:178,(anonymous_7)
FNF:8
FNH:0
FNDA:0,(anonymous_0)
FNDA:0,(anonymous_1)
FNDA:0,(anonymous_2)
FNDA:0,(anonymous_3)
FNDA:0,(anonymous_4)
FNDA:0,(anonymous_5)
FNDA:0,(anonymous_6)
FNDA:0,(anonymous_7)
DA:5,0
DA:11,0
DA:12,0
DA:13,0
DA:14,0
DA:16,0
DA:25,0
DA:26,0
DA:27,0
DA:29,0
DA:30,0
DA:36,0
DA:38,0
DA:41,0
DA:43,0
DA:46,0
DA:54,0
DA:55,0
DA:56,0
DA:58,0
DA:59,0
DA:65,0
DA:66,0
DA:68,0
DA:77,0
DA:78,0
DA:79,0
DA:80,0
DA:82,0
DA:83,0
DA:89,0
DA:90,0
DA:92,0
DA:101,0
DA:102,0
DA:103,0
DA:105,0
DA:106,0
DA:112,0
DA:113,0
DA:114,0
DA:116,0
DA:124,0
DA:125,0
DA:126,0
DA:127,0
DA:129,0
DA:130,0
DA:136,0
DA:137,0
DA:139,0
DA:148,0
DA:149,0
DA:150,0
DA:151,0
DA:153,0
DA:154,0
DA:160,0
DA:161,0
DA:167,0
DA:168,0
DA:170,0
DA:178,0
DA:179,0
DA:180,0
LF:65
LH:0
BRDA:29,0,0,0
BRDA:29,0,1,0
BRDA:38,1,0,0
BRDA:38,1,1,0
BRDA:58,2,0,0
BRDA:58,2,1,0
BRDA:80,3,0,0
BRDA:80,3,1,0
BRDA:82,4,0,0
BRDA:82,4,1,0
BRDA:105,5,0,0
BRDA:105,5,1,0
BRDA:129,6,0,0
BRDA:129,6,1,0
BRDA:153,7,0,0
BRDA:153,7,1,0
BRDA:160,8,0,0
BRDA:160,8,1,0
BRF:18
BRH:0
end_of_record
TN:
SF:routes\device.routes.js
FN:16,(anonymous_0)
FN:42,(anonymous_1)
FN:92,(anonymous_2)
FN:157,(anonymous_3)
FN:180,(anonymous_4)
FNF:5
FNH:0
FNDA:0,(anonymous_0)
FNDA:0,(anonymous_1)
FNDA:0,(anonymous_2)
FNDA:0,(anonymous_3)
FNDA:0,(anonymous_4)
DA:9,0
DA:16,0
DA:17,0
DA:18,0
DA:20,0
DA:22,0
DA:29,0
DA:30,0
DA:42,0
DA:43,0
DA:44,0
DA:46,0
DA:47,0
DA:53,0
DA:56,0
DA:58,0
DA:59,0
DA:61,0
DA:62,0
DA:64,0
DA:65,0
DA:67,0
DA:73,0
DA:79,0
DA:80,0
DA:92,0
DA:93,0
DA:94,0
DA:96,0
DA:97,0
DA:103,0
DA:106,0
DA:108,0
DA:109,0
DA:111,0
DA:112,0
DA:114,0
DA:115,0
DA:117,0
DA:118,0
DA:120,0
DA:121,0
DA:123,0
DA:124,0
DA:126,0
DA:127,0
DA:129,0
DA:130,0
DA:132,0
DA:138,0
DA:144,0
DA:145,0
DA:157,0
DA:158,0
DA:159,0
DA:161,0
DA:167,0
DA:168,0
DA:180,0
DA:181,0
DA:182,0
DA:184,0
DA:185,0
DA:191,0
DA:193,0
DA:195,0
DA:200,0
DA:201,0
LF:68
LH:0
BRDA:46,0,0,0
BRDA:46,0,1,0
BRDA:46,1,0,0
BRDA:46,1,1,0
BRDA:56,2,0,0
BRDA:56,2,1,0
BRDA:56,2,2,0
BRDA:56,2,3,0
BRDA:96,3,0,0
BRDA:96,3,1,0
BRDA:96,4,0,0
BRDA:96,4,1,0
BRDA:106,5,0,0
BRDA:106,5,1,0
BRDA:106,5,2,0
BRDA:106,5,3,0
BRDA:106,5,4,0
BRDA:106,5,5,0
BRDA:106,5,6,0
BRDA:106,5,7,0
BRDA:106,5,8,0
BRDA:184,6,0,0
BRDA:184,6,1,0
BRF:23
BRH:0
end_of_record
TN:
SF:routes\gmail.routes.js
FN:11,(anonymous_0)
FN:25,(anonymous_1)
FN:54,(anonymous_2)
FN:77,(anonymous_3)
FN:101,(anonymous_4)
FN:132,(anonymous_5)
FN:163,(anonymous_6)
FN:186,(anonymous_7)
FN:209,(anonymous_8)
FNF:9
FNH:0
FNDA:0,(anonymous_0)
FNDA:0,(anonymous_1)
FNDA:0,(anonymous_2)
FNDA:0,(anonymous_3)
FNDA:0,(anonymous_4)
FNDA:0,(anonymous_5)
FNDA:0,(anonymous_6)
FNDA:0,(anonymous_7)
FNDA:0,(anonymous_8)
DA:5,0
DA:11,0
DA:12,0
DA:13,0
DA:14,0
DA:16,0
DA:25,0
DA:26,0
DA:27,0
DA:29,0
DA:30,0
DA:36,0
DA:38,0
DA:41,0
DA:43,0
DA:46,0
DA:54,0
DA:55,0
DA:56,0
DA:58,0
DA:59,0
DA:65,0
DA:66,0
DA:68,0
DA:77,0
DA:78,0
DA:79,0
DA:80,0
DA:82,0
DA:83,0
DA:89,0
DA:90,0
DA:92,0
DA:101,0
DA:102,0
DA:103,0
DA:104,0
DA:106,0
DA:107,0
DA:113,0
DA:114,0
DA:120,0
DA:121,0
DA:123,0
DA:132,0
DA:133,0
DA:134,0
DA:136,0
DA:137,0
DA:143,0
DA:145,0
DA:146,0
DA:152,0
DA:153,0
DA:155,0
DA:163,0
DA:164,0
DA:165,0
DA:166,0
DA:168,0
DA:169,0
DA:175,0
DA:176,0
DA:178,0
DA:186,0
DA:187,0
DA:188,0
DA:189,0
DA:191,0
DA:192,0
DA:198,0
DA:199,0
DA:201,0
DA:209,0
DA:210,0
DA:211,0
LF:76
LH:0
BRDA:29,0,0,0
BRDA:29,0,1,0
BRDA:38,1,0,0
BRDA:38,1,1,0
BRDA:58,2,0,0
BRDA:58,2,1,0
BRDA:80,3,0,0
BRDA:80,3,1,0
BRDA:82,4,0,0
BRDA:82,4,1,0
BRDA:106,5,0,0
BRDA:106,5,1,0
BRDA:113,6,0,0
BRDA:113,6,1,0
BRDA:136,7,0,0
BRDA:136,7,1,0
BRDA:145,8,0,0
BRDA:145,8,1,0
BRDA:145,9,0,0
BRDA:145,9,1,0
BRDA:168,10,0,0
BRDA:168,10,1,0
BRDA:191,11,0,0
BRDA:191,11,1,0
BRF:24
BRH:0
end_of_record
TN:
SF:routes\music.routes.js
FN:21,(anonymous_0)
FN:89,(anonymous_1)
FN:112,(anonymous_2)
FN:135,(anonymous_3)
FN:158,(anonymous_4)
FN:181,(anonymous_5)
FN:214,(anonymous_6)
FN:245,(anonymous_7)
FN:263,(anonymous_8)
FN:293,(anonymous_9)
FN:313,(anonymous_10)
FN:317,(anonymous_11)
FNF:12
FNH:0
FNDA:0,(anonymous_0)
FNDA:0,(anonymous_1)
FNDA:0,(anonymous_2)
FNDA:0,(anonymous_3)
FNDA:0,(anonymous_4)
FNDA:0,(anonymous_5)
FNDA:0,(anonymous_6)
FNDA:0,(anonymous_7)
FNDA:0,(anonymous_8)
FNDA:0,(anonymous_9)
FNDA:0,(anonymous_10)
FNDA:0,(anonymous_11)
DA:14,0
DA:21,0
DA:22,0
DA:23,0
DA:24,0
DA:26,0
DA:27,0
DA:34,0
DA:36,0
DA:38,0
DA:40,0
DA:44,0
DA:45,0
DA:47,0
DA:55,0
DA:63,0
DA:64,0
DA:76,0
DA:77,0
DA:89,0
DA:90,0
DA:91,0
DA:92,0
DA:94,0
DA:99,0
DA:100,0
DA:112,0
DA:113,0
DA:114,0
DA:115,0
DA:117,0
DA:122,0
DA:123,0
DA:135,0
DA:136,0
DA:137,0
DA:138,0
DA:140,0
DA:145,0
DA:146,0
DA:158,0
DA:159,0
DA:160,0
DA:161,0
DA:163,0
DA:168,0
DA:169,0
DA:181,0
DA:182,0
DA:183,0
DA:184,0
DA:186,0
DA:187,0
DA:193,0
DA:195,0
DA:201,0
DA:202,0
DA:214,0
DA:215,0
DA:216,0
DA:218,0
DA:226,0
DA:232,0
DA:233,0
DA:245,0
DA:246,0
DA:247,0
DA:248,0
DA:250,0
DA:251,0
DA:263,0
DA:264,0
DA:265,0
DA:267,0
DA:268,0
DA:274,0
DA:276,0
DA:278,0
DA:280,0
DA:283,0
DA:284,0
DA:293,0
DA:294,0
DA:295,0
DA:296,0
DA:297,0
DA:299,0
DA:300,0
DA:312,0
DA:314,0
DA:315,0
DA:318,0
DA:319,0
DA:321,0
DA:322,0
DA:328,0
DA:329,0
DA:331,0
DA:333,0
DA:335,0
LF:100
LH:0
BRDA:24,0,0,0
BRDA:24,0,1,0
BRDA:26,1,0,0
BRDA:26,1,1,0
BRDA:26,2,0,0
BRDA:26,2,1,0
BRDA:34,3,0,0
BRDA:34,3,1,0
BRDA:34,4,0,0
BRDA:34,4,1,0
BRDA:38,5,0,0
BRDA:38,5,1,0
BRDA:44,6,0,0
BRDA:44,6,1,0
BRDA:44,7,0,0
BRDA:44,7,1,0
BRDA:63,8,0,0
BRDA:63,8,1,0
BRDA:70,9,0,0
BRDA:70,9,1,0
BRDA:71,10,0,0
BRDA:71,10,1,0
BRDA:91,11,0,0
BRDA:91,11,1,0
BRDA:114,12,0,0
BRDA:114,12,1,0
BRDA:137,13,0,0
BRDA:137,13,1,0
BRDA:160,14,0,0
BRDA:160,14,1,0
BRDA:184,15,0,0
BRDA:184,15,1,0
BRDA:186,16,0,0
BRDA:186,16,1,0
BRDA:186,17,0,0
BRDA:186,17,1,0
BRDA:186,17,2,0
BRDA:229,18,0,0
BRDA:229,18,1,0
BRDA:267,19,0,0
BRDA:267,19,1,0
BRDA:276,20,0,0
BRDA:276,20,1,0
BRDA:314,21,0,0
BRDA:314,21,1,0
BRDA:321,22,0,0
BRDA:321,22,1,0
BRDA:333,23,0,0
BRDA:333,23,1,0
BRF:49
BRH:0
end_of_record
TN:
SF:routes\news.routes.js
FN:22,(anonymous_0)
FN:27,(anonymous_1)
FN:56,(anonymous_2)
FN:61,(anonymous_3)
FN:98,(anonymous_4)
FNF:5
FNH:0
FNDA:0,(anonymous_0)
FNDA:0,(anonymous_1)
FNDA:0,(anonymous_2)
FNDA:0,(anonymous_3)
FNDA:0,(anonymous_4)
DA:14,0
DA:21,0
DA:23,0
DA:24,0
DA:25,0
DA:28,0
DA:30,0
DA:31,0
DA:33,0
DA:39,0
DA:41,0
DA:55,0
DA:57,0
DA:58,0
DA:59,0
DA:62,0
DA:64,0
DA:65,0
DA:71,0
DA:72,0
DA:74,0
DA:82,0
DA:84,0
DA:98,0
DA:99,0
DA:100,0
DA:110,0
DA:115,0
DA:116,0
LF:29
LH:0
BRDA:23,0,0,0
BRDA:23,0,1,0
BRDA:24,1,0,0
BRDA:24,1,1,0
BRDA:34,2,0,0
BRDA:34,2,1,0
BRDA:35,3,0,0
BRDA:35,3,1,0
BRDA:36,4,0,0
BRDA:36,4,1,0
BRDA:57,5,0,0
BRDA:57,5,1,0
BRDA:58,6,0,0
BRDA:58,6,1,0
BRDA:64,7,0,0
BRDA:64,7,1,0
BRDA:79,8,0,0
BRDA:79,8,1,0
BRF:18
BRH:0
end_of_record
TN:
SF:routes\notes.routes.js
FN:18,(anonymous_0)
FN:56,(anonymous_1)
FN:85,(anonymous_2)
FN:116,(anonymous_3)
FN:147,(anonymous_4)
FN:171,(anonymous_5)
FNF:6
FNH:0
FNDA:0,(anonymous_0)
FNDA:0,(anonymous_1)
FNDA:0,(anonymous_2)
FNDA:0,(anonymous_3)
FNDA:0,(anonymous_4)
FNDA:0,(anonymous_5)
DA:11,0
DA:18,0
DA:19,0
DA:20,0
DA:21,0
DA:23,0
DA:24,0
DA:30,0
DA:37,0
DA:43,0
DA:44,0
DA:56,0
DA:57,0
DA:58,0
DA:59,0
DA:61,0
DA:66,0
DA:72,0
DA:73,0
DA:85,0
DA:86,0
DA:87,0
DA:89,0
DA:91,0
DA:92,0
DA:98,0
DA:103,0
DA:104,0
DA:116,0
DA:117,0
DA:118,0
DA:119,0
DA:121,0
DA:128,0
DA:134,0
DA:135,0
DA:147,0
DA:148,0
DA:149,0
DA:151,0
DA:153,0
DA:158,0
DA:159,0
DA:171,0
DA:172,0
DA:173,0
DA:174,0
DA:176,0
DA:177,0
DA:183,0
DA:185,0
DA:191,0
DA:192,0
LF:53
LH:0
BRDA:23,0,0,0
BRDA:23,0,1,0
BRDA:91,1,0,0
BRDA:91,1,1,0
BRDA:176,2,0,0
BRDA:176,2,1,0
BRF:6
BRH:0
end_of_record
TN:
SF:routes\reminder.routes.js
FN:18,(anonymous_0)
FN:57,(anonymous_1)
FN:83,(anonymous_2)
FN:107,(anonymous_3)
FNF:4
FNH:0
FNDA:0,(anonymous_0)
FNDA:0,(anonymous_1)
FNDA:0,(anonymous_2)
FNDA:0,(anonymous_3)
DA:11,0
DA:18,0
DA:19,0
DA:20,0
DA:21,0
DA:23,0
DA:24,0
DA:30,0
DA:38,0
DA:44,0
DA:45,0
DA:57,0
DA:58,0
DA:59,0
DA:60,0
DA:62,0
DA:64,0
DA:70,0
DA:71,0
DA:83,0
DA:84,0
DA:85,0
DA:87,0
DA:89,0
DA:94,0
DA:95,0
DA:107,0
DA:108,0
DA:109,0
DA:110,0
DA:113,0
DA:118,0
DA:119,0
LF:33
LH:0
BRDA:23,0,0,0
BRDA:23,0,1,0
BRDA:23,1,0,0
BRDA:23,1,1,0
BRDA:34,2,0,0
BRDA:34,2,1,0
BRDA:35,3,0,0
BRDA:35,3,1,0
BRDA:110,4,0,0
BRDA:110,4,1,0
BRF:10
BRH:0
end_of_record
TN:
SF:routes\search.routes.js
FN:18,(anonymous_0)
FN:51,(anonymous_1)
FN:84,(anonymous_2)
FN:116,(anonymous_3)
FNF:4
FNH:0
FNDA:0,(anonymous_0)
FNDA:0,(anonymous_1)
FNDA:0,(anonymous_2)
FNDA:0,(anonymous_3)
DA:11,0
DA:18,0
DA:19,0
DA:20,0
DA:22,0
DA:23,0
DA:29,0
DA:31,0
DA:38,0
DA:39,0
DA:51,0
DA:52,0
DA:53,0
DA:55,0
DA:56,0
DA:62,0
DA:64,0
DA:71,0
DA:72,0
DA:84,0
DA:85,0
DA:86,0
DA:88,0
DA:89,0
DA:95,0
DA:97,0
DA:103,0
DA:104,0
DA:116,0
DA:117,0
DA:118,0
DA:120,0
DA:121,0
DA:127,0
DA:129,0
DA:135,0
DA:136,0
LF:37
LH:0
BRDA:22,0,0,0
BRDA:22,0,1,0
BRDA:29,1,0,0
BRDA:29,1,1,0
BRDA:55,2,0,0
BRDA:55,2,1,0
BRDA:88,3,0,0
BRDA:88,3,1,0
BRDA:95,4,0,0
BRDA:95,4,1,0
BRDA:120,5,0,0
BRDA:120,5,1,0
BRDA:127,6,0,0
BRDA:127,6,1,0
BRF:14
BRH:0
end_of_record
TN:
SF:routes\translate.routes.js
FN:22,(anonymous_0)
FN:28,(anonymous_1)
FN:62,(anonymous_2)
FN:63,(anonymous_3)
FN:82,(anonymous_4)
FNF:5
FNH:0
FNDA:0,(anonymous_0)
FNDA:0,(anonymous_1)
FNDA:0,(anonymous_2)
FNDA:0,(anonymous_3)
FNDA:0,(anonymous_4)
DA:14,0
DA:21,0
DA:23,0
DA:24,0
DA:25,0
DA:26,0
DA:29,0
DA:31,0
DA:32,0
DA:38,0
DA:39,0
DA:45,0
DA:46,0
DA:48,0
DA:50,0
DA:52,0
DA:61,0
DA:62,0
DA:64,0
DA:66,0
DA:67,0
DA:69,0
DA:71,0
DA:73,0
DA:82,0
DA:83,0
DA:84,0
DA:86,0
DA:87,0
DA:93,0
DA:95,0
DA:97,0
DA:98,0
LF:33
LH:0
BRDA:23,0,0,0
BRDA:23,0,1,0
BRDA:24,1,0,0
BRDA:24,1,1,0
BRDA:25,2,0,0
BRDA:25,2,1,0
BRDA:31,3,0,0
BRDA:31,3,1,0
BRDA:38,4,0,0
BRDA:38,4,1,0
BRDA:69,5,0,0
BRDA:69,5,1,0
BRDA:86,6,0,0
BRDA:86,6,1,0
BRF:14
BRH:0
end_of_record
TN:
SF:routes\user.routes.js
FN:9,(anonymous_0)
FN:17,(anonymous_1)
FN:25,(anonymous_2)
FN:34,(anonymous_3)
FN:42,(anonymous_4)
FN:50,(anonymous_5)
FNF:6
FNH:0
FNDA:0,(anonymous_0)
FNDA:0,(anonymous_1)
FNDA:0,(anonymous_2)
FNDA:0,(anonymous_3)
FNDA:0,(anonymous_4)
FNDA:0,(anonymous_5)
DA:6,0
DA:9,0
DA:10,0
DA:11,0
DA:13,0
DA:17,0
DA:18,0
DA:19,0
DA:21,0
DA:25,0
DA:26,0
DA:27,0
DA:29,0
DA:34,0
DA:35,0
DA:36,0
DA:38,0
DA:42,0
DA:43,0
DA:44,0
DA:46,0
DA:50,0
DA:51,0
DA:52,0
DA:54,0
LF:25
LH:0
BRF:0
BRH:0
end_of_record
TN:
SF:routes\weather.routes.js
FN:22,(anonymous_0)
FN:26,(anonymous_1)
FN:61,(anonymous_2)
FN:66,(anonymous_3)
FN:102,(anonymous_4)
FN:106,(anonymous_5)
FNF:6
FNH:0
FNDA:0,(anonymous_0)
FNDA:0,(anonymous_1)
FNDA:0,(anonymous_2)
FNDA:0,(anonymous_3)
FNDA:0,(anonymous_4)
FNDA:0,(anonymous_5)
DA:14,0
DA:21,0
DA:23,0
DA:24,0
DA:27,0
DA:29,0
DA:30,0
DA:36,0
DA:37,0
DA:39,0
DA:45,0
DA:47,0
DA:60,0
DA:62,0
DA:63,0
DA:64,0
DA:67,0
DA:69,0
DA:70,0
DA:76,0
DA:77,0
DA:79,0
DA:86,0
DA:88,0
DA:101,0
DA:103,0
DA:104,0
DA:107,0
DA:109,0
DA:110,0
DA:116,0
DA:117,0
DA:119,0
DA:125,0
DA:127,0
LF:35
LH:0
BRDA:23,0,0,0
BRDA:23,0,1,0
BRDA:29,1,0,0
BRDA:29,1,1,0
BRDA:29,2,0,0
BRDA:29,2,1,0
BRDA:29,2,2,0
BRDA:41,3,0,0
BRDA:41,3,1,0
BRDA:42,4,0,0
BRDA:42,4,1,0
BRDA:62,5,0,0
BRDA:62,5,1,0
BRDA:63,6,0,0
BRDA:63,6,1,0
BRDA:69,7,0,0
BRDA:69,7,1,0
BRDA:69,8,0,0
BRDA:69,8,1,0
BRDA:69,8,2,0
BRDA:81,9,0,0
BRDA:81,9,1,0
BRDA:82,10,0,0
BRDA:82,10,1,0
BRDA:83,11,0,0
BRDA:83,11,1,0
BRDA:103,12,0,0
BRDA:103,12,1,0
BRDA:109,13,0,0
BRDA:109,13,1,0
BRDA:109,14,0,0
BRDA:109,14,1,0
BRDA:109,14,2,0
BRDA:121,15,0,0
BRDA:121,15,1,0
BRDA:122,16,0,0
BRDA:122,16,1,0
BRF:37
BRH:0
end_of_record
TN:
SF:routes\wikipedia.routes.js
FN:18,(anonymous_0)
FN:50,(anonymous_1)
FN:83,(anonymous_2)
FNF:3
FNH:0
FNDA:0,(anonymous_0)
FNDA:0,(anonymous_1)
FNDA:0,(anonymous_2)
DA:11,0
DA:18,0
DA:19,0
DA:20,0
DA:22,0
DA:23,0
DA:29,0
DA:31,0
DA:37,0
DA:38,0
DA:50,0
DA:51,0
DA:52,0
DA:54,0
DA:55,0
DA:61,0
DA:63,0
DA:70,0
DA:71,0
DA:83,0
DA:84,0
DA:85,0
DA:87,0
DA:88,0
DA:94,0
DA:96,0
DA:102,0
DA:103,0
LF:28
LH:0
BRDA:22,0,0,0
BRDA:22,0,1,0
BRDA:29,1,0,0
BRDA:29,1,1,0
BRDA:54,2,0,0
BRDA:54,2,1,0
BRDA:87,3,0,0
BRDA:87,3,1,0
BRF:8
BRH:0
end_of_record
TN:
SF:routes\youtube.routes.js
FN:25,(anonymous_0)
FN:31,(anonymous_1)
FN:62,(anonymous_2)
FN:90,(anonymous_3)
FN:121,(anonymous_4)
FN:147,(anonymous_5)
FN:196,(anonymous_6)
FNF:7
FNH:0
FNDA:0,(anonymous_0)
FNDA:0,(anonymous_1)
FNDA:0,(anonymous_2)
FNDA:0,(anonymous_3)
FNDA:0,(anonymous_4)
FNDA:0,(anonymous_5)
FNDA:0,(anonymous_6)
DA:14,0
DA:24,0
DA:26,0
DA:27,0
DA:28,0
DA:29,0
DA:32,0
DA:34,0
DA:35,0
DA:41,0
DA:42,0
DA:45,0
DA:46,0
DA:48,0
DA:51,0
DA:53,0
DA:62,0
DA:63,0
DA:64,0
DA:66,0
DA:67,0
DA:73,0
DA:75,0
DA:77,0
DA:78,0
DA:90,0
DA:91,0
DA:92,0
DA:94,0
DA:95,0
DA:101,0
DA:103,0
DA:105,0
DA:106,0
DA:121,0
DA:122,0
DA:123,0
DA:125,0
DA:131,0
DA:133,0
DA:134,0
DA:147,0
DA:148,0
DA:149,0
DA:151,0
DA:152,0
DA:160,0
DA:162,0
DA:165,0
DA:166,0
DA:167,0
DA:168,0
DA:170,0
DA:177,0
DA:183,0
DA:184,0
DA:196,0
DA:197,0
DA:198,0
DA:200,0
DA:215,0
DA:216,0
LF:62
LH:0
BRDA:26,0,0,0
BRDA:26,0,1,0
BRDA:27,1,0,0
BRDA:27,1,1,0
BRDA:28,2,0,0
BRDA:28,2,1,0
BRDA:32,3,0,0
BRDA:32,4,0,0
BRDA:34,5,0,0
BRDA:34,5,1,0
BRDA:45,6,0,0
BRDA:45,6,1,0
BRDA:51,7,0,0
BRDA:51,7,1,0
BRDA:66,8,0,0
BRDA:66,8,1,0
BRDA:94,9,0,0
BRDA:94,9,1,0
BRDA:123,10,0,0
BRDA:123,11,0,0
BRDA:151,12,0,0
BRDA:151,12,1,0
BRDA:160,13,0,0
BRDA:160,13,1,0
BRDA:160,14,0,0
BRDA:160,14,1,0
BRDA:166,15,0,0
BRDA:166,15,1,0
BRDA:166,16,0,0
BRDA:166,16,1,0
BRDA:180,17,0,0
BRDA:180,17,1,0
BRDA:204,18,0,0
BRDA:204,18,1,0
BRDA:205,19,0,0
BRDA:205,19,1,0
BRDA:208,20,0,0
BRDA:208,20,1,0
BRF:38
BRH:0
end_of_record
TN:
SF:services\calendarService.js
FN:7,(anonymous_0)
FN:17,(anonymous_1)
FN:61,(anonymous_2)
FN:85,(anonymous_3)
FN:140,(anonymous_4)
FN:209,(anonymous_5)
FN:250,(anonymous_6)
FN:296,(anonymous_7)
FN:321,(anonymous_8)
FN:362,(anonymous_9)
FNF:10
FNH:0
FNDA:0,(anonymous_0)
FNDA:0,(anonymous_1)
FNDA:0,(anonymous_2)
FNDA:0,(anonymous_3)
FNDA:0,(anonymous_4)
FNDA:0,(anonymous_5)
FNDA:0,(anonymous_6)
FNDA:0,(anonymous_7)
FNDA:0,(anonymous_8)
FNDA:0,(anonymous_9)
DA:8,0
DA:9,0
DA:10,0
DA:11,0
DA:18,0
DA:19,0
DA:20,0
DA:27,0
DA:28,0
DA:29,0
DA:30,0
DA:32,0
DA:46,0
DA:47,0
DA:50,0
DA:51,0
DA:53,0
DA:54,0
DA:61,0
DA:62,0
DA:63,0
DA:66,0
DA:73,0
DA:74,0
DA:86,0
DA:87,0
DA:88,0
DA:95,0
DA:96,0
DA:97,0
DA:99,0
DA:114,0
DA:115,0
DA:118,0
DA:119,0
DA:121,0
DA:128,0
DA:129,0
DA:141,0
DA:142,0
DA:143,0
DA:150,0
DA:152,0
DA:172,0
DA:184,0
DA:185,0
DA:188,0
DA:190,0
DA:197,0
DA:198,0
DA:210,0
DA:211,0
DA:212,0
DA:219,0
DA:229,0
DA:230,0
DA:233,0
DA:238,0
DA:239,0
DA:251,0
DA:252,0
DA:253,0
DA:260,0
DA:270,0
DA:271,0
DA:274,0
DA:275,0
DA:277,0
DA:284,0
DA:285,0
DA:297,0
DA:303,0
DA:311,0
DA:322,0
DA:323,0
DA:337,0
DA:338,0
DA:341,0
DA:343,0
DA:350,0
DA:351,0
DA:363,0
DA:371,0
LF:83
LH:0
BRDA:8,0,0,0
BRDA:8,0,1,0
BRDA:9,1,0,0
BRDA:9,1,1,0
BRDA:10,2,0,0
BRDA:10,2,1,0
BRDA:11,3,0,0
BRDA:11,3,1,0
BRDA:19,4,0,0
BRDA:19,4,1,0
BRDA:46,5,0,0
BRDA:46,5,1,0
BRDA:51,6,0,0
BRDA:51,6,1,0
BRDA:53,7,0,0
BRDA:53,7,1,0
BRDA:62,8,0,0
BRDA:62,8,1,0
BRDA:68,9,0,0
BRDA:68,9,1,0
BRDA:85,10,0,0
BRDA:87,11,0,0
BRDA:87,11,1,0
BRDA:114,12,0,0
BRDA:114,12,1,0
BRDA:119,13,0,0
BRDA:119,13,1,0
BRDA:123,14,0,0
BRDA:123,14,1,0
BRDA:142,15,0,0
BRDA:142,15,1,0
BRDA:154,16,0,0
BRDA:154,16,1,0
BRDA:155,17,0,0
BRDA:155,17,1,0
BRDA:161,18,0,0
BRDA:161,18,1,0
BRDA:184,19,0,0
BRDA:184,19,1,0
BRDA:211,20,0,0
BRDA:211,20,1,0
BRDA:229,21,0,0
BRDA:229,21,1,0
BRDA:229,22,0,0
BRDA:229,22,1,0
BRDA:252,23,0,0
BRDA:252,23,1,0
BRDA:270,24,0,0
BRDA:270,24,1,0
BRDA:275,25,0,0
BRDA:275,25,1,0
BRDA:279,26,0,0
BRDA:279,26,1,0
BRDA:337,27,0,0
BRDA:337,27,1,0
BRF:55
BRH:0
end_of_record
TN:
SF:services\conversationService.js
FN:13,(anonymous_0)
FN:49,(anonymous_1)
FN:80,(anonymous_2)
FN:89,(anonymous_3)
FN:114,(anonymous_4)
FN:137,(anonymous_5)
FN:161,(anonymous_6)
FN:167,(anonymous_7)
FN:183,(anonymous_8)
FN:205,(anonymous_9)
FN:213,(anonymous_10)
FN:216,(anonymous_11)
FN:217,(anonymous_12)
FN:218,(anonymous_13)
FN:219,(anonymous_14)
FNF:15
FNH:0
FNDA:0,(anonymous_0)
FNDA:0,(anonymous_1)
FNDA:0,(anonymous_2)
FNDA:0,(anonymous_3)
FNDA:0,(anonymous_4)
FNDA:0,(anonymous_5)
FNDA:0,(anonymous_6)
FNDA:0,(anonymous_7)
FNDA:0,(anonymous_8)
FNDA:0,(anonymous_9)
FNDA:0,(anonymous_10)
FNDA:0,(anonymous_11)
FNDA:0,(anonymous_12)
FNDA:0,(anonymous_13)
FNDA:0,(anonymous_14)
DA:14,0
DA:16,0
DA:18,0
DA:24,0
DA:26,0
DA:34,0
DA:36,0
DA:39,0
DA:41,0
DA:42,0
DA:50,0
DA:51,0
DA:53,0
DA:61,0
DA:62,0
DA:65,0
DA:66,0
DA:68,0
DA:70,0
DA:72,0
DA:73,0
DA:81,0
DA:82,0
DA:85,0
DA:88,0
DA:89,0
DA:92,0
DA:100,0
DA:101,0
DA:115,0
DA:116,0
DA:118,0
DA:123,0
DA:125,0
DA:127,0
DA:129,0
DA:130,0
DA:138,0
DA:139,0
DA:144,0
DA:145,0
DA:146,0
DA:148,0
DA:151,0
DA:153,0
DA:154,0
DA:162,0
DA:163,0
DA:167,0
DA:175,0
DA:176,0
DA:184,0
DA:185,0
DA:187,0
DA:193,0
DA:195,0
DA:197,0
DA:198,0
DA:206,0
DA:213,0
DA:214,0
DA:215,0
DA:216,0
DA:217,0
DA:218,0
DA:219,0
DA:223,0
DA:233,0
LF:68
LH:0
BRDA:24,0,0,0
BRDA:24,0,1,0
BRDA:49,1,0,0
BRDA:61,2,0,0
BRDA:61,2,1,0
BRDA:80,3,0,0
BRDA:89,4,0,0
BRDA:89,4,1,0
BRDA:144,5,0,0
BRDA:144,5,1,0
BRDA:161,6,0,0
BRDA:183,7,0,0
BRDA:214,8,0,0
BRDA:214,8,1,0
BRF:14
BRH:0
end_of_record
TN:
SF:services\deviceManager.js
FN:8,(anonymous_0)
FN:22,(anonymous_1)
FN:66,(anonymous_2)
FN:95,(anonymous_3)
FN:124,(anonymous_4)
FN:154,(anonymous_5)
FN:193,(anonymous_6)
FN:200,(anonymous_7)
FN:212,(anonymous_8)
FN:222,(anonymous_9)
FN:232,(anonymous_10)
FN:243,(anonymous_11)
FN:254,(anonymous_12)
FNF:13
FNH:0
FNDA:0,(anonymous_0)
FNDA:0,(anonymous_1)
FNDA:0,(anonymous_2)
FNDA:0,(anonymous_3)
FNDA:0,(anonymous_4)
FNDA:0,(anonymous_5)
FNDA:0,(anonymous_6)
FNDA:0,(anonymous_7)
FNDA:0,(anonymous_8)
FNDA:0,(anonymous_9)
FNDA:0,(anonymous_10)
FNDA:0,(anonymous_11)
FNDA:0,(anonymous_12)
DA:9,0
DA:10,0
DA:23,0
DA:25,0
DA:27,0
DA:54,0
DA:55,0
DA:57,0
DA:58,0
DA:67,0
DA:69,0
DA:71,0
DA:72,0
DA:81,0
DA:82,0
DA:84,0
DA:86,0
DA:87,0
DA:96,0
DA:98,0
DA:100,0
DA:101,0
DA:110,0
DA:111,0
DA:113,0
DA:115,0
DA:116,0
DA:125,0
DA:127,0
DA:129,0
DA:130,0
DA:139,0
DA:140,0
DA:142,0
DA:144,0
DA:145,0
DA:155,0
DA:157,0
DA:159,0
DA:160,0
DA:163,0
DA:165,0
DA:173,0
DA:175,0
DA:176,0
DA:179,0
DA:180,0
DA:185,0
DA:186,0
DA:194,0
DA:201,0
DA:202,0
DA:203,0
DA:204,0
DA:206,0
DA:213,0
DA:214,0
DA:215,0
DA:216,0
DA:223,0
DA:224,0
DA:225,0
DA:226,0
DA:233,0
DA:234,0
DA:236,0
DA:237,0
DA:244,0
DA:245,0
DA:247,0
DA:248,0
DA:255,0
DA:256,0
DA:257,0
DA:258,0
DA:263,0
LF:76
LH:0
BRDA:159,0,0,0
BRDA:159,0,1,0
BRDA:175,1,0,0
BRDA:175,1,1,0
BRDA:201,2,0,0
BRDA:201,2,1,0
BRDA:214,3,0,0
BRDA:214,3,1,0
BRDA:224,4,0,0
BRDA:224,4,1,0
BRDA:232,5,0,0
BRDA:234,6,0,0
BRDA:234,6,1,0
BRDA:236,7,0,0
BRDA:236,7,1,0
BRDA:245,8,0,0
BRDA:245,8,1,0
BRF:17
BRH:0
end_of_record
TN:
SF:services\gmailService.js
FN:7,(anonymous_0)
FN:17,(anonymous_1)
FN:62,(anonymous_2)
FN:91,(anonymous_3)
FN:105,(anonymous_4)
FN:106,(anonymous_5)
FN:113,(anonymous_6)
FN:114,(anonymous_7)
FN:135,(anonymous_8)
FN:181,(anonymous_9)
FN:201,(anonymous_10)
FN:248,(anonymous_11)
FN:293,(anonymous_12)
FN:335,(anonymous_13)
FN:361,(anonymous_14)
FN:402,(anonymous_15)
FNF:16
FNH:0
FNDA:0,(anonymous_0)
FNDA:0,(anonymous_1)
FNDA:0,(anonymous_2)
FNDA:0,(anonymous_3)
FNDA:0,(anonymous_4)
FNDA:0,(anonymous_5)
FNDA:0,(anonymous_6)
FNDA:0,(anonymous_7)
FNDA:0,(anonymous_8)
FNDA:0,(anonymous_9)
FNDA:0,(anonymous_10)
FNDA:0,(anonymous_11)
FNDA:0,(anonymous_12)
FNDA:0,(anonymous_13)
FNDA:0,(anonymous_14)
FNDA:0,(anonymous_15)
DA:8,0
DA:9,0
DA:10,0
DA:11,0
DA:18,0
DA:19,0
DA:20,0
DA:27,0
DA:37,0
DA:38,0
DA:41,0
DA:42,0
DA:44,0
DA:50,0
DA:51,0
DA:63,0
DA:64,0
DA:65,0
DA:72,0
DA:82,0
DA:83,0
DA:86,0
DA:87,0
DA:90,0
DA:92,0
DA:102,0
DA:103,0
DA:104,0
DA:105,0
DA:106,0
DA:107,0
DA:109,0
DA:113,0
DA:114,0
DA:116,0
DA:123,0
DA:124,0
DA:136,0
DA:137,0
DA:138,0
DA:145,0
DA:155,0
DA:156,0
DA:159,0
DA:160,0
DA:162,0
DA:169,0
DA:170,0
DA:182,0
DA:183,0
DA:184,0
DA:191,0
DA:194,0
DA:201,0
DA:204,0
DA:210,0
DA:224,0
DA:225,0
DA:228,0
DA:230,0
DA:236,0
DA:237,0
DA:249,0
DA:250,0
DA:251,0
DA:258,0
DA:272,0
DA:273,0
DA:276,0
DA:281,0
DA:282,0
DA:294,0
DA:295,0
DA:296,0
DA:303,0
DA:314,0
DA:315,0
DA:318,0
DA:323,0
DA:324,0
DA:336,0
DA:343,0
DA:351,0
DA:362,0
DA:363,0
DA:377,0
DA:378,0
DA:381,0
DA:383,0
DA:390,0
DA:391,0
DA:403,0
DA:411,0
LF:93
LH:0
BRDA:8,0,0,0
BRDA:8,0,1,0
BRDA:9,1,0,0
BRDA:9,1,1,0
BRDA:10,2,0,0
BRDA:10,2,1,0
BRDA:11,3,0,0
BRDA:11,3,1,0
BRDA:19,4,0,0
BRDA:19,4,1,0
BRDA:37,5,0,0
BRDA:37,5,1,0
BRDA:42,6,0,0
BRDA:42,6,1,0
BRDA:46,7,0,0
BRDA:46,7,1,0
BRDA:46,8,0,0
BRDA:46,8,1,0
BRDA:62,9,0,0
BRDA:64,10,0,0
BRDA:64,10,1,0
BRDA:82,11,0,0
BRDA:82,11,1,0
BRDA:87,12,0,0
BRDA:87,12,1,0
BRDA:102,13,0,0
BRDA:102,13,1,0
BRDA:105,14,0,0
BRDA:105,14,1,0
BRDA:106,15,0,0
BRDA:106,15,1,0
BRDA:137,16,0,0
BRDA:137,16,1,0
BRDA:155,17,0,0
BRDA:155,17,1,0
BRDA:160,18,0,0
BRDA:160,18,1,0
BRDA:164,19,0,0
BRDA:164,19,1,0
BRDA:183,20,0,0
BRDA:183,20,1,0
BRDA:197,21,0,0
BRDA:197,21,1,0
BRDA:198,22,0,0
BRDA:198,22,1,0
BRDA:224,23,0,0
BRDA:224,23,1,0
BRDA:250,24,0,0
BRDA:250,24,1,0
BRDA:272,25,0,0
BRDA:272,25,1,0
BRDA:295,26,0,0
BRDA:295,26,1,0
BRDA:314,27,0,0
BRDA:314,27,1,0
BRDA:377,28,0,0
BRDA:377,28,1,0
BRF:57
BRH:0
end_of_record
TN:
SF:services\newsService.cached.js
FNF:0
FNH:0
LF:0
LH:0
BRF:0
BRH:0
end_of_record
TN:
SF:services\newsService.js
FN:10,(anonymous_0)
FN:18,(anonymous_1)
FN:41,(anonymous_2)
FN:65,(anonymous_3)
FN:88,(anonymous_4)
FN:96,(anonymous_5)
FN:108,(anonymous_6)
FN:122,(anonymous_7)
FN:141,(anonymous_8)
FNF:9
FNH:0
FNDA:0,(anonymous_0)
FNDA:0,(anonymous_1)
FNDA:0,(anonymous_2)
FNDA:0,(anonymous_3)
FNDA:0,(anonymous_4)
FNDA:0,(anonymous_5)
FNDA:0,(anonymous_6)
FNDA:0,(anonymous_7)
FNDA:0,(anonymous_8)
DA:11,0
DA:12,0
DA:19,0
DA:20,0
DA:22,0
DA:31,0
DA:33,0
DA:34,0
DA:42,0
DA:43,0
DA:45,0
DA:55,0
DA:57,0
DA:58,0
DA:66,0
DA:67,0
DA:69,0
DA:78,0
DA:80,0
DA:81,0
DA:89,0
DA:90,0
DA:96,0
DA:107,0
DA:108,0
DA:109,0
DA:112,0
DA:123,0
DA:142,0
DA:147,0
LF:30
LH:0
BRDA:11,0,0,0
BRDA:11,0,1,0
BRDA:18,1,0,0
BRDA:18,2,0,0
BRDA:33,3,0,0
BRDA:33,3,1,0
BRDA:41,4,0,0
BRDA:41,5,0,0
BRDA:57,6,0,0
BRDA:57,6,1,0
BRDA:65,7,0,0
BRDA:80,8,0,0
BRDA:80,8,1,0
BRDA:89,9,0,0
BRDA:89,9,1,0
BRDA:89,10,0,0
BRDA:89,10,1,0
BRDA:98,11,0,0
BRDA:98,11,1,0
BRDA:101,12,0,0
BRDA:101,12,1,0
BRDA:103,13,0,0
BRDA:103,13,1,0
BRDA:142,14,0,0
BRDA:142,14,1,0
BRF:25
BRH:0
end_of_record
TN:
SF:services\notesService.js
FN:12,(anonymous_0)
FN:41,(anonymous_1)
FN:63,(anonymous_2)
FN:65,(anonymous_3)
FN:72,(anonymous_4)
FN:78,(anonymous_5)
FN:91,(anonymous_6)
FN:117,(anonymous_7)
FN:138,(anonymous_8)
FN:165,(anonymous_9)
FN:179,(anonymous_10)
FN:192,(anonymous_11)
FN:219,(anonymous_12)
FN:245,(anonymous_13)
FNF:14
FNH:0
FNDA:0,(anonymous_0)
FNDA:0,(anonymous_1)
FNDA:0,(anonymous_2)
FNDA:0,(anonymous_3)
FNDA:0,(anonymous_4)
FNDA:0,(anonymous_5)
FNDA:0,(anonymous_6)
FNDA:0,(anonymous_7)
FNDA:0,(anonymous_8)
FNDA:0,(anonymous_9)
FNDA:0,(anonymous_10)
FNDA:0,(anonymous_11)
FNDA:0,(anonymous_12)
FNDA:0,(anonymous_13)
DA:13,0
DA:14,0
DA:16,0
DA:25,0
DA:27,0
DA:33,0
DA:34,0
DA:42,0
DA:43,0
DA:46,0
DA:47,0
DA:49,0
DA:50,0
DA:52,0
DA:53,0
DA:56,0
DA:61,0
DA:62,0
DA:63,0
DA:64,0
DA:65,0
DA:66,0
DA:67,0
DA:71,0
DA:72,0
DA:73,0
DA:77,0
DA:78,0
DA:83,0
DA:84,0
DA:92,0
DA:93,0
DA:99,0
DA:100,0
DA:103,0
DA:109,0
DA:110,0
DA:118,0
DA:119,0
DA:121,0
DA:122,0
DA:125,0
DA:130,0
DA:131,0
DA:139,0
DA:140,0
DA:142,0
DA:143,0
DA:146,0
DA:147,0
DA:149,0
DA:151,0
DA:157,0
DA:158,0
DA:166,0
DA:167,0
DA:178,0
DA:179,0
DA:184,0
DA:185,0
DA:193,0
DA:194,0
DA:196,0
DA:197,0
DA:200,0
DA:201,0
DA:203,0
DA:205,0
DA:211,0
DA:212,0
DA:220,0
DA:221,0
DA:227,0
DA:228,0
DA:231,0
DA:237,0
DA:238,0
DA:246,0
DA:261,0
LF:79
LH:0
BRDA:18,0,0,0
BRDA:18,0,1,0
BRDA:20,1,0,0
BRDA:20,1,1,0
BRDA:21,2,0,0
BRDA:21,2,1,0
BRDA:41,3,0,0
BRDA:46,4,0,0
BRDA:46,4,1,0
BRDA:49,5,0,0
BRDA:49,5,1,0
BRDA:49,6,0,0
BRDA:49,6,1,0
BRDA:52,7,0,0
BRDA:52,7,1,0
BRDA:58,8,0,0
BRDA:58,8,1,0
BRDA:62,9,0,0
BRDA:62,9,1,0
BRDA:66,10,0,0
BRDA:66,10,1,0
BRDA:99,11,0,0
BRDA:99,11,1,0
BRDA:121,12,0,0
BRDA:121,12,1,0
BRDA:142,13,0,0
BRDA:142,13,1,0
BRDA:149,14,0,0
BRDA:149,14,1,0
BRDA:196,15,0,0
BRDA:196,15,1,0
BRDA:203,16,0,0
BRDA:203,16,1,0
BRDA:227,17,0,0
BRDA:227,17,1,0
BRF:35
BRH:0
end_of_record
TN:
SF:services\reminderService.js
FN:10,(anonymous_0)
FN:18,(anonymous_1)
FN:52,(anonymous_2)
FN:65,(anonymous_3)
FN:79,(anonymous_4)
FN:102,(anonymous_5)
FN:133,(anonymous_6)
FN:143,(anonymous_7)
FN:155,(anonymous_8)
FN:173,(anonymous_9)
FN:185,(anonymous_10)
FN:192,(anonymous_11)
FN:199,(anonymous_12)
FN:216,(anonymous_13)
FNF:14
FNH:0
FNDA:0,(anonymous_0)
FNDA:0,(anonymous_1)
FNDA:0,(anonymous_2)
FNDA:0,(anonymous_3)
FNDA:0,(anonymous_4)
FNDA:0,(anonymous_5)
FNDA:0,(anonymous_6)
FNDA:0,(anonymous_7)
FNDA:0,(anonymous_8)
FNDA:0,(anonymous_9)
FNDA:0,(anonymous_10)
FNDA:0,(anonymous_11)
FNDA:0,(anonymous_12)
FNDA:0,(anonymous_13)
DA:11,0
DA:12,0
DA:19,0
DA:20,0
DA:23,0
DA:34,0
DA:36,0
DA:38,0
DA:44,0
DA:45,0
DA:53,0
DA:54,0
DA:56,0
DA:57,0
DA:58,0
DA:62,0
DA:65,0
DA:66,0
DA:72,0
DA:73,0
DA:80,0
DA:81,0
DA:82,0
DA:83,0
DA:84,0
DA:86,0
DA:88,0
DA:90,0
DA:92,0
DA:95,0
DA:103,0
DA:104,0
DA:107,0
DA:109,0
DA:111,0
DA:121,0
DA:122,0
DA:123,0
DA:126,0
DA:134,0
DA:135,0
DA:136,0
DA:137,0
DA:140,0
DA:142,0
DA:143,0
DA:147,0
DA:148,0
DA:156,0
DA:157,0
DA:158,0
DA:160,0
DA:165,0
DA:166,0
DA:174,0
DA:175,0
DA:176,0
DA:177,0
DA:178,0
DA:186,0
DA:193,0
DA:200,0
DA:201,0
DA:203,0
DA:204,0
DA:207,0
DA:209,0
DA:217,0
DA:230,0
LF:69
LH:0
BRDA:28,0,0,0
BRDA:28,0,1,0
BRDA:29,1,0,0
BRDA:29,1,1,0
BRDA:56,2,0,0
BRDA:56,2,1,0
BRDA:86,3,0,0
BRDA:86,3,1,0
BRDA:86,3,2,0
BRDA:86,3,3,0
BRDA:86,3,4,0
BRDA:109,4,0,0
BRDA:109,4,1,0
BRDA:121,5,0,0
BRDA:121,5,1,0
BRDA:133,6,0,0
BRDA:136,7,0,0
BRDA:136,7,1,0
BRDA:175,8,0,0
BRDA:175,8,1,0
BRF:20
BRH:0
end_of_record
TN:
SF:services\searchService.js
FN:10,(anonymous_0)
FN:19,(anonymous_1)
FN:50,(anonymous_2)
FN:79,(anonymous_3)
FN:102,(anonymous_4)
FN:112,(anonymous_5)
FN:121,(anonymous_6)
FN:137,(anonymous_7)
FN:147,(anonymous_8)
FN:166,(anonymous_9)
FN:185,(anonymous_10)
FN:217,(anonymous_11)
FNF:12
FNH:0
FNDA:0,(anonymous_0)
FNDA:0,(anonymous_1)
FNDA:0,(anonymous_2)
FNDA:0,(anonymous_3)
FNDA:0,(anonymous_4)
FNDA:0,(anonymous_5)
FNDA:0,(anonymous_6)
FNDA:0,(anonymous_7)
FNDA:0,(anonymous_8)
FNDA:0,(anonymous_9)
FNDA:0,(anonymous_10)
FNDA:0,(anonymous_11)
DA:11,0
DA:12,0
DA:13,0
DA:20,0
DA:21,0
DA:23,0
DA:25,0
DA:28,0
DA:40,0
DA:42,0
DA:43,0
DA:51,0
DA:52,0
DA:54,0
DA:55,0
DA:58,0
DA:69,0
DA:71,0
DA:72,0
DA:80,0
DA:81,0
DA:92,0
DA:94,0
DA:95,0
DA:103,0
DA:104,0
DA:112,0
DA:120,0
DA:121,0
DA:122,0
DA:125,0
DA:138,0
DA:139,0
DA:147,0
DA:154,0
DA:167,0
DA:173,0
DA:186,0
DA:187,0
DA:189,0
DA:190,0
DA:197,0
DA:199,0
DA:207,0
DA:218,0
DA:223,0
LF:46
LH:0
BRDA:11,0,0,0
BRDA:11,0,1,0
BRDA:12,1,0,0
BRDA:12,1,1,0
BRDA:19,2,0,0
BRDA:23,3,0,0
BRDA:23,3,1,0
BRDA:33,4,0,0
BRDA:33,4,1,0
BRDA:34,5,0,0
BRDA:34,5,1,0
BRDA:35,6,0,0
BRDA:35,6,1,0
BRDA:42,7,0,0
BRDA:42,7,1,0
BRDA:50,8,0,0
BRDA:54,9,0,0
BRDA:54,9,1,0
BRDA:71,10,0,0
BRDA:71,10,1,0
BRDA:79,11,0,0
BRDA:94,12,0,0
BRDA:94,12,1,0
BRDA:102,13,0,0
BRDA:103,14,0,0
BRDA:103,14,1,0
BRDA:103,15,0,0
BRDA:103,15,1,0
BRDA:128,16,0,0
BRDA:128,16,1,0
BRDA:138,17,0,0
BRDA:138,17,1,0
BRDA:138,18,0,0
BRDA:138,18,1,0
BRDA:166,19,0,0
BRDA:177,20,0,0
BRDA:177,20,1,0
BRDA:189,21,0,0
BRDA:189,21,1,0
BRDA:189,22,0,0
BRDA:189,22,1,0
BRDA:218,23,0,0
BRDA:218,23,1,0
BRF:43
BRH:0
end_of_record
TN:
SF:services\spotifyService.js
FN:10,(anonymous_0)
FN:24,(anonymous_1)
FN:31,(anonymous_2)
FN:69,(anonymous_3)
FN:110,(anonymous_4)
FN:150,(anonymous_5)
FN:170,(anonymous_6)
FN:194,(anonymous_7)
FN:197,(anonymous_8)
FN:227,(anonymous_9)
FN:281,(anonymous_10)
FN:320,(anonymous_11)
FN:359,(anonymous_12)
FN:398,(anonymous_13)
FN:437,(anonymous_14)
FN:479,(anonymous_15)
FN:513,(anonymous_16)
FN:518,(anonymous_17)
FN:533,(anonymous_18)
FN:555,(anonymous_19)
FN:577,(anonymous_20)
FNF:21
FNH:0
FNDA:0,(anonymous_0)
FNDA:0,(anonymous_1)
FNDA:0,(anonymous_2)
FNDA:0,(anonymous_3)
FNDA:0,(anonymous_4)
FNDA:0,(anonymous_5)
FNDA:0,(anonymous_6)
FNDA:0,(anonymous_7)
FNDA:0,(anonymous_8)
FNDA:0,(anonymous_9)
FNDA:0,(anonymous_10)
FNDA:0,(anonymous_11)
FNDA:0,(anonymous_12)
FNDA:0,(anonymous_13)
FNDA:0,(anonymous_14)
FNDA:0,(anonymous_15)
FNDA:0,(anonymous_16)
FNDA:0,(anonymous_17)
FNDA:0,(anonymous_18)
FNDA:0,(anonymous_19)
FNDA:0,(anonymous_20)
DA:11,0
DA:12,0
DA:13,0
DA:14,0
DA:15,0
DA:16,0
DA:17,0
DA:18,0
DA:25,0
DA:32,0
DA:33,0
DA:40,0
DA:51,0
DA:59,0
DA:70,0
DA:71,0
DA:72,0
DA:75,0
DA:90,0
DA:98,0
DA:99,0
DA:111,0
DA:112,0
DA:113,0
DA:116,0
DA:130,0
DA:131,0
DA:133,0
DA:138,0
DA:139,0
DA:152,0
DA:153,0
DA:157,0
DA:158,0
DA:159,0
DA:160,0
DA:164,0
DA:171,0
DA:172,0
DA:173,0
DA:181,0
DA:183,0
DA:194,0
DA:197,0
DA:204,0
DA:213,0
DA:214,0
DA:228,0
DA:229,0
DA:230,0
DA:237,0
DA:239,0
DA:252,0
DA:258,0
DA:261,0
DA:262,0
DA:270,0
DA:282,0
DA:283,0
DA:284,0
DA:290,0
DA:292,0
DA:302,0
DA:308,0
DA:309,0
DA:321,0
DA:322,0
DA:323,0
DA:329,0
DA:331,0
DA:341,0
DA:347,0
DA:348,0
DA:360,0
DA:361,0
DA:362,0
DA:368,0
DA:370,0
DA:380,0
DA:386,0
DA:387,0
DA:399,0
DA:400,0
DA:401,0
DA:407,0
DA:409,0
DA:419,0
DA:425,0
DA:426,0
DA:438,0
DA:439,0
DA:440,0
DA:446,0
DA:448,0
DA:461,0
DA:467,0
DA:468,0
DA:480,0
DA:481,0
DA:482,0
DA:488,0
DA:490,0
DA:499,0
DA:500,0
DA:507,0
DA:508,0
DA:513,0
DA:518,0
DA:521,0
DA:522,0
DA:534,0
DA:535,0
DA:536,0
DA:542,0
DA:544,0
DA:553,0
DA:555,0
DA:565,0
DA:566,0
DA:578,0
DA:579,0
DA:585,0
DA:594,0
LF:123
LH:0
BRDA:11,0,0,0
BRDA:11,0,1,0
BRDA:12,1,0,0
BRDA:12,1,1,0
BRDA:13,2,0,0
BRDA:13,2,1,0
BRDA:14,3,0,0
BRDA:14,3,1,0
BRDA:25,4,0,0
BRDA:25,4,1,0
BRDA:32,5,0,0
BRDA:32,5,1,0
BRDA:71,6,0,0
BRDA:71,6,1,0
BRDA:98,7,0,0
BRDA:98,7,1,0
BRDA:102,8,0,0
BRDA:102,8,1,0
BRDA:112,9,0,0
BRDA:112,9,1,0
BRDA:138,10,0,0
BRDA:138,10,1,0
BRDA:142,11,0,0
BRDA:142,11,1,0
BRDA:150,12,0,0
BRDA:152,13,0,0
BRDA:152,13,1,0
BRDA:157,14,0,0
BRDA:157,14,1,0
BRDA:157,15,0,0
BRDA:157,15,1,0
BRDA:157,15,2,0
BRDA:159,16,0,0
BRDA:159,16,1,0
BRDA:170,17,0,0
BRDA:172,18,0,0
BRDA:172,18,1,0
BRDA:208,19,0,0
BRDA:208,19,1,0
BRDA:213,20,0,0
BRDA:213,20,1,0
BRDA:217,21,0,0
BRDA:217,21,1,0
BRDA:227,22,0,0
BRDA:229,23,0,0
BRDA:229,23,1,0
BRDA:258,24,0,0
BRDA:258,24,1,0
BRDA:261,25,0,0
BRDA:261,25,1,0
BRDA:273,26,0,0
BRDA:273,26,1,0
BRDA:281,27,0,0
BRDA:283,28,0,0
BRDA:283,28,1,0
BRDA:308,29,0,0
BRDA:308,29,1,0
BRDA:312,30,0,0
BRDA:312,30,1,0
BRDA:320,31,0,0
BRDA:322,32,0,0
BRDA:322,32,1,0
BRDA:347,33,0,0
BRDA:347,33,1,0
BRDA:351,34,0,0
BRDA:351,34,1,0
BRDA:359,35,0,0
BRDA:361,36,0,0
BRDA:361,36,1,0
BRDA:386,37,0,0
BRDA:386,37,1,0
BRDA:390,38,0,0
BRDA:390,38,1,0
BRDA:398,39,0,0
BRDA:400,40,0,0
BRDA:400,40,1,0
BRDA:425,41,0,0
BRDA:425,41,1,0
BRDA:429,42,0,0
BRDA:429,42,1,0
BRDA:437,43,0,0
BRDA:439,44,0,0
BRDA:439,44,1,0
BRDA:467,45,0,0
BRDA:467,45,1,0
BRDA:471,46,0,0
BRDA:471,46,1,0
BRDA:479,47,0,0
BRDA:481,48,0,0
BRDA:481,48,1,0
BRDA:499,49,0,0
BRDA:499,49,1,0
BRDA:499,50,0,0
BRDA:499,50,1,0
BRDA:521,51,0,0
BRDA:521,51,1,0
BRDA:525,52,0,0
BRDA:525,52,1,0
BRDA:533,53,0,0
BRDA:535,54,0,0
BRDA:535,54,1,0
BRDA:565,55,0,0
BRDA:565,55,1,0
BRDA:569,56,0,0
BRDA:569,56,1,0
BRDA:577,57,0,0
BRDA:578,58,0,0
BRDA:578,58,1,0
BRF:108
BRH:0
end_of_record
TN:
SF:services\translateService.js
FN:10,(anonymous_0)
FN:18,(anonymous_1)
FN:25,(anonymous_2)
FN:88,(anonymous_3)
FN:132,(anonymous_4)
FN:154,(anonymous_5)
FN:179,(anonymous_6)
FN:202,(anonymous_7)
FN:227,(anonymous_8)
FN:344,(anonymous_9)
FN:372,(anonymous_10)
FNF:11
FNH:0
FNDA:0,(anonymous_0)
FNDA:0,(anonymous_1)
FNDA:0,(anonymous_2)
FNDA:0,(anonymous_3)
FNDA:0,(anonymous_4)
FNDA:0,(anonymous_5)
FNDA:0,(anonymous_6)
FNDA:0,(anonymous_7)
FNDA:0,(anonymous_8)
FNDA:0,(anonymous_9)
FNDA:0,(anonymous_10)
DA:11,0
DA:12,0
DA:19,0
DA:26,0
DA:27,0
DA:28,0
DA:37,0
DA:44,0
DA:45,0
DA:48,0
DA:50,0
DA:52,0
DA:61,0
DA:64,0
DA:65,0
DA:75,0
DA:89,0
DA:90,0
DA:91,0
DA:98,0
DA:109,0
DA:111,0
DA:120,0
DA:121,0
DA:133,0
DA:134,0
DA:135,0
DA:144,0
DA:154,0
DA:159,0
DA:165,0
DA:166,0
DA:180,0
DA:181,0
DA:182,0
DA:189,0
DA:196,0
DA:197,0
DA:200,0
DA:202,0
DA:208,0
DA:215,0
DA:216,0
DA:228,0
DA:338,0
DA:345,0
DA:373,0
DA:374,0
DA:380,0
DA:389,0
LF:50
LH:0
BRDA:11,0,0,0
BRDA:11,0,1,0
BRDA:25,1,0,0
BRDA:27,2,0,0
BRDA:27,2,1,0
BRDA:44,3,0,0
BRDA:44,3,1,0
BRDA:56,4,0,0
BRDA:56,4,1,0
BRDA:56,4,2,0
BRDA:61,5,0,0
BRDA:61,5,1,0
BRDA:64,6,0,0
BRDA:64,6,1,0
BRDA:64,7,0,0
BRDA:64,7,1,0
BRDA:68,8,0,0
BRDA:68,8,1,0
BRDA:78,9,0,0
BRDA:78,9,1,0
BRDA:90,10,0,0
BRDA:90,10,1,0
BRDA:120,11,0,0
BRDA:120,11,1,0
BRDA:124,12,0,0
BRDA:124,12,1,0
BRDA:132,13,0,0
BRDA:134,14,0,0
BRDA:134,14,1,0
BRDA:165,15,0,0
BRDA:165,15,1,0
BRDA:169,16,0,0
BRDA:169,16,1,0
BRDA:179,17,0,0
BRDA:181,18,0,0
BRDA:181,18,1,0
BRDA:196,19,0,0
BRDA:196,19,1,0
BRDA:215,20,0,0
BRDA:215,20,1,0
BRDA:219,21,0,0
BRDA:219,21,1,0
BRDA:338,22,0,0
BRDA:338,22,1,0
BRDA:372,23,0,0
BRDA:372,24,0,0
BRDA:373,25,0,0
BRDA:373,25,1,0
BRF:48
BRH:0
end_of_record
TN:
SF:services\weatherService.cached.js
FNF:0
FNH:0
LF:0
LH:0
BRF:0
BRH:0
end_of_record
TN:
SF:services\weatherService.js
FN:10,(anonymous_0)
FN:19,(anonymous_1)
FN:41,(anonymous_2)
FN:62,(anonymous_3)
FN:84,(anonymous_4)
FN:113,(anonymous_5)
FN:147,(anonymous_6)
FN:152,(anonymous_7)
FN:171,(anonymous_8)
FN:187,(anonymous_9)
FNF:10
FNH:0
FNDA:0,(anonymous_0)
FNDA:0,(anonymous_1)
FNDA:0,(anonymous_2)
FNDA:0,(anonymous_3)
FNDA:0,(anonymous_4)
FNDA:0,(anonymous_5)
FNDA:0,(anonymous_6)
FNDA:0,(anonymous_7)
FNDA:0,(anonymous_8)
FNDA:0,(anonymous_9)
DA:11,0
DA:12,0
DA:13,0
DA:20,0
DA:21,0
DA:23,0
DA:31,0
DA:33,0
DA:34,0
DA:42,0
DA:43,0
DA:52,0
DA:54,0
DA:55,0
DA:63,0
DA:64,0
DA:66,0
DA:74,0
DA:76,0
DA:77,0
DA:85,0
DA:86,0
DA:94,0
DA:95,0
DA:98,0
DA:105,0
DA:106,0
DA:114,0
DA:115,0
DA:116,0
DA:117,0
DA:118,0
DA:119,0
DA:120,0
DA:121,0
DA:124,0
DA:127,0
DA:148,0
DA:149,0
DA:152,0
DA:153,0
DA:154,0
DA:156,0
DA:157,0
DA:158,0
DA:170,0
DA:171,0
DA:172,0
DA:173,0
DA:176,0
DA:188,0
DA:193,0
LF:52
LH:0
BRDA:11,0,0,0
BRDA:11,0,1,0
BRDA:19,1,0,0
BRDA:33,2,0,0
BRDA:33,2,1,0
BRDA:41,3,0,0
BRDA:54,4,0,0
BRDA:54,4,1,0
BRDA:62,5,0,0
BRDA:76,6,0,0
BRDA:76,6,1,0
BRDA:94,7,0,0
BRDA:94,7,1,0
BRDA:156,8,0,0
BRDA:156,8,1,0
BRDA:156,9,0,0
BRDA:156,9,1,0
BRDA:172,10,0,0
BRDA:172,10,1,0
BRDA:188,11,0,0
BRDA:188,11,1,0
BRF:21
BRH:0
end_of_record
TN:
SF:services\wikipediaService.js
FN:10,(anonymous_0)
FN:18,(anonymous_1)
FN:42,(anonymous_2)
FN:63,(anonymous_3)
FN:91,(anonymous_4)
FN:124,(anonymous_5)
FN:147,(anonymous_6)
FN:167,(anonymous_7)
FN:210,(anonymous_8)
FN:223,(anonymous_9)
FN:229,(anonymous_10)
FNF:11
FNH:0
FNDA:0,(anonymous_0)
FNDA:0,(anonymous_1)
FNDA:0,(anonymous_2)
FNDA:0,(anonymous_3)
FNDA:0,(anonymous_4)
FNDA:0,(anonymous_5)
FNDA:0,(anonymous_6)
FNDA:0,(anonymous_7)
FNDA:0,(anonymous_8)
FNDA:0,(anonymous_9)
FNDA:0,(anonymous_10)
DA:11,0
DA:12,0
DA:19,0
DA:20,0
DA:22,0
DA:33,0
DA:35,0
DA:36,0
DA:42,0
DA:48,0
DA:55,0
DA:56,0
DA:64,0
DA:65,0
DA:67,0
DA:68,0
DA:71,0
DA:73,0
DA:83,0
DA:84,0
DA:92,0
DA:94,0
DA:96,0
DA:97,0
DA:104,0
DA:105,0
DA:107,0
DA:113,0
DA:114,0
DA:125,0
DA:126,0
DA:127,0
DA:129,0
DA:131,0
DA:139,0
DA:140,0
DA:148,0
DA:151,0
DA:154,0
DA:157,0
DA:158,0
DA:161,0
DA:168,0
DA:169,0
DA:180,0
DA:181,0
DA:182,0
DA:184,0
DA:185,0
DA:191,0
DA:193,0
DA:202,0
DA:203,0
DA:211,0
DA:212,0
DA:213,0
DA:214,0
DA:216,0
DA:220,0
DA:222,0
DA:223,0
DA:224,0
DA:227,0
DA:229,0
DA:236,0
DA:237,0
DA:243,0
LF:67
LH:0
BRDA:18,0,0,0
BRDA:35,1,0,0
BRDA:35,1,1,0
BRDA:77,2,0,0
BRDA:77,2,1,0
BRDA:78,3,0,0
BRDA:78,3,1,0
BRDA:96,4,0,0
BRDA:96,4,1,0
BRDA:96,5,0,0
BRDA:96,5,1,0
BRDA:134,6,0,0
BRDA:134,6,1,0
BRDA:135,7,0,0
BRDA:135,7,1,0
BRDA:147,8,0,0
BRDA:148,9,0,0
BRDA:148,9,1,0
BRDA:151,10,0,0
BRDA:151,10,1,0
BRDA:157,11,0,0
BRDA:157,11,1,0
BRDA:184,12,0,0
BRDA:184,12,1,0
BRF:24
BRH:0
end_of_record
TN:
SF:services\youtubeService.js
FN:10,(anonymous_0)
FN:18,(anonymous_1)
FN:25,(anonymous_2)
FN:49,(anonymous_3)
FN:96,(anonymous_4)
FN:157,(anonymous_5)
FN:214,(anonymous_6)
FN:235,(anonymous_7)
FN:264,(anonymous_8)
FN:285,(anonymous_9)
FN:316,(anonymous_10)
FN:335,(anonymous_11)
FN:352,(anonymous_12)
FN:359,(anonymous_13)
FNF:14
FNH:0
FNDA:0,(anonymous_0)
FNDA:0,(anonymous_1)
FNDA:0,(anonymous_2)
FNDA:0,(anonymous_3)
FNDA:0,(anonymous_4)
FNDA:0,(anonymous_5)
FNDA:0,(anonymous_6)
FNDA:0,(anonymous_7)
FNDA:0,(anonymous_8)
FNDA:0,(anonymous_9)
FNDA:0,(anonymous_10)
FNDA:0,(anonymous_11)
FNDA:0,(anonymous_12)
FNDA:0,(anonymous_13)
DA:11,0
DA:12,0
DA:19,0
DA:26,0
DA:27,0
DA:28,0
DA:37,0
DA:49,0
DA:59,0
DA:69,0
DA:72,0
DA:73,0
DA:83,0
DA:97,0
DA:98,0
DA:99,0
DA:107,0
DA:115,0
DA:116,0
DA:122,0
DA:124,0
DA:143,0
DA:144,0
DA:158,0
DA:159,0
DA:160,0
DA:168,0
DA:176,0
DA:177,0
DA:183,0
DA:185,0
DA:202,0
DA:203,0
DA:215,0
DA:216,0
DA:217,0
DA:225,0
DA:235,0
DA:243,0
DA:252,0
DA:253,0
DA:265,0
DA:266,0
DA:267,0
DA:275,0
DA:285,0
DA:297,0
DA:304,0
DA:305,0
DA:317,0
DA:319,0
DA:320,0
DA:321,0
DA:323,0
DA:336,0
DA:337,0
DA:338,0
DA:340,0
DA:341,0
DA:343,0
DA:344,0
DA:346,0
DA:353,0
DA:360,0
DA:361,0
DA:367,0
DA:376,0
LF:67
LH:0
BRDA:11,0,0,0
BRDA:11,0,1,0
BRDA:25,1,0,0
BRDA:27,2,0,0
BRDA:27,2,1,0
BRDA:64,3,0,0
BRDA:64,3,1,0
BRDA:69,4,0,0
BRDA:69,4,1,0
BRDA:72,5,0,0
BRDA:72,5,1,0
BRDA:72,6,0,0
BRDA:72,6,1,0
BRDA:76,7,0,0
BRDA:76,7,1,0
BRDA:86,8,0,0
BRDA:86,8,1,0
BRDA:98,9,0,0
BRDA:98,9,1,0
BRDA:115,10,0,0
BRDA:115,10,1,0
BRDA:143,11,0,0
BRDA:143,11,1,0
BRDA:147,12,0,0
BRDA:147,12,1,0
BRDA:159,13,0,0
BRDA:159,13,1,0
BRDA:176,14,0,0
BRDA:176,14,1,0
BRDA:202,15,0,0
BRDA:202,15,1,0
BRDA:206,16,0,0
BRDA:206,16,1,0
BRDA:214,17,0,0
BRDA:216,18,0,0
BRDA:216,18,1,0
BRDA:247,19,0,0
BRDA:247,19,1,0
BRDA:252,20,0,0
BRDA:252,20,1,0
BRDA:256,21,0,0
BRDA:256,21,1,0
BRDA:264,22,0,0
BRDA:264,23,0,0
BRDA:266,24,0,0
BRDA:266,24,1,0
BRDA:304,25,0,0
BRDA:304,25,1,0
BRDA:308,26,0,0
BRDA:308,26,1,0
BRDA:319,27,0,0
BRDA:319,27,1,0
BRDA:320,28,0,0
BRDA:320,28,1,0
BRDA:321,29,0,0
BRDA:321,29,1,0
BRDA:328,30,0,0
BRDA:328,30,1,0
BRDA:337,31,0,0
BRDA:337,31,1,0
BRDA:340,32,0,0
BRDA:340,32,1,0
BRDA:343,33,0,0
BRDA:343,33,1,0
BRDA:359,34,0,0
BRDA:360,35,0,0
BRDA:360,35,1,0
BRF:67
BRH:0
end_of_record
TN:
SF:utils\cache.enhanced.js
FN:13,(anonymous_0)
FN:23,(anonymous_1)
FN:36,(anonymous_2)
FN:51,(anonymous_3)
FN:56,(anonymous_4)
FN:66,(anonymous_5)
FN:83,(anonymous_6)
FN:121,(anonymous_7)
FN:150,(anonymous_8)
FN:169,(anonymous_9)
FN:203,(anonymous_10)
FN:221,(anonymous_11)
FN:247,(anonymous_12)
FN:265,(anonymous_13)
FN:290,(anonymous_14)
FN:308,(anonymous_15)
FN:313,(anonymous_16)
FN:318,(anonymous_17)
FN:323,(anonymous_18)
FN:328,(anonymous_19)
FN:333,(anonymous_20)
FN:338,(anonymous_21)
FN:345,(anonymous_22)
FN:346,(anonymous_23)
FN:360,(anonymous_24)
FN:381,(anonymous_25)
FN:389,(anonymous_26)
FN:397,(anonymous_27)
FN:405,(anonymous_28)
FN:413,(anonymous_29)
FN:421,(anonymous_30)
FNF:31
FNH:0
FNDA:0,(anonymous_0)
FNDA:0,(anonymous_1)
FNDA:0,(anonymous_2)
FNDA:0,(anonymous_3)
FNDA:0,(anonymous_4)
FNDA:0,(anonymous_5)
FNDA:0,(anonymous_6)
FNDA:0,(anonymous_7)
FNDA:0,(anonymous_8)
FNDA:0,(anonymous_9)
FNDA:0,(anonymous_10)
FNDA:0,(anonymous_11)
FNDA:0,(anonymous_12)
FNDA:0,(anonymous_13)
FNDA:0,(anonymous_14)
FNDA:0,(anonymous_15)
FNDA:0,(anonymous_16)
FNDA:0,(anonymous_17)
FNDA:0,(anonymous_18)
FNDA:0,(anonymous_19)
FNDA:0,(anonymous_20)
FNDA:0,(anonymous_21)
FNDA:0,(anonymous_22)
FNDA:0,(anonymous_23)
FNDA:0,(anonymous_24)
FNDA:0,(anonymous_25)
FNDA:0,(anonymous_26)
FNDA:0,(anonymous_27)
FNDA:0,(anonymous_28)
FNDA:0,(anonymous_29)
FNDA:0,(anonymous_30)
DA:14,0
DA:15,0
DA:16,0
DA:17,0
DA:25,0
DA:26,0
DA:27,0
DA:30,0
DA:31,0
DA:38,0
DA:39,0
DA:40,0
DA:42,0
DA:43,0
DA:49,0
DA:51,0
DA:52,0
DA:53,0
DA:56,0
DA:57,0
DA:59,0
DA:60,0
DA:66,0
DA:67,0
DA:68,0
DA:72,0
DA:84,0
DA:86,0
DA:87,0
DA:88,0
DA:89,0
DA:90,0
DA:95,0
DA:96,0
DA:97,0
DA:98,0
DA:99,0
DA:100,0
DA:103,0
DA:106,0
DA:107,0
DA:109,0
DA:110,0
DA:122,0
DA:123,0
DA:126,0
DA:127,0
DA:128,0
DA:132,0
DA:136,0
DA:138,0
DA:140,0
DA:141,0
DA:151,0
DA:152,0
DA:153,0
DA:155,0
DA:156,0
DA:157,0
DA:159,0
DA:160,0
DA:170,0
DA:171,0
DA:174,0
DA:175,0
DA:176,0
DA:177,0
DA:182,0
DA:183,0
DA:184,0
DA:185,0
DA:186,0
DA:190,0
DA:191,0
DA:193,0
DA:194,0
DA:204,0
DA:205,0
DA:206,0
DA:208,0
DA:210,0
DA:222,0
DA:224,0
DA:225,0
DA:226,0
DA:230,0
DA:233,0
DA:235,0
DA:237,0
DA:239,0
DA:248,0
DA:249,0
DA:250,0
DA:252,0
DA:253,0
DA:254,0
DA:256,0
DA:257,0
DA:266,0
DA:271,0
DA:272,0
DA:273,0
DA:274,0
DA:275,0
DA:280,0
DA:284,0
DA:291,0
DA:292,0
DA:294,0
DA:299,0
DA:304,0
DA:308,0
DA:313,0
DA:318,0
DA:323,0
DA:328,0
DA:333,0
DA:338,0
DA:345,0
DA:346,0
DA:347,0
DA:348,0
DA:349,0
DA:351,0
DA:352,0
DA:353,0
DA:357,0
DA:360,0
DA:362,0
DA:363,0
DA:366,0
DA:368,0
DA:369,0
DA:377,0
DA:382,0
DA:383,0
DA:390,0
DA:391,0
DA:398,0
DA:399,0
DA:406,0
DA:407,0
DA:414,0
DA:415,0
DA:422,0
DA:423,0
LF:146
LH:0
BRDA:25,0,0,0
BRDA:25,0,1,0
BRDA:32,1,0,0
BRDA:32,1,1,0
BRDA:33,2,0,0
BRDA:33,2,1,0
BRDA:34,3,0,0
BRDA:34,3,1,0
BRDA:35,4,0,0
BRDA:35,4,1,0
BRDA:38,5,0,0
BRDA:38,5,1,0
BRDA:59,6,0,0
BRDA:59,6,1,0
BRDA:59,7,0,0
BRDA:59,7,1,0
BRDA:86,8,0,0
BRDA:86,8,1,0
BRDA:88,9,0,0
BRDA:88,9,1,0
BRDA:96,10,0,0
BRDA:96,10,1,0
BRDA:98,11,0,0
BRDA:98,11,1,0
BRDA:98,12,0,0
BRDA:98,12,1,0
BRDA:121,13,0,0
BRDA:126,14,0,0
BRDA:126,14,1,0
BRDA:152,15,0,0
BRDA:152,15,1,0
BRDA:174,16,0,0
BRDA:174,16,1,0
BRDA:176,17,0,0
BRDA:176,17,1,0
BRDA:184,18,0,0
BRDA:184,18,1,0
BRDA:205,19,0,0
BRDA:205,19,1,0
BRDA:221,20,0,0
BRDA:225,21,0,0
BRDA:225,21,1,0
BRDA:249,22,0,0
BRDA:249,22,1,0
BRDA:271,23,0,0
BRDA:271,23,1,0
BRDA:291,24,0,0
BRDA:291,24,1,0
BRDA:313,25,0,0
BRDA:345,26,0,0
BRDA:351,27,0,0
BRDA:351,27,1,0
BRF:52
BRH:0
end_of_record
TN:
SF:utils\cache.js
FNF:0
FNH:0
LF:0
LH:0
BRF:0
BRH:0
end_of_record
TN:
SF:utils\logger.enhanced.js
FN:34,(anonymous_0)
FN:53,(anonymous_1)
FN:112,(anonymous_2)
FN:116,(anonymous_3)
FN:148,(anonymous_4)
FN:159,(anonymous_5)
FN:171,(anonymous_6)
FN:183,(anonymous_7)
FN:194,(anonymous_8)
FN:206,(anonymous_9)
FN:217,(anonymous_10)
FN:228,(anonymous_11)
FN:239,(anonymous_12)
FN:253,(anonymous_13)
FN:258,(anonymous_14)
FN:272,(anonymous_15)
FN:274,(anonymous_16)
FN:275,(anonymous_17)
FN:276,(anonymous_18)
FN:277,(anonymous_19)
FN:278,(anonymous_20)
FNF:21
FNH:0
FNDA:0,(anonymous_0)
FNDA:0,(anonymous_1)
FNDA:0,(anonymous_2)
FNDA:0,(anonymous_3)
FNDA:0,(anonymous_4)
FNDA:0,(anonymous_5)
FNDA:0,(anonymous_6)
FNDA:0,(anonymous_7)
FNDA:0,(anonymous_8)
FNDA:0,(anonymous_9)
FNDA:0,(anonymous_10)
FNDA:0,(anonymous_11)
FNDA:0,(anonymous_12)
FNDA:0,(anonymous_13)
FNDA:0,(anonymous_14)
FNDA:0,(anonymous_15)
FNDA:0,(anonymous_16)
FNDA:0,(anonymous_17)
FNDA:0,(anonymous_18)
FNDA:0,(anonymous_19)
FNDA:0,(anonymous_20)
DA:10,0
DA:11,0
DA:14,0
DA:23,0
DA:31,0
DA:34,0
DA:35,0
DA:36,0
DA:37,0
DA:41,0
DA:49,0
DA:54,0
DA:55,0
DA:56,0
DA:62,0
DA:65,0
DA:88,0
DA:89,0
DA:100,0
DA:112,0
DA:113,0
DA:116,0
DA:117,0
DA:118,0
DA:129,0
DA:130,0
DA:131,0
DA:132,0
DA:134,0
DA:138,0
DA:144,0
DA:149,0
DA:160,0
DA:172,0
DA:184,0
DA:195,0
DA:196,0
DA:207,0
DA:218,0
DA:229,0
DA:240,0
DA:254,0
DA:255,0
DA:259,0
DA:260,0
DA:265,0
DA:272,0
DA:273,0
DA:274,0
DA:275,0
DA:276,0
DA:277,0
DA:278,0
LF:53
LH:0
BRDA:35,0,0,0
BRDA:35,0,1,0
BRDA:37,1,0,0
BRDA:37,1,1,0
BRDA:37,2,0,0
BRDA:37,2,1,0
BRDA:55,3,0,0
BRDA:55,3,1,0
BRDA:88,4,0,0
BRDA:88,4,1,0
BRDA:129,5,0,0
BRDA:129,5,1,0
BRDA:131,6,0,0
BRDA:131,6,1,0
BRDA:148,7,0,0
BRDA:183,8,0,0
BRDA:194,9,0,0
BRDA:195,10,0,0
BRDA:195,10,1,0
BRDA:206,11,0,0
BRDA:217,12,0,0
BRDA:221,13,0,0
BRDA:221,13,1,0
BRDA:221,14,0,0
BRDA:221,14,1,0
BRDA:232,15,0,0
BRDA:232,15,1,0
BRDA:258,16,0,0
BRDA:274,17,0,0
BRDA:275,18,0,0
BRDA:276,19,0,0
BRDA:277,20,0,0
BRDA:278,21,0,0
BRF:33
BRH:0
end_of_record
TN:
SF:utils\logger.js
FNF:0
FNH:0
LF:0
LH:0
BRF:0
BRH:0
end_of_record
TN:
SF:utils\security.js
FN:14,(anonymous_0)
FN:23,(anonymous_1)
FN:33,(anonymous_2)
FN:62,(anonymous_3)
FN:91,(anonymous_4)
FN:95,(anonymous_5)
FN:96,(anonymous_6)
FN:109,(anonymous_7)
FN:112,(anonymous_8)
FN:113,(anonymous_9)
FN:126,(anonymous_10)
FN:145,(anonymous_11)
FN:154,(anonymous_12)
FN:168,(anonymous_13)
FN:183,(anonymous_14)
FN:193,(anonymous_15)
FN:206,(anonymous_16)
FN:237,(anonymous_17)
FN:238,(anonymous_18)
FN:254,(anonymous_19)
FNF:20
FNH:0
FNDA:0,(anonymous_0)
FNDA:0,(anonymous_1)
FNDA:0,(anonymous_2)
FNDA:0,(anonymous_3)
FNDA:0,(anonymous_4)
FNDA:0,(anonymous_5)
FNDA:0,(anonymous_6)
FNDA:0,(anonymous_7)
FNDA:0,(anonymous_8)
FNDA:0,(anonymous_9)
FNDA:0,(anonymous_10)
FNDA:0,(anonymous_11)
FNDA:0,(anonymous_12)
FNDA:0,(anonymous_13)
FNDA:0,(anonymous_14)
FNDA:0,(anonymous_15)
FNDA:0,(anonymous_16)
FNDA:0,(anonymous_17)
FNDA:0,(anonymous_18)
FNDA:0,(anonymous_19)
DA:14,0
DA:15,0
DA:23,0
DA:24,0
DA:33,0
DA:34,0
DA:35,0
DA:38,0
DA:39,0
DA:40,0
DA:42,0
DA:44,0
DA:45,0
DA:47,0
DA:49,0
DA:62,0
DA:63,0
DA:64,0
DA:67,0
DA:68,0
DA:69,0
DA:71,0
DA:77,0
DA:79,0
DA:80,0
DA:82,0
DA:91,0
DA:92,0
DA:93,0
DA:95,0
DA:96,0
DA:97,0
DA:98,0
DA:109,0
DA:110,0
DA:112,0
DA:113,0
DA:114,0
DA:115,0
DA:126,0
DA:127,0
DA:129,0
DA:130,0
DA:133,0
DA:145,0
DA:146,0
DA:154,0
DA:155,0
DA:157,0
DA:168,0
DA:169,0
DA:171,0
DA:183,0
DA:184,0
DA:185,0
DA:193,0
DA:194,0
DA:204,0
DA:206,0
DA:207,0
DA:209,0
DA:210,0
DA:214,0
DA:217,0
DA:218,0
DA:219,0
DA:221,0
DA:222,0
DA:224,0
DA:225,0
DA:226,0
DA:229,0
DA:237,0
DA:238,0
DA:240,0
DA:241,0
DA:254,0
DA:255,0
DA:256,0
DA:259,0
DA:260,0
DA:261,0
DA:263,0
LF:83
LH:0
BRDA:14,0,0,0
BRDA:33,1,0,0
BRDA:34,2,0,0
BRDA:34,2,1,0
BRDA:34,3,0,0
BRDA:34,3,1,0
BRDA:62,4,0,0
BRDA:63,5,0,0
BRDA:63,5,1,0
BRDA:63,6,0,0
BRDA:63,6,1,0
BRDA:91,7,0,0
BRDA:97,8,0,0
BRDA:97,8,1,0
BRDA:114,9,0,0
BRDA:114,9,1,0
BRDA:126,10,0,0
BRDA:129,11,0,0
BRDA:129,11,1,0
BRDA:129,12,0,0
BRDA:129,12,1,0
BRDA:169,13,0,0
BRDA:169,13,1,0
BRDA:183,14,0,0
BRDA:206,15,0,0
BRDA:206,16,0,0
BRDA:209,17,0,0
BRDA:209,17,1,0
BRDA:224,18,0,0
BRDA:224,18,1,0
BRDA:240,19,0,0
BRDA:240,19,1,0
BRDA:254,20,0,0
BRDA:255,21,0,0
BRDA:255,21,1,0
BRDA:255,22,0,0
BRDA:255,22,1,0
BRF:37
BRH:0
end_of_record
